This file contains any messages produced by compilers while
running configure, to aid debugging if configure makes a mistake.

It was created by configure, which was
generated by GNU Autoconf 2.64.  Invocation command line was

  $ /home/arthur/coding/minix/external/gpl3/binutils/dist/bfd/configure --cache-file=./config.cache --with-gnu-as --with-gnu-ld --with-system-zlib --disable-nls --disable-werror --with-pkgversion=NetBSD Binutils nb1 --with-bugurl=http://www.NetBSD.org/support/send-pr.html --with-lib-path==/usr/lib --with-sysroot --enable-lto --enable-plugins --enable-ld=default --enable-gold=yes --prefix=/home/arthur/coding/minix/./obj.i386/tooldir.Linux-3.16.0-4-amd64-x86_64 --program-transform-name=s,^,i586-elf32-minix-, --disable-option-checking --build=x86_64-unknown-linux-gnu --host=x86_64-unknown-linux-gnu --target=i586-elf32-minix --srcdir=/home/arthur/coding/minix/tools/binutils/../../external/gpl3/binutils/dist/bfd

## --------- ##
## Platform. ##
## --------- ##

hostname = dent
uname -m = x86_64
uname -r = 3.16.0-4-amd64
uname -s = Linux
uname -v = #1 SMP Debian 3.16.7-ckt7-1 (2015-03-01)

/usr/bin/uname -p = unknown
/bin/uname -X     = unknown

/bin/arch              = unknown
/usr/bin/arch -k       = unknown
/usr/convex/getsysinfo = unknown
/usr/bin/hostinfo      = unknown
/bin/machine           = unknown
/usr/bin/oslevel       = unknown
/bin/universe          = unknown

PATH: /home/arthur/coding/minix/./obj.i386/tooldir.Linux-3.16.0-4-amd64-x86_64/bin
PATH: /bin
PATH: /sbin
PATH: /usr/bin
PATH: /usr/sbin
PATH: /usr/local/bin
PATH: /usr/local/sbin
PATH: /usr/local/bin
PATH: /usr/bin
PATH: /bin
PATH: /usr/local/games
PATH: /usr/games
PATH: /home/jacob/protect
PATH: /home/jacob/protect


## ----------- ##
## Core tests. ##
## ----------- ##

configure:2458: creating cache ./config.cache
configure:2563: checking build system type
configure:2577: result: x86_64-unknown-linux-gnu
configure:2597: checking host system type
configure:2610: result: x86_64-unknown-linux-gnu
configure:2630: checking target system type
configure:2643: result: i586-elf32-minix
configure:2677: checking for x86_64-unknown-linux-gnu-gcc
configure:2704: result: cc
configure:2973: checking for C compiler version
configure:2982: cc --version >&5
cc (Debian 4.9.2-10) 4.9.2
Copyright (C) 2014 Free Software Foundation, Inc.
This is free software; see the source for copying conditions.  There is NO
warranty; not even for MERCHANTABILITY or FITNESS FOR A PARTICULAR PURPOSE.

configure:2993: $? = 0
configure:2982: cc -v >&5
Using built-in specs.
COLLECT_GCC=cc
COLLECT_LTO_WRAPPER=/usr/lib/gcc/x86_64-linux-gnu/4.9/lto-wrapper
Target: x86_64-linux-gnu
Configured with: ../src/configure -v --with-pkgversion='Debian 4.9.2-10' --with-bugurl=file:///usr/share/doc/gcc-4.9/README.Bugs --enable-languages=c,c++,java,go,d,fortran,objc,obj-c++ --prefix=/usr --program-suffix=-4.9 --enable-shared --enable-linker-build-id --libexecdir=/usr/lib --without-included-gettext --enable-threads=posix --with-gxx-include-dir=/usr/include/c++/4.9 --libdir=/usr/lib --enable-nls --with-sysroot=/ --enable-clocale=gnu --enable-libstdcxx-debug --enable-libstdcxx-time=yes --enable-gnu-unique-object --disable-vtable-verify --enable-plugin --with-system-zlib --disable-browser-plugin --enable-java-awt=gtk --enable-gtk-cairo --with-java-home=/usr/lib/jvm/java-1.5.0-gcj-4.9-amd64/jre --enable-java-home --with-jvm-root-dir=/usr/lib/jvm/java-1.5.0-gcj-4.9-amd64 --with-jvm-jar-dir=/usr/lib/jvm-exports/java-1.5.0-gcj-4.9-amd64 --with-arch-directory=amd64 --with-ecj-jar=/usr/share/java/eclipse-ecj.jar --enable-objc-gc --enable-multiarch --with-arch-32=i586 --with-abi=m64 --with-multilib-list=m32,m64,mx32 --enable-multilib --with-tune=generic --enable-checking=release --build=x86_64-linux-gnu --host=x86_64-linux-gnu --target=x86_64-linux-gnu
Thread model: posix
gcc version 4.9.2 (Debian 4.9.2-10) 
configure:2993: $? = 0
configure:2982: cc -V >&5
cc: error: unrecognized command line option '-V'
cc: fatal error: no input files
compilation terminated.
configure:2993: $? = 4
configure:2982: cc -qversion >&5
cc: error: unrecognized command line option '-qversion'
cc: fatal error: no input files
compilation terminated.
configure:2993: $? = 4
configure:3013: checking for C compiler default output file name
configure:3035: cc -O    conftest.c  >&5
configure:3039: $? = 0
configure:3076: result: a.out
configure:3092: checking whether the C compiler works
configure:3101: ./a.out
configure:3105: $? = 0
configure:3120: result: yes
configure:3127: checking whether we are cross compiling
configure:3129: result: no
configure:3132: checking for suffix of executables
configure:3139: cc -o conftest -O    conftest.c  >&5
configure:3143: $? = 0
configure:3165: result: 
configure:3171: checking for suffix of object files
configure:3193: cc -c -O  conftest.c >&5
configure:3197: $? = 0
configure:3218: result: o
configure:3222: checking whether we are using the GNU C compiler
configure:3241: cc -c -O  conftest.c >&5
configure:3241: $? = 0
configure:3250: result: yes
configure:3259: checking whether cc accepts -g
configure:3279: cc -c -g  conftest.c >&5
configure:3279: $? = 0
configure:3320: result: yes
configure:3337: checking for cc option to accept ISO C89
configure:3401: cc  -c -O  conftest.c >&5
configure:3401: $? = 0
configure:3414: result: none needed
configure:3435: checking for library containing strerror
configure:3466: cc -o conftest -O    conftest.c  >&5
configure:3466: $? = 0
configure:3483: result: none required
configure:3508: checking for a BSD-compatible install
configure:3576: result: /home/arthur/coding/minix/./obj.i386/tooldir.Linux-3.16.0-4-amd64-x86_64/bin/i586-elf32-minix-install -c -p -r
configure:3587: checking whether build environment is sane
configure:3637: result: yes
configure:3778: checking for a thread-safe mkdir -p
configure:3817: result: /home/arthur/coding/minix/./obj.i386/tooldir.Linux-3.16.0-4-amd64-x86_64/bin/i586-elf32-minix-install -d -p
configure:3830: checking for gawk
configure:3857: result: /home/arthur/coding/minix/./obj.i386/tooldir.Linux-3.16.0-4-amd64-x86_64/bin/nbawk
configure:3868: checking whether /home/arthur/coding/minix/./obj.i386/tooldir.Linux-3.16.0-4-amd64-x86_64/bin/nbmake sets $(MAKE)
configure:3894: result: no
configure:3920: checking for style of include used by /home/arthur/coding/minix/./obj.i386/tooldir.Linux-3.16.0-4-amd64-x86_64/bin/nbmake
configure:3948: result: none
configure:4033: checking dependency style of cc
configure:4143: result: none
configure:4163: checking for x86_64-unknown-linux-gnu-ar
configure:4190: result: ar
configure:4255: checking for x86_64-unknown-linux-gnu-ranlib
configure:4282: result: ranlib
configure:4385: checking for x86_64-unknown-linux-gnu-gcc
configure:4412: result: cc
configure:4681: checking for C compiler version
configure:4690: cc --version >&5
cc (Debian 4.9.2-10) 4.9.2
Copyright (C) 2014 Free Software Foundation, Inc.
This is free software; see the source for copying conditions.  There is NO
warranty; not even for MERCHANTABILITY or FITNESS FOR A PARTICULAR PURPOSE.

configure:4701: $? = 0
configure:4690: cc -v >&5
Using built-in specs.
COLLECT_GCC=cc
COLLECT_LTO_WRAPPER=/usr/lib/gcc/x86_64-linux-gnu/4.9/lto-wrapper
Target: x86_64-linux-gnu
Configured with: ../src/configure -v --with-pkgversion='Debian 4.9.2-10' --with-bugurl=file:///usr/share/doc/gcc-4.9/README.Bugs --enable-languages=c,c++,java,go,d,fortran,objc,obj-c++ --prefix=/usr --program-suffix=-4.9 --enable-shared --enable-linker-build-id --libexecdir=/usr/lib --without-included-gettext --enable-threads=posix --with-gxx-include-dir=/usr/include/c++/4.9 --libdir=/usr/lib --enable-nls --with-sysroot=/ --enable-clocale=gnu --enable-libstdcxx-debug --enable-libstdcxx-time=yes --enable-gnu-unique-object --disable-vtable-verify --enable-plugin --with-system-zlib --disable-browser-plugin --enable-java-awt=gtk --enable-gtk-cairo --with-java-home=/usr/lib/jvm/java-1.5.0-gcj-4.9-amd64/jre --enable-java-home --with-jvm-root-dir=/usr/lib/jvm/java-1.5.0-gcj-4.9-amd64 --with-jvm-jar-dir=/usr/lib/jvm-exports/java-1.5.0-gcj-4.9-amd64 --with-arch-directory=amd64 --with-ecj-jar=/usr/share/java/eclipse-ecj.jar --enable-objc-gc --enable-multiarch --with-arch-32=i586 --with-abi=m64 --with-multilib-list=m32,m64,mx32 --enable-multilib --with-tune=generic --enable-checking=release --build=x86_64-linux-gnu --host=x86_64-linux-gnu --target=x86_64-linux-gnu
Thread model: posix
gcc version 4.9.2 (Debian 4.9.2-10) 
configure:4701: $? = 0
configure:4690: cc -V >&5
cc: error: unrecognized command line option '-V'
cc: fatal error: no input files
compilation terminated.
configure:4701: $? = 4
configure:4690: cc -qversion >&5
cc: error: unrecognized command line option '-qversion'
cc: fatal error: no input files
compilation terminated.
configure:4701: $? = 4
configure:4705: checking whether we are using the GNU C compiler
configure:4733: result: yes
configure:4742: checking whether cc accepts -g
configure:4803: result: yes
configure:4820: checking for cc option to accept ISO C89
configure:4897: result: none needed
configure:4922: checking how to run the C preprocessor
configure:4953: cc -E  conftest.c
configure:4953: $? = 0
configure:4967: cc -E  conftest.c
conftest.c:11:28: fatal error: ac_nonexistent.h: No such file or directory
 #include <ac_nonexistent.h>
                            ^
compilation terminated.
configure:4967: $? = 1
configure: failed program was:
| /* confdefs.h */
| #define PACKAGE_NAME ""
| #define PACKAGE_TARNAME ""
| #define PACKAGE_VERSION ""
| #define PACKAGE_STRING ""
| #define PACKAGE_BUGREPORT ""
| #define PACKAGE_URL ""
| #define PACKAGE "bfd"
| #define VERSION "2.23.2"
| /* end confdefs.h.  */
| #include <ac_nonexistent.h>
configure:4992: result: cc -E
configure:5012: cc -E  conftest.c
configure:5012: $? = 0
configure:5026: cc -E  conftest.c
conftest.c:11:28: fatal error: ac_nonexistent.h: No such file or directory
 #include <ac_nonexistent.h>
                            ^
compilation terminated.
configure:5026: $? = 1
configure: failed program was:
| /* confdefs.h */
| #define PACKAGE_NAME ""
| #define PACKAGE_TARNAME ""
| #define PACKAGE_VERSION ""
| #define PACKAGE_STRING ""
| #define PACKAGE_BUGREPORT ""
| #define PACKAGE_URL ""
| #define PACKAGE "bfd"
| #define VERSION "2.23.2"
| /* end confdefs.h.  */
| #include <ac_nonexistent.h>
configure:5055: checking for grep that handles long lines and -e
configure:5113: result: /bin/grep
configure:5118: checking for egrep
configure:5180: result: /bin/grep -E
configure:5185: checking for ANSI C header files
configure:5205: cc -c -O  conftest.c >&5
configure:5205: $? = 0
configure:5278: cc -o conftest -O    conftest.c  >&5
configure:5278: $? = 0
configure:5278: ./conftest
configure:5278: $? = 0
configure:5289: result: yes
configure:5302: checking for sys/types.h
configure:5302: cc -c -O  conftest.c >&5
configure:5302: $? = 0
configure:5302: result: yes
configure:5302: checking for sys/stat.h
configure:5302: cc -c -O  conftest.c >&5
configure:5302: $? = 0
configure:5302: result: yes
configure:5302: checking for stdlib.h
configure:5302: cc -c -O  conftest.c >&5
configure:5302: $? = 0
configure:5302: result: yes
configure:5302: checking for string.h
configure:5302: cc -c -O  conftest.c >&5
configure:5302: $? = 0
configure:5302: result: yes
configure:5302: checking for memory.h
configure:5302: cc -c -O  conftest.c >&5
configure:5302: $? = 0
configure:5302: result: yes
configure:5302: checking for strings.h
configure:5302: cc -c -O  conftest.c >&5
configure:5302: $? = 0
configure:5302: result: yes
configure:5302: checking for inttypes.h
configure:5302: cc -c -O  conftest.c >&5
configure:5302: $? = 0
configure:5302: result: yes
configure:5302: checking for stdint.h
configure:5302: cc -c -O  conftest.c >&5
configure:5302: $? = 0
configure:5302: result: yes
configure:5302: checking for unistd.h
configure:5302: cc -c -O  conftest.c >&5
configure:5302: $? = 0
configure:5302: result: yes
configure:5316: checking minix/config.h usability
configure:5316: cc -c -O  conftest.c >&5
conftest.c:54:26: fatal error: minix/config.h: No such file or directory
 #include <minix/config.h>
                          ^
compilation terminated.
configure:5316: $? = 1
configure: failed program was:
| /* confdefs.h */
| #define PACKAGE_NAME ""
| #define PACKAGE_TARNAME ""
| #define PACKAGE_VERSION ""
| #define PACKAGE_STRING ""
| #define PACKAGE_BUGREPORT ""
| #define PACKAGE_URL ""
| #define PACKAGE "bfd"
| #define VERSION "2.23.2"
| #define STDC_HEADERS 1
| #define HAVE_SYS_TYPES_H 1
| #define HAVE_SYS_STAT_H 1
| #define HAVE_STDLIB_H 1
| #define HAVE_STRING_H 1
| #define HAVE_MEMORY_H 1
| #define HAVE_STRINGS_H 1
| #define HAVE_INTTYPES_H 1
| #define HAVE_STDINT_H 1
| #define HAVE_UNISTD_H 1
| /* end confdefs.h.  */
| #include <stdio.h>
| #ifdef HAVE_SYS_TYPES_H
| # include <sys/types.h>
| #endif
| #ifdef HAVE_SYS_STAT_H
| # include <sys/stat.h>
| #endif
| #ifdef STDC_HEADERS
| # include <stdlib.h>
| # include <stddef.h>
| #else
| # ifdef HAVE_STDLIB_H
| #  include <stdlib.h>
| # endif
| #endif
| #ifdef HAVE_STRING_H
| # if !defined STDC_HEADERS && defined HAVE_MEMORY_H
| #  include <memory.h>
| # endif
| # include <string.h>
| #endif
| #ifdef HAVE_STRINGS_H
| # include <strings.h>
| #endif
| #ifdef HAVE_INTTYPES_H
| # include <inttypes.h>
| #endif
| #ifdef HAVE_STDINT_H
| # include <stdint.h>
| #endif
| #ifdef HAVE_UNISTD_H
| # include <unistd.h>
| #endif
| #include <minix/config.h>
configure:5316: result: no
configure:5316: checking minix/config.h presence
configure:5316: cc -E  conftest.c
conftest.c:21:26: fatal error: minix/config.h: No such file or directory
 #include <minix/config.h>
                          ^
compilation terminated.
configure:5316: $? = 1
configure: failed program was:
| /* confdefs.h */
| #define PACKAGE_NAME ""
| #define PACKAGE_TARNAME ""
| #define PACKAGE_VERSION ""
| #define PACKAGE_STRING ""
| #define PACKAGE_BUGREPORT ""
| #define PACKAGE_URL ""
| #define PACKAGE "bfd"
| #define VERSION "2.23.2"
| #define STDC_HEADERS 1
| #define HAVE_SYS_TYPES_H 1
| #define HAVE_SYS_STAT_H 1
| #define HAVE_STDLIB_H 1
| #define HAVE_STRING_H 1
| #define HAVE_MEMORY_H 1
| #define HAVE_STRINGS_H 1
| #define HAVE_INTTYPES_H 1
| #define HAVE_STDINT_H 1
| #define HAVE_UNISTD_H 1
| /* end confdefs.h.  */
| #include <minix/config.h>
configure:5316: result: no
configure:5316: checking for minix/config.h
configure:5316: result: no
configure:5337: checking whether it is safe to define __EXTENSIONS__
configure:5355: cc -c -O  conftest.c >&5
configure:5355: $? = 0
configure:5362: result: yes
configure:5425: checking how to print strings
configure:5452: result: printf
configure:5473: checking for a sed that does not truncate output
configure:5537: result: /bin/sed
configure:5555: checking for fgrep
configure:5617: result: /bin/grep -F
configure:5652: checking for ld used by cc
configure:5719: result: ld
configure:5726: checking if the linker (ld) is GNU ld
configure:5741: result: yes
configure:5753: checking for BSD- or MS-compatible name lister (nm)
configure:5802: result: nm
configure:5932: checking the name lister (nm) interface
configure:5939: cc -c -O  conftest.c >&5
configure:5942: nm "conftest.o"
configure:5945: output
0000000000000000 B some_variable
configure:5952: result: BSD nm
configure:5955: checking whether ln -s works
configure:5959: result: yes
configure:5967: checking the maximum length of command line arguments
configure:6092: result: 1572864
configure:6109: checking whether the shell understands some XSI constructs
configure:6119: result: yes
configure:6123: checking whether the shell understands "+="
configure:6129: result: no
configure:6164: checking for ld option to reload object files
configure:6171: result: -r
configure:6200: checking for x86_64-unknown-linux-gnu-objdump
configure:6227: result: objdump
configure:6299: checking how to recognize dependent libraries
configure:6500: result: pass_all
configure:6520: checking for x86_64-unknown-linux-gnu-ar
configure:6547: result: ar
configure:6625: checking for x86_64-unknown-linux-gnu-strip
configure:6655: result: no
configure:6665: checking for strip
configure:6681: found /usr/bin/strip
configure:6692: result: strip
configure:6724: checking for x86_64-unknown-linux-gnu-ranlib
configure:6751: result: ranlib
configure:6893: checking command to parse nm output from cc object
configure:7011: cc -c -O  conftest.c >&5
configure:7014: $? = 0
configure:7018: nm conftest.o \| sed -n -e 's/^.*[ ]\([ABCDGIRSTW][ABCDGIRSTW]*\)[ ][ ]*\([_A-Za-z][_A-Za-z0-9]*\)$/  /p' \> conftest.nm
configure:7021: $? = 0
configure:7075: cc -o conftest -O    conftest.c conftstm.o >&5
configure:7078: $? = 0
configure:7116: result: ok
configure:7211: cc -c -O  conftest.c >&5
configure:7214: $? = 0
configure:7951: checking for dlfcn.h
configure:7951: cc -c -O  conftest.c >&5
configure:7951: $? = 0
configure:7951: result: yes
configure:8107: checking for objdir
configure:8122: result: .libs
configure:8393: checking if cc supports -fno-rtti -fno-exceptions
configure:8411: cc -c -O  -fno-rtti -fno-exceptions conftest.c >&5
cc1: warning: command line option '-fno-rtti' is valid for C++/ObjC++ but not for C
configure:8415: $? = 0
configure:8428: result: no
configure:8448: checking for cc option to produce PIC
configure:8733: result: -fPIC -DPIC
configure:8745: checking if cc PIC flag -fPIC -DPIC works
configure:8763: cc -c -O  -fPIC -DPIC -DPIC conftest.c >&5
configure:8767: $? = 0
configure:8780: result: yes
configure:8804: checking if cc static flag -static works
configure:8832: result: yes
configure:8847: checking if cc supports -c -o file.o
configure:8868: cc -c -O  -o out/conftest2.o conftest.c >&5
configure:8872: $? = 0
configure:8894: result: yes
configure:8902: checking if cc supports -c -o file.o
configure:8949: result: yes
configure:8982: checking whether the cc linker (ld -m elf_x86_64) supports shared libraries
configure:10053: result: yes
configure:10298: checking dynamic linker characteristics
configure:10749: cc -o conftest -O    -Wl,-rpath -Wl,/foo conftest.c  >&5
configure:10749: $? = 0
configure:10971: result: GNU/Linux ld.so
configure:11078: checking how to hardcode library paths into programs
configure:11103: result: immediate
configure:11197: checking for shl_load
configure:11197: cc -o conftest -O    conftest.c  >&5
/tmp/cczSN3Li.o: In function `main':
conftest.c:(.text+0xa): undefined reference to `shl_load'
collect2: error: ld returned 1 exit status
configure:11197: $? = 1
configure: failed program was:
| /* confdefs.h */
| #define PACKAGE_NAME ""
| #define PACKAGE_TARNAME ""
| #define PACKAGE_VERSION ""
| #define PACKAGE_STRING ""
| #define PACKAGE_BUGREPORT ""
| #define PACKAGE_URL ""
| #define PACKAGE "bfd"
| #define VERSION "2.23.2"
| #define STDC_HEADERS 1
| #define HAVE_SYS_TYPES_H 1
| #define HAVE_SYS_STAT_H 1
| #define HAVE_STDLIB_H 1
| #define HAVE_STRING_H 1
| #define HAVE_MEMORY_H 1
| #define HAVE_STRINGS_H 1
| #define HAVE_INTTYPES_H 1
| #define HAVE_STDINT_H 1
| #define HAVE_UNISTD_H 1
| #define __EXTENSIONS__ 1
| #define _ALL_SOURCE 1
| #define _GNU_SOURCE 1
| #define _POSIX_PTHREAD_SEMANTICS 1
| #define _TANDEM_SOURCE 1
| #define HAVE_DLFCN_H 1
| #define LT_OBJDIR ".libs/"
| /* end confdefs.h.  */
| /* Define shl_load to an innocuous variant, in case <limits.h> declares shl_load.
|    For example, HP-UX 11i <limits.h> declares gettimeofday.  */
| #define shl_load innocuous_shl_load
| 
| /* System header to define __stub macros and hopefully few prototypes,
|     which can conflict with char shl_load (); below.
|     Prefer <limits.h> to <assert.h> if __STDC__ is defined, since
|     <limits.h> exists even on freestanding compilers.  */
| 
| #ifdef __STDC__
| # include <limits.h>
| #else
| # include <assert.h>
| #endif
| 
| #undef shl_load
| 
| /* Override any GCC internal prototype to avoid an error.
|    Use char because int might match the return type of a GCC
|    builtin and then its argument prototype would still apply.  */
| #ifdef __cplusplus
| extern "C"
| #endif
| char shl_load ();
| /* The GNU C library defines this for functions which it implements
|     to always fail with ENOSYS.  Some functions are actually named
|     something starting with __ and the normal name is an alias.  */
| #if defined __stub_shl_load || defined __stub___shl_load
| choke me
| #endif
| 
| int
| main ()
| {
| return shl_load ();
|   ;
|   return 0;
| }
configure:11197: result: no
configure:11201: checking for shl_load in -ldld
configure:11226: cc -o conftest -O    conftest.c -ldld   >&5
/usr/bin/ld: cannot find -ldld
collect2: error: ld returned 1 exit status
configure:11226: $? = 1
configure: failed program was:
| /* confdefs.h */
| #define PACKAGE_NAME ""
| #define PACKAGE_TARNAME ""
| #define PACKAGE_VERSION ""
| #define PACKAGE_STRING ""
| #define PACKAGE_BUGREPORT ""
| #define PACKAGE_URL ""
| #define PACKAGE "bfd"
| #define VERSION "2.23.2"
| #define STDC_HEADERS 1
| #define HAVE_SYS_TYPES_H 1
| #define HAVE_SYS_STAT_H 1
| #define HAVE_STDLIB_H 1
| #define HAVE_STRING_H 1
| #define HAVE_MEMORY_H 1
| #define HAVE_STRINGS_H 1
| #define HAVE_INTTYPES_H 1
| #define HAVE_STDINT_H 1
| #define HAVE_UNISTD_H 1
| #define __EXTENSIONS__ 1
| #define _ALL_SOURCE 1
| #define _GNU_SOURCE 1
| #define _POSIX_PTHREAD_SEMANTICS 1
| #define _TANDEM_SOURCE 1
| #define HAVE_DLFCN_H 1
| #define LT_OBJDIR ".libs/"
| /* end confdefs.h.  */
| 
| /* Override any GCC internal prototype to avoid an error.
|    Use char because int might match the return type of a GCC
|    builtin and then its argument prototype would still apply.  */
| #ifdef __cplusplus
| extern "C"
| #endif
| char shl_load ();
| int
| main ()
| {
| return shl_load ();
|   ;
|   return 0;
| }
configure:11235: result: no
configure:11240: checking for dlopen
configure:11240: cc -o conftest -O    conftest.c  >&5
/tmp/ccUvB4Vo.o: In function `main':
conftest.c:(.text+0xa): undefined reference to `dlopen'
collect2: error: ld returned 1 exit status
configure:11240: $? = 1
configure: failed program was:
| /* confdefs.h */
| #define PACKAGE_NAME ""
| #define PACKAGE_TARNAME ""
| #define PACKAGE_VERSION ""
| #define PACKAGE_STRING ""
| #define PACKAGE_BUGREPORT ""
| #define PACKAGE_URL ""
| #define PACKAGE "bfd"
| #define VERSION "2.23.2"
| #define STDC_HEADERS 1
| #define HAVE_SYS_TYPES_H 1
| #define HAVE_SYS_STAT_H 1
| #define HAVE_STDLIB_H 1
| #define HAVE_STRING_H 1
| #define HAVE_MEMORY_H 1
| #define HAVE_STRINGS_H 1
| #define HAVE_INTTYPES_H 1
| #define HAVE_STDINT_H 1
| #define HAVE_UNISTD_H 1
| #define __EXTENSIONS__ 1
| #define _ALL_SOURCE 1
| #define _GNU_SOURCE 1
| #define _POSIX_PTHREAD_SEMANTICS 1
| #define _TANDEM_SOURCE 1
| #define HAVE_DLFCN_H 1
| #define LT_OBJDIR ".libs/"
| /* end confdefs.h.  */
| /* Define dlopen to an innocuous variant, in case <limits.h> declares dlopen.
|    For example, HP-UX 11i <limits.h> declares gettimeofday.  */
| #define dlopen innocuous_dlopen
| 
| /* System header to define __stub macros and hopefully few prototypes,
|     which can conflict with char dlopen (); below.
|     Prefer <limits.h> to <assert.h> if __STDC__ is defined, since
|     <limits.h> exists even on freestanding compilers.  */
| 
| #ifdef __STDC__
| # include <limits.h>
| #else
| # include <assert.h>
| #endif
| 
| #undef dlopen
| 
| /* Override any GCC internal prototype to avoid an error.
|    Use char because int might match the return type of a GCC
|    builtin and then its argument prototype would still apply.  */
| #ifdef __cplusplus
| extern "C"
| #endif
| char dlopen ();
| /* The GNU C library defines this for functions which it implements
|     to always fail with ENOSYS.  Some functions are actually named
|     something starting with __ and the normal name is an alias.  */
| #if defined __stub_dlopen || defined __stub___dlopen
| choke me
| #endif
| 
| int
| main ()
| {
| return dlopen ();
|   ;
|   return 0;
| }
configure:11240: result: no
configure:11244: checking for dlopen in -ldl
configure:11269: cc -o conftest -O    conftest.c -ldl   >&5
configure:11269: $? = 0
configure:11278: result: yes
configure:11397: checking whether a program can dlopen itself
configure:11477: cc -o conftest -O  -DHAVE_DLFCN_H   -Wl,--export-dynamic conftest.c -ldl  >&5
configure:11480: $? = 0
configure:11498: result: yes
configure:11503: checking whether a statically linked program can dlopen itself
configure:11583: cc -o conftest -O  -DHAVE_DLFCN_H   -Wl,--export-dynamic -static conftest.c -ldl  >&5
/tmp/ccQAJj7t.o: In function `main':
conftest.c:(.text+0xe): warning: Using 'dlopen' in statically linked applications requires at runtime the shared libraries from the glibc version used for linking
/usr/bin/ld: dynamic STT_GNU_IFUNC symbol `strcmp' with pointer equality in `/usr/lib/gcc/x86_64-linux-gnu/4.9/../../../x86_64-linux-gnu/libc.a(strcmp.o)' can not be used when making an executable; recompile with -fPIE and relink with -pie
collect2: error: ld returned 1 exit status
configure:11586: $? = 1
configure:11604: result: no
configure:11643: checking whether stripping libraries is possible
configure:11648: result: yes
configure:11683: checking if libtool supports shared libraries
configure:11685: result: yes
configure:11688: checking whether to build shared libraries
configure:11709: result: no
configure:11712: checking whether to build static libraries
configure:11716: result: yes
configure:11796: checking for special C compiler options needed for large files
configure:11841: result: no
configure:11847: checking for _FILE_OFFSET_BITS value needed for large files
configure:11872: cc -c -O  conftest.c >&5
configure:11872: $? = 0
configure:11904: result: no
configure:12229: checking whether to enable maintainer-specific portions of Makefiles
configure:12238: result: no
configure:12274: checking whether to install libbfd
configure:12287: result: no
configure:12337: checking whether NLS is requested
configure:12340: result: no
configure:12408: checking whether NLS is requested
configure:12417: result: no
configure:12455: checking for msgfmt
configure:12486: result: /usr/bin/msgfmt
configure:12495: checking for gmsgfmt
configure:12526: result: /usr/bin/msgfmt
configure:12566: checking for xgettext
configure:12597: result: /usr/bin/xgettext
configure:12637: checking for msgmerge
configure:12667: result: /usr/bin/msgmerge
configure:12720: checking size of long long
configure:12725: cc -o conftest -O    conftest.c  >&5
configure:12725: $? = 0
configure:12725: ./conftest
configure:12725: $? = 0
configure:12740: result: 8
configure:12754: checking size of void *
configure:12759: cc -o conftest -O    conftest.c  >&5
configure:12759: $? = 0
configure:12759: ./conftest
configure:12759: $? = 0
configure:12774: result: 8
configure:12788: checking size of long
configure:12793: cc -o conftest -O    conftest.c  >&5
configure:12793: $? = 0
configure:12793: ./conftest
configure:12793: $? = 0
configure:12808: result: 8
configure:12890: checking alloca.h usability
configure:12890: cc -c -O  conftest.c >&5
configure:12890: $? = 0
configure:12890: result: yes
configure:12890: checking alloca.h presence
configure:12890: cc -E  conftest.c
configure:12890: $? = 0
configure:12890: result: yes
configure:12890: checking for alloca.h
configure:12890: result: yes
configure:12890: checking stddef.h usability
configure:12890: cc -c -O  conftest.c >&5
configure:12890: $? = 0
configure:12890: result: yes
configure:12890: checking stddef.h presence
configure:12890: cc -E  conftest.c
configure:12890: $? = 0
configure:12890: result: yes
configure:12890: checking for stddef.h
configure:12890: result: yes
configure:12890: checking for string.h
configure:12890: result: yes
configure:12890: checking for strings.h
configure:12890: result: yes
configure:12890: checking for stdlib.h
configure:12890: result: yes
configure:12890: checking time.h usability
configure:12890: cc -c -O  conftest.c >&5
configure:12890: $? = 0
configure:12890: result: yes
configure:12890: checking time.h presence
configure:12890: cc -E  conftest.c
configure:12890: $? = 0
configure:12890: result: yes
configure:12890: checking for time.h
configure:12890: result: yes
configure:12890: checking for unistd.h
configure:12890: result: yes
configure:12904: checking fcntl.h usability
configure:12904: cc -c -O  conftest.c >&5
configure:12904: $? = 0
configure:12904: result: yes
configure:12904: checking fcntl.h presence
configure:12904: cc -E  conftest.c
configure:12904: $? = 0
configure:12904: result: yes
configure:12904: checking for fcntl.h
configure:12904: result: yes
configure:12904: checking sys/file.h usability
configure:12904: cc -c -O  conftest.c >&5
configure:12904: $? = 0
configure:12904: result: yes
configure:12904: checking sys/file.h presence
configure:12904: cc -E  conftest.c
configure:12904: $? = 0
configure:12904: result: yes
configure:12904: checking for sys/file.h
configure:12904: result: yes
configure:12904: checking sys/time.h usability
configure:12904: cc -c -O  conftest.c >&5
configure:12904: $? = 0
configure:12904: result: yes
configure:12904: checking sys/time.h presence
configure:12904: cc -E  conftest.c
configure:12904: $? = 0
configure:12904: result: yes
configure:12904: checking for sys/time.h
configure:12904: result: yes
configure:12904: checking for sys/stat.h
configure:12904: result: yes
configure:12928: checking for uintmax_t
configure:12928: cc -c -O  conftest.c >&5
configure:12928: $? = 0
configure:12928: cc -c -O  conftest.c >&5
conftest.c: In function 'main':
conftest.c:48:24: error: expected expression before ')' token
 if (sizeof ((uintmax_t)))
                        ^
configure:12928: $? = 1
configure: failed program was:
| /* confdefs.h */
| #define PACKAGE_NAME ""
| #define PACKAGE_TARNAME ""
| #define PACKAGE_VERSION ""
| #define PACKAGE_STRING ""
| #define PACKAGE_BUGREPORT ""
| #define PACKAGE_URL ""
| #define PACKAGE "bfd"
| #define VERSION "2.23.2"
| #define STDC_HEADERS 1
| #define HAVE_SYS_TYPES_H 1
| #define HAVE_SYS_STAT_H 1
| #define HAVE_STDLIB_H 1
| #define HAVE_STRING_H 1
| #define HAVE_MEMORY_H 1
| #define HAVE_STRINGS_H 1
| #define HAVE_INTTYPES_H 1
| #define HAVE_STDINT_H 1
| #define HAVE_UNISTD_H 1
| #define __EXTENSIONS__ 1
| #define _ALL_SOURCE 1
| #define _GNU_SOURCE 1
| #define _POSIX_PTHREAD_SEMANTICS 1
| #define _TANDEM_SOURCE 1
| #define HAVE_DLFCN_H 1
| #define LT_OBJDIR ".libs/"
| #define SIZEOF_LONG_LONG 8
| #define SIZEOF_VOID_P 8
| #define SIZEOF_LONG 8
| #define HAVE_ALLOCA_H 1
| #define HAVE_STDDEF_H 1
| #define HAVE_STRING_H 1
| #define HAVE_STRINGS_H 1
| #define HAVE_STDLIB_H 1
| #define HAVE_TIME_H 1
| #define HAVE_UNISTD_H 1
| #define HAVE_FCNTL_H 1
| #define HAVE_SYS_FILE_H 1
| #define HAVE_SYS_TIME_H 1
| #define HAVE_SYS_STAT_H 1
| /* end confdefs.h.  */
| #include <sys/types.h>
| #include <stdint.h>
| 
| int
| main ()
| {
| if (sizeof ((uintmax_t)))
| 	    return 0;
|   ;
|   return 0;
| }
configure:12928: result: yes
configure:12937: checking for uintptr_t
configure:12937: cc -c -O  conftest.c >&5
configure:12937: $? = 0
configure:12937: cc -c -O  conftest.c >&5
conftest.c: In function 'main':
conftest.c:48:24: error: expected expression before ')' token
 if (sizeof ((uintptr_t)))
                        ^
configure:12937: $? = 1
configure: failed program was:
| /* confdefs.h */
| #define PACKAGE_NAME ""
| #define PACKAGE_TARNAME ""
| #define PACKAGE_VERSION ""
| #define PACKAGE_STRING ""
| #define PACKAGE_BUGREPORT ""
| #define PACKAGE_URL ""
| #define PACKAGE "bfd"
| #define VERSION "2.23.2"
| #define STDC_HEADERS 1
| #define HAVE_SYS_TYPES_H 1
| #define HAVE_SYS_STAT_H 1
| #define HAVE_STDLIB_H 1
| #define HAVE_STRING_H 1
| #define HAVE_MEMORY_H 1
| #define HAVE_STRINGS_H 1
| #define HAVE_INTTYPES_H 1
| #define HAVE_STDINT_H 1
| #define HAVE_UNISTD_H 1
| #define __EXTENSIONS__ 1
| #define _ALL_SOURCE 1
| #define _GNU_SOURCE 1
| #define _POSIX_PTHREAD_SEMANTICS 1
| #define _TANDEM_SOURCE 1
| #define HAVE_DLFCN_H 1
| #define LT_OBJDIR ".libs/"
| #define SIZEOF_LONG_LONG 8
| #define SIZEOF_VOID_P 8
| #define SIZEOF_LONG 8
| #define HAVE_ALLOCA_H 1
| #define HAVE_STDDEF_H 1
| #define HAVE_STRING_H 1
| #define HAVE_STRINGS_H 1
| #define HAVE_STDLIB_H 1
| #define HAVE_TIME_H 1
| #define HAVE_UNISTD_H 1
| #define HAVE_FCNTL_H 1
| #define HAVE_SYS_FILE_H 1
| #define HAVE_SYS_TIME_H 1
| #define HAVE_SYS_STAT_H 1
| /* end confdefs.h.  */
| #include <sys/types.h>
| #include <stdint.h>
| 
| int
| main ()
| {
| if (sizeof ((uintptr_t)))
| 	    return 0;
|   ;
|   return 0;
| }
configure:12937: result: yes
configure:12946: checking for int_least32_t
configure:12946: cc -c -O  conftest.c >&5
configure:12946: $? = 0
configure:12946: cc -c -O  conftest.c >&5
conftest.c: In function 'main':
conftest.c:48:28: error: expected expression before ')' token
 if (sizeof ((int_least32_t)))
                            ^
configure:12946: $? = 1
configure: failed program was:
| /* confdefs.h */
| #define PACKAGE_NAME ""
| #define PACKAGE_TARNAME ""
| #define PACKAGE_VERSION ""
| #define PACKAGE_STRING ""
| #define PACKAGE_BUGREPORT ""
| #define PACKAGE_URL ""
| #define PACKAGE "bfd"
| #define VERSION "2.23.2"
| #define STDC_HEADERS 1
| #define HAVE_SYS_TYPES_H 1
| #define HAVE_SYS_STAT_H 1
| #define HAVE_STDLIB_H 1
| #define HAVE_STRING_H 1
| #define HAVE_MEMORY_H 1
| #define HAVE_STRINGS_H 1
| #define HAVE_INTTYPES_H 1
| #define HAVE_STDINT_H 1
| #define HAVE_UNISTD_H 1
| #define __EXTENSIONS__ 1
| #define _ALL_SOURCE 1
| #define _GNU_SOURCE 1
| #define _POSIX_PTHREAD_SEMANTICS 1
| #define _TANDEM_SOURCE 1
| #define HAVE_DLFCN_H 1
| #define LT_OBJDIR ".libs/"
| #define SIZEOF_LONG_LONG 8
| #define SIZEOF_VOID_P 8
| #define SIZEOF_LONG 8
| #define HAVE_ALLOCA_H 1
| #define HAVE_STDDEF_H 1
| #define HAVE_STRING_H 1
| #define HAVE_STRINGS_H 1
| #define HAVE_STDLIB_H 1
| #define HAVE_TIME_H 1
| #define HAVE_UNISTD_H 1
| #define HAVE_FCNTL_H 1
| #define HAVE_SYS_FILE_H 1
| #define HAVE_SYS_TIME_H 1
| #define HAVE_SYS_STAT_H 1
| /* end confdefs.h.  */
| #include <sys/types.h>
| #include <stdint.h>
| 
| int
| main ()
| {
| if (sizeof ((int_least32_t)))
| 	    return 0;
|   ;
|   return 0;
| }
configure:12946: result: yes
configure:12955: checking for int_fast32_t
configure:12955: cc -c -O  conftest.c >&5
configure:12955: $? = 0
configure:12955: cc -c -O  conftest.c >&5
conftest.c: In function 'main':
conftest.c:48:27: error: expected expression before ')' token
 if (sizeof ((int_fast32_t)))
                           ^
configure:12955: $? = 1
configure: failed program was:
| /* confdefs.h */
| #define PACKAGE_NAME ""
| #define PACKAGE_TARNAME ""
| #define PACKAGE_VERSION ""
| #define PACKAGE_STRING ""
| #define PACKAGE_BUGREPORT ""
| #define PACKAGE_URL ""
| #define PACKAGE "bfd"
| #define VERSION "2.23.2"
| #define STDC_HEADERS 1
| #define HAVE_SYS_TYPES_H 1
| #define HAVE_SYS_STAT_H 1
| #define HAVE_STDLIB_H 1
| #define HAVE_STRING_H 1
| #define HAVE_MEMORY_H 1
| #define HAVE_STRINGS_H 1
| #define HAVE_INTTYPES_H 1
| #define HAVE_STDINT_H 1
| #define HAVE_UNISTD_H 1
| #define __EXTENSIONS__ 1
| #define _ALL_SOURCE 1
| #define _GNU_SOURCE 1
| #define _POSIX_PTHREAD_SEMANTICS 1
| #define _TANDEM_SOURCE 1
| #define HAVE_DLFCN_H 1
| #define LT_OBJDIR ".libs/"
| #define SIZEOF_LONG_LONG 8
| #define SIZEOF_VOID_P 8
| #define SIZEOF_LONG 8
| #define HAVE_ALLOCA_H 1
| #define HAVE_STDDEF_H 1
| #define HAVE_STRING_H 1
| #define HAVE_STRINGS_H 1
| #define HAVE_STDLIB_H 1
| #define HAVE_TIME_H 1
| #define HAVE_UNISTD_H 1
| #define HAVE_FCNTL_H 1
| #define HAVE_SYS_FILE_H 1
| #define HAVE_SYS_TIME_H 1
| #define HAVE_SYS_STAT_H 1
| /* end confdefs.h.  */
| #include <sys/types.h>
| #include <stdint.h>
| 
| int
| main ()
| {
| if (sizeof ((int_fast32_t)))
| 	    return 0;
|   ;
|   return 0;
| }
configure:12955: result: yes
configure:12964: checking for uint64_t
configure:12964: cc -c -O  conftest.c >&5
configure:12964: $? = 0
configure:12964: cc -c -O  conftest.c >&5
conftest.c: In function 'main':
conftest.c:48:23: error: expected expression before ')' token
 if (sizeof ((uint64_t)))
                       ^
configure:12964: $? = 1
configure: failed program was:
| /* confdefs.h */
| #define PACKAGE_NAME ""
| #define PACKAGE_TARNAME ""
| #define PACKAGE_VERSION ""
| #define PACKAGE_STRING ""
| #define PACKAGE_BUGREPORT ""
| #define PACKAGE_URL ""
| #define PACKAGE "bfd"
| #define VERSION "2.23.2"
| #define STDC_HEADERS 1
| #define HAVE_SYS_TYPES_H 1
| #define HAVE_SYS_STAT_H 1
| #define HAVE_STDLIB_H 1
| #define HAVE_STRING_H 1
| #define HAVE_MEMORY_H 1
| #define HAVE_STRINGS_H 1
| #define HAVE_INTTYPES_H 1
| #define HAVE_STDINT_H 1
| #define HAVE_UNISTD_H 1
| #define __EXTENSIONS__ 1
| #define _ALL_SOURCE 1
| #define _GNU_SOURCE 1
| #define _POSIX_PTHREAD_SEMANTICS 1
| #define _TANDEM_SOURCE 1
| #define HAVE_DLFCN_H 1
| #define LT_OBJDIR ".libs/"
| #define SIZEOF_LONG_LONG 8
| #define SIZEOF_VOID_P 8
| #define SIZEOF_LONG 8
| #define HAVE_ALLOCA_H 1
| #define HAVE_STDDEF_H 1
| #define HAVE_STRING_H 1
| #define HAVE_STRINGS_H 1
| #define HAVE_STDLIB_H 1
| #define HAVE_TIME_H 1
| #define HAVE_UNISTD_H 1
| #define HAVE_FCNTL_H 1
| #define HAVE_SYS_FILE_H 1
| #define HAVE_SYS_TIME_H 1
| #define HAVE_SYS_STAT_H 1
| /* end confdefs.h.  */
| #include <sys/types.h>
| #include <stdint.h>
| 
| int
| main ()
| {
| if (sizeof ((uint64_t)))
| 	    return 0;
|   ;
|   return 0;
| }
configure:12964: result: yes
configure:13045: checking what to include in bfd_stdint.h
configure:13073: result: stdint.h (already complete)
configure:13321: checking whether time.h and sys/time.h may both be included
configure:13341: cc -c -O  conftest.c >&5
configure:13341: $? = 0
configure:13348: result: yes
configure:13359: checking for dirent.h that defines DIR
configure:13378: cc -c -O  conftest.c >&5
configure:13378: $? = 0
configure:13386: result: yes
configure:13400: checking for library containing opendir
configure:13431: cc -o conftest -O    conftest.c  >&5
configure:13431: $? = 0
configure:13448: result: none required
configure:13519: checking windows.h usability
configure:13519: cc -c -O  conftest.c >&5
conftest.c:77:21: fatal error: windows.h: No such file or directory
 #include <windows.h>
                     ^
compilation terminated.
configure:13519: $? = 1
configure: failed program was:
| /* confdefs.h */
| #define PACKAGE_NAME ""
| #define PACKAGE_TARNAME ""
| #define PACKAGE_VERSION ""
| #define PACKAGE_STRING ""
| #define PACKAGE_BUGREPORT ""
| #define PACKAGE_URL ""
| #define PACKAGE "bfd"
| #define VERSION "2.23.2"
| #define STDC_HEADERS 1
| #define HAVE_SYS_TYPES_H 1
| #define HAVE_SYS_STAT_H 1
| #define HAVE_STDLIB_H 1
| #define HAVE_STRING_H 1
| #define HAVE_MEMORY_H 1
| #define HAVE_STRINGS_H 1
| #define HAVE_INTTYPES_H 1
| #define HAVE_STDINT_H 1
| #define HAVE_UNISTD_H 1
| #define __EXTENSIONS__ 1
| #define _ALL_SOURCE 1
| #define _GNU_SOURCE 1
| #define _POSIX_PTHREAD_SEMANTICS 1
| #define _TANDEM_SOURCE 1
| #define HAVE_DLFCN_H 1
| #define LT_OBJDIR ".libs/"
| #define SIZEOF_LONG_LONG 8
| #define SIZEOF_VOID_P 8
| #define SIZEOF_LONG 8
| #define HAVE_ALLOCA_H 1
| #define HAVE_STDDEF_H 1
| #define HAVE_STRING_H 1
| #define HAVE_STRINGS_H 1
| #define HAVE_STDLIB_H 1
| #define HAVE_TIME_H 1
| #define HAVE_UNISTD_H 1
| #define HAVE_FCNTL_H 1
| #define HAVE_SYS_FILE_H 1
| #define HAVE_SYS_TIME_H 1
| #define HAVE_SYS_STAT_H 1
| #define TIME_WITH_SYS_TIME 1
| #define HAVE_DIRENT_H 1
| /* end confdefs.h.  */
| #include <stdio.h>
| #ifdef HAVE_SYS_TYPES_H
| # include <sys/types.h>
| #endif
| #ifdef HAVE_SYS_STAT_H
| # include <sys/stat.h>
| #endif
| #ifdef STDC_HEADERS
| # include <stdlib.h>
| # include <stddef.h>
| #else
| # ifdef HAVE_STDLIB_H
| #  include <stdlib.h>
| # endif
| #endif
| #ifdef HAVE_STRING_H
| # if !defined STDC_HEADERS && defined HAVE_MEMORY_H
| #  include <memory.h>
| # endif
| # include <string.h>
| #endif
| #ifdef HAVE_STRINGS_H
| # include <strings.h>
| #endif
| #ifdef HAVE_INTTYPES_H
| # include <inttypes.h>
| #endif
| #ifdef HAVE_STDINT_H
| # include <stdint.h>
| #endif
| #ifdef HAVE_UNISTD_H
| # include <unistd.h>
| #endif
| #include <windows.h>
configure:13519: result: no
configure:13519: checking windows.h presence
configure:13519: cc -E  conftest.c
conftest.c:44:21: fatal error: windows.h: No such file or directory
 #include <windows.h>
                     ^
compilation terminated.
configure:13519: $? = 1
configure: failed program was:
| /* confdefs.h */
| #define PACKAGE_NAME ""
| #define PACKAGE_TARNAME ""
| #define PACKAGE_VERSION ""
| #define PACKAGE_STRING ""
| #define PACKAGE_BUGREPORT ""
| #define PACKAGE_URL ""
| #define PACKAGE "bfd"
| #define VERSION "2.23.2"
| #define STDC_HEADERS 1
| #define HAVE_SYS_TYPES_H 1
| #define HAVE_SYS_STAT_H 1
| #define HAVE_STDLIB_H 1
| #define HAVE_STRING_H 1
| #define HAVE_MEMORY_H 1
| #define HAVE_STRINGS_H 1
| #define HAVE_INTTYPES_H 1
| #define HAVE_STDINT_H 1
| #define HAVE_UNISTD_H 1
| #define __EXTENSIONS__ 1
| #define _ALL_SOURCE 1
| #define _GNU_SOURCE 1
| #define _POSIX_PTHREAD_SEMANTICS 1
| #define _TANDEM_SOURCE 1
| #define HAVE_DLFCN_H 1
| #define LT_OBJDIR ".libs/"
| #define SIZEOF_LONG_LONG 8
| #define SIZEOF_VOID_P 8
| #define SIZEOF_LONG 8
| #define HAVE_ALLOCA_H 1
| #define HAVE_STDDEF_H 1
| #define HAVE_STRING_H 1
| #define HAVE_STRINGS_H 1
| #define HAVE_STDLIB_H 1
| #define HAVE_TIME_H 1
| #define HAVE_UNISTD_H 1
| #define HAVE_FCNTL_H 1
| #define HAVE_SYS_FILE_H 1
| #define HAVE_SYS_TIME_H 1
| #define HAVE_SYS_STAT_H 1
| #define TIME_WITH_SYS_TIME 1
| #define HAVE_DIRENT_H 1
| /* end confdefs.h.  */
| #include <windows.h>
configure:13519: result: no
configure:13519: checking for windows.h
configure:13519: result: no
configure:13519: checking for dlfcn.h
configure:13519: result: yes
configure:13531: checking whether string.h and strings.h may both be included
configure:13548: cc -c -O  conftest.c >&5
configure:13548: $? = 0
configure:13555: result: yes
configure:13566: checking for fcntl
configure:13566: cc -o conftest -O    conftest.c  >&5
configure:13566: $? = 0
configure:13566: result: yes
configure:13566: checking for getpagesize
configure:13566: cc -o conftest -O    conftest.c  >&5
configure:13566: $? = 0
configure:13566: result: yes
configure:13566: checking for setitimer
configure:13566: cc -o conftest -O    conftest.c  >&5
configure:13566: $? = 0
configure:13566: result: yes
configure:13566: checking for sysconf
configure:13566: cc -o conftest -O    conftest.c  >&5
configure:13566: $? = 0
configure:13566: result: yes
configure:13566: checking for fdopen
configure:13566: cc -o conftest -O    conftest.c  >&5
configure:13566: $? = 0
configure:13566: result: yes
configure:13566: checking for getuid
configure:13566: cc -o conftest -O    conftest.c  >&5
configure:13566: $? = 0
configure:13566: result: yes
configure:13566: checking for getgid
configure:13566: cc -o conftest -O    conftest.c  >&5
configure:13566: $? = 0
configure:13566: result: yes
configure:13566: checking for fileno
configure:13566: cc -o conftest -O    conftest.c  >&5
configure:13566: $? = 0
configure:13566: result: yes
configure:13578: checking for strtoull
configure:13578: cc -o conftest -O    conftest.c  >&5
configure:13578: $? = 0
configure:13578: result: yes
configure:13588: checking whether basename is declared
configure:13588: cc -c -O  conftest.c >&5
configure:13588: $? = 0
configure:13588: result: yes
configure:13599: checking whether ftello is declared
configure:13599: cc -c -O  conftest.c >&5
configure:13599: $? = 0
configure:13599: result: yes
configure:13610: checking whether ftello64 is declared
configure:13610: cc -c -O  conftest.c >&5
configure:13610: $? = 0
configure:13610: result: yes
configure:13621: checking whether fseeko is declared
configure:13621: cc -c -O  conftest.c >&5
configure:13621: $? = 0
configure:13621: result: yes
configure:13632: checking whether fseeko64 is declared
configure:13632: cc -c -O  conftest.c >&5
configure:13632: $? = 0
configure:13632: result: yes
configure:13652: checking whether ffs is declared
configure:13652: cc -c -O  conftest.c >&5
configure:13652: $? = 0
configure:13652: result: yes
configure:13663: checking whether free is declared
configure:13663: cc -c -O  conftest.c >&5
configure:13663: $? = 0
configure:13663: result: yes
configure:13674: checking whether getenv is declared
configure:13674: cc -c -O  conftest.c >&5
configure:13674: $? = 0
configure:13674: result: yes
configure:13685: checking whether malloc is declared
configure:13685: cc -c -O  conftest.c >&5
configure:13685: $? = 0
configure:13685: result: yes
configure:13696: checking whether realloc is declared
configure:13696: cc -c -O  conftest.c >&5
configure:13696: $? = 0
configure:13696: result: yes
configure:13707: checking whether stpcpy is declared
configure:13707: cc -c -O  conftest.c >&5
configure:13707: $? = 0
configure:13707: result: yes
configure:13718: checking whether strstr is declared
configure:13718: cc -c -O  conftest.c >&5
configure:13718: $? = 0
configure:13718: result: yes
configure:13729: checking whether snprintf is declared
configure:13729: cc -c -O  conftest.c >&5
configure:13729: $? = 0
configure:13729: result: yes
configure:13740: checking whether vsnprintf is declared
configure:13740: cc -c -O  conftest.c >&5
configure:13740: $? = 0
configure:13740: result: yes
configure:13766: checking for library containing zlibVersion
configure:13797: cc -o conftest -O    conftest.c  >&5
/tmp/ccmtjP6G.o: In function `main':
conftest.c:(.text+0xa): undefined reference to `zlibVersion'
collect2: error: ld returned 1 exit status
configure:13797: $? = 1
configure: failed program was:
| /* confdefs.h */
| #define PACKAGE_NAME ""
| #define PACKAGE_TARNAME ""
| #define PACKAGE_VERSION ""
| #define PACKAGE_STRING ""
| #define PACKAGE_BUGREPORT ""
| #define PACKAGE_URL ""
| #define PACKAGE "bfd"
| #define VERSION "2.23.2"
| #define STDC_HEADERS 1
| #define HAVE_SYS_TYPES_H 1
| #define HAVE_SYS_STAT_H 1
| #define HAVE_STDLIB_H 1
| #define HAVE_STRING_H 1
| #define HAVE_MEMORY_H 1
| #define HAVE_STRINGS_H 1
| #define HAVE_INTTYPES_H 1
| #define HAVE_STDINT_H 1
| #define HAVE_UNISTD_H 1
| #define __EXTENSIONS__ 1
| #define _ALL_SOURCE 1
| #define _GNU_SOURCE 1
| #define _POSIX_PTHREAD_SEMANTICS 1
| #define _TANDEM_SOURCE 1
| #define HAVE_DLFCN_H 1
| #define LT_OBJDIR ".libs/"
| #define SIZEOF_LONG_LONG 8
| #define SIZEOF_VOID_P 8
| #define SIZEOF_LONG 8
| #define HAVE_ALLOCA_H 1
| #define HAVE_STDDEF_H 1
| #define HAVE_STRING_H 1
| #define HAVE_STRINGS_H 1
| #define HAVE_STDLIB_H 1
| #define HAVE_TIME_H 1
| #define HAVE_UNISTD_H 1
| #define HAVE_FCNTL_H 1
| #define HAVE_SYS_FILE_H 1
| #define HAVE_SYS_TIME_H 1
| #define HAVE_SYS_STAT_H 1
| #define TIME_WITH_SYS_TIME 1
| #define HAVE_DIRENT_H 1
| #define HAVE_DLFCN_H 1
| #define STRING_WITH_STRINGS 1
| #define HAVE_FCNTL 1
| #define HAVE_GETPAGESIZE 1
| #define HAVE_SETITIMER 1
| #define HAVE_SYSCONF 1
| #define HAVE_FDOPEN 1
| #define HAVE_GETUID 1
| #define HAVE_GETGID 1
| #define HAVE_FILENO 1
| #define HAVE_STRTOULL 1
| #define HAVE_DECL_BASENAME 1
| #define HAVE_DECL_FTELLO 1
| #define HAVE_DECL_FTELLO64 1
| #define HAVE_DECL_FSEEKO 1
| #define HAVE_DECL_FSEEKO64 1
| #define HAVE_DECL_FFS 1
| #define HAVE_DECL_FREE 1
| #define HAVE_DECL_GETENV 1
| #define HAVE_DECL_MALLOC 1
| #define HAVE_DECL_REALLOC 1
| #define HAVE_DECL_STPCPY 1
| #define HAVE_DECL_STRSTR 1
| #define HAVE_DECL_SNPRINTF 1
| #define HAVE_DECL_VSNPRINTF 1
| /* end confdefs.h.  */
| 
| /* Override any GCC internal prototype to avoid an error.
|    Use char because int might match the return type of a GCC
|    builtin and then its argument prototype would still apply.  */
| #ifdef __cplusplus
| extern "C"
| #endif
| char zlibVersion ();
| int
| main ()
| {
| return zlibVersion ();
|   ;
|   return 0;
| }
configure:13797: cc -o conftest -O    conftest.c -lz   >&5
configure:13797: $? = 0
configure:13814: result: -lz
configure:13821: checking zlib.h usability
configure:13821: cc -c -O  conftest.c >&5
configure:13821: $? = 0
configure:13821: result: yes
configure:13821: checking zlib.h presence
configure:13821: cc -E  conftest.c
configure:13821: $? = 0
configure:13821: result: yes
configure:13821: checking for zlib.h
configure:13821: result: yes
configure:14904: checking linker --as-needed support
configure:14915: result: yes
configure:15006: checking for cos in -lm
configure:15031: cc -o conftest -O    conftest.c -lm  -lz  >&5
conftest.c:77:6: warning: conflicting types for built-in function 'cos'
 char cos ();
      ^
configure:15031: $? = 0
configure:15040: result: yes
configure:15585: checking for gcc version with buggy 64-bit support
configure:15598: result: no
configure:15636: checking for ftello
configure:15636: cc -o conftest -O    conftest.c -lz  >&5
configure:15636: $? = 0
configure:15636: result: yes
configure:15636: checking for ftello64
configure:15636: cc -o conftest -O    conftest.c -lz  >&5
configure:15636: $? = 0
configure:15636: result: yes
configure:15636: checking for fseeko
configure:15636: cc -o conftest -O    conftest.c -lz  >&5
configure:15636: $? = 0
configure:15636: result: yes
configure:15636: checking for fseeko64
configure:15636: cc -o conftest -O    conftest.c -lz  >&5
configure:15636: $? = 0
configure:15636: result: yes
configure:15636: checking for fopen64
configure:15636: cc -o conftest -O    conftest.c -lz  >&5
configure:15636: $? = 0
configure:15636: result: yes
configure:15651: checking size of off_t
configure:15656: cc -o conftest -O    conftest.c -lz  >&5
configure:15656: $? = 0
configure:15656: ./conftest
configure:15656: $? = 0
configure:15671: result: 8
configure:15682: checking file_ptr type
configure:15691: result: BFD_HOST_64_BIT
configure:15708: checking for stdlib.h
configure:15708: result: yes
configure:15708: checking for unistd.h
configure:15708: result: yes
configure:15721: checking for getpagesize
configure:15721: result: yes
configure:15730: checking for working mmap
configure:15867: cc -o conftest -O    conftest.c -lz  >&5
configure:15867: $? = 0
configure:15867: ./conftest
configure:15867: $? = 0
configure:15877: result: yes
configure:15889: checking for madvise
configure:15889: cc -o conftest -O    conftest.c -lz  >&5
configure:15889: $? = 0
configure:15889: result: yes
configure:15889: checking for mprotect
configure:15889: cc -o conftest -O    conftest.c -lz  >&5
configure:15889: $? = 0
configure:15889: result: yes
configure:15982: updating cache ./config.cache
configure:16051: creating ./config.status

## ---------------------- ##
## Running config.status. ##
## ---------------------- ##

This file was extended by config.status, which was
generated by GNU Autoconf 2.64.  Invocation command line was

  CONFIG_FILES    = 
  CONFIG_HEADERS  = 
  CONFIG_LINKS    = 
  CONFIG_COMMANDS = 
  $ ./config.status 

on dent

config.status:17286: creating Makefile
config.status:17286: creating doc/Makefile
config.status:17286: creating bfd-in3.h
config.status:17286: creating po/Makefile.in
config.status:17286: creating config.h
config.status:17512: executing depfiles commands
config.status:17512: executing libtool commands
config.status:17512: executing default-1 commands
config.status:17512: executing bfd_stdint.h commands
config.status:17512: executing default commands

## ---------------- ##
## Cache variables. ##
## ---------------- ##

ac_cv_build='x86_64-unknown-linux-gnu'
ac_cv_c_compiler_gnu='yes'
ac_cv_env_CC_set='set'
ac_cv_env_CC_value='cc'
ac_cv_env_CFLAGS_set='set'
ac_cv_env_CFLAGS_value='-O'
ac_cv_env_CPPFLAGS_set='set'
ac_cv_env_CPPFLAGS_value=''
ac_cv_env_CPP_set=''
ac_cv_env_CPP_value=''
ac_cv_env_LDFLAGS_set='set'
ac_cv_env_LDFLAGS_value=' '
ac_cv_env_LIBS_set=''
ac_cv_env_LIBS_value=''
ac_cv_env_build_alias_set='set'
ac_cv_env_build_alias_value='x86_64-unknown-linux-gnu'
ac_cv_env_host_alias_set='set'
ac_cv_env_host_alias_value='x86_64-unknown-linux-gnu'
ac_cv_env_target_alias_set='set'
ac_cv_env_target_alias_value='i586-elf32-minix'
ac_cv_func_dlopen='no'
ac_cv_func_fcntl='yes'
ac_cv_func_fdopen='yes'
ac_cv_func_fileno='yes'
ac_cv_func_fopen64='yes'
ac_cv_func_fseeko64='yes'
ac_cv_func_fseeko='yes'
ac_cv_func_ftello64='yes'
ac_cv_func_ftello='yes'
ac_cv_func_getgid='yes'
ac_cv_func_getpagesize='yes'
ac_cv_func_getuid='yes'
ac_cv_func_madvise='yes'
ac_cv_func_mmap_fixed_mapped='yes'
ac_cv_func_mprotect='yes'
ac_cv_func_setitimer='yes'
ac_cv_func_shl_load='no'
ac_cv_func_strtoull='yes'
ac_cv_func_sysconf='yes'
ac_cv_have_decl_basename='yes'
ac_cv_have_decl_ffs='yes'
ac_cv_have_decl_free='yes'
ac_cv_have_decl_fseeko64='yes'
ac_cv_have_decl_fseeko='yes'
ac_cv_have_decl_ftello64='yes'
ac_cv_have_decl_ftello='yes'
ac_cv_have_decl_getenv='yes'
ac_cv_have_decl_malloc='yes'
ac_cv_have_decl_realloc='yes'
ac_cv_have_decl_snprintf='yes'
ac_cv_have_decl_stpcpy='yes'
ac_cv_have_decl_strstr='yes'
ac_cv_have_decl_vsnprintf='yes'
ac_cv_header_alloca_h='yes'
ac_cv_header_dirent_dirent_h='yes'
ac_cv_header_dlfcn_h='yes'
ac_cv_header_fcntl_h='yes'
ac_cv_header_inttypes_h='yes'
ac_cv_header_memory_h='yes'
ac_cv_header_minix_config_h='no'
ac_cv_header_stdc='yes'
ac_cv_header_stddef_h='yes'
ac_cv_header_stdint_h='yes'
ac_cv_header_stdlib_h='yes'
ac_cv_header_string_h='yes'
ac_cv_header_strings_h='yes'
ac_cv_header_sys_file_h='yes'
ac_cv_header_sys_stat_h='yes'
ac_cv_header_sys_time_h='yes'
ac_cv_header_sys_types_h='yes'
ac_cv_header_time='yes'
ac_cv_header_time_h='yes'
ac_cv_header_unistd_h='yes'
ac_cv_header_windows_h='no'
ac_cv_header_zlib_h='yes'
ac_cv_host='x86_64-unknown-linux-gnu'
ac_cv_lib_dl_dlopen='yes'
ac_cv_lib_dld_shl_load='no'
ac_cv_lib_m_cos='yes'
ac_cv_objext='o'
ac_cv_path_EGREP='/bin/grep -E'
ac_cv_path_FGREP='/bin/grep -F'
ac_cv_path_GMSGFMT='/usr/bin/msgfmt'
ac_cv_path_GREP='/bin/grep'
ac_cv_path_MSGFMT='/usr/bin/msgfmt'
ac_cv_path_MSGMERGE='/usr/bin/msgmerge'
ac_cv_path_SED='/bin/sed'
ac_cv_path_XGETTEXT='/usr/bin/xgettext'
ac_cv_path_mkdir='/home/arthur/coding/minix/./obj.i386/tooldir.Linux-3.16.0-4-amd64-x86_64/bin/i586-elf32-minix-install -d'
ac_cv_prog_AR='ar'
ac_cv_prog_AWK='/home/arthur/coding/minix/./obj.i386/tooldir.Linux-3.16.0-4-amd64-x86_64/bin/nbawk'
ac_cv_prog_CC='cc'
ac_cv_prog_CPP='cc -E'
ac_cv_prog_OBJDUMP='objdump'
ac_cv_prog_RANLIB='ranlib'
ac_cv_prog_ac_ct_STRIP='strip'
ac_cv_prog_cc_c89=''
ac_cv_prog_cc_g='yes'
ac_cv_prog_make__home_arthur_coding_minix___obj_i386_tooldir_Linux_3_16_0_4_amd64_x86_64_bin_nbmake_set='no'
ac_cv_safe_to_define___extensions__='yes'
ac_cv_search_opendir='none required'
ac_cv_search_strerror='none required'
ac_cv_search_zlibVersion='-lz'
ac_cv_sizeof_long='8'
ac_cv_sizeof_long_long='8'
ac_cv_sizeof_off_t='8'
ac_cv_sizeof_void_p='8'
ac_cv_sys_file_offset_bits='no'
ac_cv_sys_largefile_CC='no'
ac_cv_target='i586-elf32-minix'
ac_cv_type_int_fast32_t='yes'
ac_cv_type_int_least32_t='yes'
ac_cv_type_u_int64_t='no'
ac_cv_type_uint64_t='yes'
ac_cv_type_uintmax_t='yes'
ac_cv_type_uintptr_t='yes'
acx_cv_header_stdint='stdint.h'
acx_cv_header_stdint_kind='(already complete)'
am_cv_CC_dependencies_compiler_type='none'
bfd_cv_ld_as_needed='yes'
gcc_cv_header_string='yes'
lt_cv_deplibs_check_method='pass_all'
lt_cv_dlopen='dlopen'
lt_cv_dlopen_libs='-ldl'
lt_cv_dlopen_self='yes'
lt_cv_dlopen_self_static='no'
lt_cv_file_magic_cmd='$MAGIC_CMD'
lt_cv_file_magic_test_file=''
lt_cv_ld_reload_flag='-r'
lt_cv_nm_interface='BSD nm'
lt_cv_objdir='.libs'
lt_cv_path_LD='ld'
lt_cv_path_NM='nm'
lt_cv_prog_compiler_c_o='yes'
lt_cv_prog_compiler_pic_works='yes'
lt_cv_prog_compiler_rtti_exceptions='no'
lt_cv_prog_compiler_static_works='yes'
lt_cv_prog_gnu_ld='yes'
lt_cv_shlibpath_overrides_runpath='no'
lt_cv_sys_global_symbol_pipe='sed -n -e '"'"'s/^.*[	 ]\([ABCDGIRSTW][ABCDGIRSTW]*\)[	 ][	 ]*\([_A-Za-z][_A-Za-z0-9]*\)$/\1 \2 \2/p'"'"
lt_cv_sys_global_symbol_to_c_name_address='sed -n -e '"'"'s/^: \([^ ]*\) $/  {\"\1\", (void *) 0},/p'"'"' -e '"'"'s/^[ABCDGIRSTW]* \([^ ]*\) \([^ ]*\)$/  {"\2", (void *) \&\2},/p'"'"
lt_cv_sys_global_symbol_to_c_name_address_lib_prefix='sed -n -e '"'"'s/^: \([^ ]*\) $/  {\"\1\", (void *) 0},/p'"'"' -e '"'"'s/^[ABCDGIRSTW]* \([^ ]*\) \(lib[^ ]*\)$/  {"\2", (void *) \&\2},/p'"'"' -e '"'"'s/^[ABCDGIRSTW]* \([^ ]*\) \([^ ]*\)$/  {"lib\2", (void *) \&\2},/p'"'"
lt_cv_sys_global_symbol_to_cdecl='sed -n -e '"'"'s/^T .* \(.*\)$/extern int \1();/p'"'"' -e '"'"'s/^[ABCDGIRSTW]* .* \(.*\)$/extern char \1;/p'"'"
lt_cv_sys_max_cmd_len='1572864'

## ----------------- ##
## Output variables. ##
## ----------------- ##

ACLOCAL='${SHELL} /home/arthur/coding/minix/external/gpl3/binutils/dist/missing --run aclocal-1.11'
AMDEPBACKSLASH='\'
AMDEP_FALSE='#'
AMDEP_TRUE=''
AMTAR='${SHELL} /home/arthur/coding/minix/external/gpl3/binutils/dist/missing --run tar'
AR='ar'
AUTOCONF='${SHELL} /home/arthur/coding/minix/external/gpl3/binutils/dist/missing --run autoconf'
AUTOHEADER='${SHELL} /home/arthur/coding/minix/external/gpl3/binutils/dist/missing --run autoheader'
AUTOMAKE='${SHELL} /home/arthur/coding/minix/external/gpl3/binutils/dist/missing --run automake-1.11'
AWK='/home/arthur/coding/minix/./obj.i386/tooldir.Linux-3.16.0-4-amd64-x86_64/bin/nbawk'
BFD_HOSTPTR_T='unsigned long'
BFD_HOST_64BIT_LONG='1'
BFD_HOST_64BIT_LONG_LONG='0'
BFD_HOST_64_BIT='long'
BFD_HOST_64_BIT_DEFINED='1'
BFD_HOST_U_64_BIT='unsigned long'
CATALOGS=''
CATOBJEXT=''
CC='cc'
CCDEPMODE='depmode=none'
CC_FOR_BUILD='cc'
CFLAGS='-O'
COREFILE=''
COREFLAG=''
CPP='cc -E'
CPPFLAGS=''
CYGPATH_W='echo'
DATADIRNAME=''
DEBUGDIR='${exec_prefix}/lib/debug'
DEFS='-DHAVE_CONFIG_H'
DEPDIR='.deps'
DSYMUTIL=''
DUMPBIN=''
ECHO_C=''
ECHO_N='-n'
ECHO_T=''
EGREP='/bin/grep -E'
EXEEXT=''
EXEEXT_FOR_BUILD='$(EXEEXT)'
FGREP='/bin/grep -F'
GENCAT=''
GENINSRC_NEVER_FALSE=''
GENINSRC_NEVER_TRUE='#'
GMSGFMT='/usr/bin/msgfmt'
GREP='/bin/grep'
HDEFINES=''
INCINTL=''
INSTALL_DATA='${INSTALL} -m 644'
INSTALL_LIBBFD_FALSE=''
INSTALL_LIBBFD_TRUE='#'
INSTALL_PROGRAM='${INSTALL}'
INSTALL_SCRIPT='${INSTALL}'
INSTALL_STRIP_PROGRAM='$(install_sh) -c -s'
INSTOBJEXT=''
LD='ld -m elf_x86_64'
LDFLAGS=' '
LIBINTL=''
LIBINTL_DEP=''
LIBM='-lm'
LIBOBJS=''
LIBS='-lz '
LIBTOOL='$(SHELL) $(top_builddir)/libtool'
LIPO=''
LN_S='ln -s'
LTLIBOBJS=''
MAINT='#'
MAINTAINER_MODE_FALSE=''
MAINTAINER_MODE_TRUE='#'
MAKEINFO='/home/arthur/coding/minix/./obj.i386/tooldir.Linux-3.16.0-4-amd64-x86_64/bin/nbmakeinfo'
MKDIR_P='/home/arthur/coding/minix/./obj.i386/tooldir.Linux-3.16.0-4-amd64-x86_64/bin/i586-elf32-minix-install -d -p'
MKINSTALLDIRS='/home/arthur/coding/minix/tools/binutils/../../external/gpl3/binutils/dist/bfd/../mkinstalldirs'
MSGFMT='/usr/bin/msgfmt'
MSGMERGE='/usr/bin/msgmerge'
NM='nm'
NMEDIT=''
NO_WERROR=''
OBJDUMP='objdump'
OBJEXT='o'
OTOOL64=''
OTOOL=''
PACKAGE='bfd'
PACKAGE_BUGREPORT=''
PACKAGE_NAME=''
PACKAGE_STRING=''
PACKAGE_TARNAME=''
PACKAGE_URL=''
PACKAGE_VERSION=''
PATH_SEPARATOR=':'
PKGVERSION='(NetBSD Binutils nb1)\ '
PLUGINS_FALSE='#'
PLUGINS_TRUE=''
POSUB=''
RANLIB='ranlib'
REPORT_BUGS_TEXI='@uref{http://www.NetBSD.org/support/send-pr.html}'
REPORT_BUGS_TO='<http://www.NetBSD.org/support/send-pr.html>'
SED='/bin/sed'
SET_MAKE='MAKE=/home/arthur/coding/minix/./obj.i386/tooldir.Linux-3.16.0-4-amd64-x86_64/bin/nbmake'
SHARED_LDFLAGS=''
SHARED_LIBADD=''
SHELL='/bin/sh'
STRIP='strip'
TDEFINES='  '
USE_NLS='no'
VERSION='2.23.2'
WARN_CFLAGS='-W -Wall -Wstrict-prototypes -Wmissing-prototypes -Wshadow'
XGETTEXT='/usr/bin/xgettext'
ac_ct_CC=''
ac_ct_DUMPBIN=''
all_backends='$(BFD64_BACKENDS) $(BFD32_BACKENDS)'
am__EXEEXT_FALSE=''
am__EXEEXT_TRUE='#'
am__fastdepCC_FALSE=''
am__fastdepCC_TRUE='#'
am__include='#'
am__isrc=' -I$(srcdir)'
am__leading_dot='.'
am__quote=''
am__tar='${AMTAR} chof - "$$tardir"'
am__untar='${AMTAR} xf -'
bfd64_libs='$(BFD64_LIBS)'
bfd_backends=' elf32-i386.lo elf-ifunc.lo elf-nacl.lo elf-vxworks.lo elf32.lo elf.lo elflink.lo elf-attrs.lo elf-strtab.lo elf-eh-frame.lo dwarf1.lo elf32-gen.lo plugin.lo'
bfd_default_target_size='32'
bfd_file_ptr='BFD_HOST_64_BIT'
bfd_machines=' cpu-i386.lo cpu-plugin.lo'
bfd_ufile_ptr='BFD_HOST_U_64_BIT'
bfdincludedir='$(exec_prefix)/$(host_noncanonical)/$(target_noncanonical)/include'
bfdlibdir='$(exec_prefix)/$(host_noncanonical)/$(target_noncanonical)/lib'
bindir='${exec_prefix}/bin'
build='x86_64-unknown-linux-gnu'
build_alias='x86_64-unknown-linux-gnu'
build_cpu='x86_64'
build_os='linux-gnu'
build_vendor='unknown'
datadir='${datarootdir}'
datarootdir='${prefix}/share'
docdir='${datarootdir}/doc/${PACKAGE}'
dvidir='${docdir}'
exec_prefix='${prefix}'
havevecs='-DHAVE_bfd_elf32_i386_minix_vec -DHAVE_bfd_elf32_little_generic_vec -DHAVE_bfd_elf32_big_generic_vec -DHAVE_plugin_vec'
host='x86_64-unknown-linux-gnu'
host_alias='x86_64-unknown-linux-gnu'
host_cpu='x86_64'
host_noncanonical='x86_64-unknown-linux-gnu'
host_os='linux-gnu'
host_vendor='unknown'
htmldir='${docdir}'
includedir='${prefix}/include'
infodir='${datarootdir}/info'
install_sh='${SHELL} /home/arthur/coding/minix/external/gpl3/binutils/dist/install-sh'
libdir='${exec_prefix}/lib'
libexecdir='${exec_prefix}/libexec'
localedir='${datarootdir}/locale'
localstatedir='${prefix}/var'
lt_cv_dlopen_libs='-ldl'
mandir='${datarootdir}/man'
mkdir_p='/home/arthur/coding/minix/./obj.i386/tooldir.Linux-3.16.0-4-amd64-x86_64/bin/i586-elf32-minix-install -d -p'
oldincludedir='/usr/include'
pdfdir='${docdir}'
prefix='/home/arthur/coding/minix/./obj.i386/tooldir.Linux-3.16.0-4-amd64-x86_64'
program_transform_name='s,^,i586-elf32-minix-,'
psdir='${docdir}'
sbindir='${exec_prefix}/sbin'
sharedstatedir='${prefix}/com'
supports_plugins='1'
sysconfdir='${prefix}/etc'
target='i586-elf32-minix'
target_alias='i586-elf32-minix'
target_cpu='i586'
target_noncanonical='i586-elf32-minix'
target_os='minix'
target_vendor='elf32'
tdefaults=' -DDEFAULT_VECTOR=bfd_elf32_i386_minix_vec -DSELECT_VECS='\''&bfd_elf32_i386_minix_vec,&bfd_elf32_little_generic_vec,&bfd_elf32_big_generic_vec,&plugin_vec'\'' -DSELECT_ARCHITECTURES='\''&bfd_i386_arch,&bfd_plugin_arch'\'''
wordsize='64'

## ----------- ##
## confdefs.h. ##
## ----------- ##

/* confdefs.h */
#define PACKAGE_NAME ""
#define PACKAGE_TARNAME ""
#define PACKAGE_VERSION ""
#define PACKAGE_STRING ""
#define PACKAGE_BUGREPORT ""
#define PACKAGE_URL ""
#define PACKAGE "bfd"
#define VERSION "2.23.2"
#define STDC_HEADERS 1
#define HAVE_SYS_TYPES_H 1
#define HAVE_SYS_STAT_H 1
#define HAVE_STDLIB_H 1
#define HAVE_STRING_H 1
#define HAVE_MEMORY_H 1
#define HAVE_STRINGS_H 1
#define HAVE_INTTYPES_H 1
#define HAVE_STDINT_H 1
#define HAVE_UNISTD_H 1
#define __EXTENSIONS__ 1
#define _ALL_SOURCE 1
#define _GNU_SOURCE 1
#define _POSIX_PTHREAD_SEMANTICS 1
#define _TANDEM_SOURCE 1
#define HAVE_DLFCN_H 1
#define LT_OBJDIR ".libs/"
#define SIZEOF_LONG_LONG 8
#define SIZEOF_VOID_P 8
#define SIZEOF_LONG 8
#define HAVE_ALLOCA_H 1
#define HAVE_STDDEF_H 1
#define HAVE_STRING_H 1
#define HAVE_STRINGS_H 1
#define HAVE_STDLIB_H 1
#define HAVE_TIME_H 1
#define HAVE_UNISTD_H 1
#define HAVE_FCNTL_H 1
#define HAVE_SYS_FILE_H 1
#define HAVE_SYS_TIME_H 1
#define HAVE_SYS_STAT_H 1
#define TIME_WITH_SYS_TIME 1
#define HAVE_DIRENT_H 1
#define HAVE_DLFCN_H 1
#define STRING_WITH_STRINGS 1
#define HAVE_FCNTL 1
#define HAVE_GETPAGESIZE 1
#define HAVE_SETITIMER 1
#define HAVE_SYSCONF 1
#define HAVE_FDOPEN 1
#define HAVE_GETUID 1
#define HAVE_GETGID 1
#define HAVE_FILENO 1
#define HAVE_STRTOULL 1
#define HAVE_DECL_BASENAME 1
#define HAVE_DECL_FTELLO 1
#define HAVE_DECL_FTELLO64 1
#define HAVE_DECL_FSEEKO 1
#define HAVE_DECL_FSEEKO64 1
#define HAVE_DECL_FFS 1
#define HAVE_DECL_FREE 1
#define HAVE_DECL_GETENV 1
#define HAVE_DECL_MALLOC 1
#define HAVE_DECL_REALLOC 1
#define HAVE_DECL_STPCPY 1
#define HAVE_DECL_STRSTR 1
#define HAVE_DECL_SNPRINTF 1
#define HAVE_DECL_VSNPRINTF 1
#define HAVE_ZLIB_H 1
#define HAVE_FTELLO 1
#define HAVE_FTELLO64 1
#define HAVE_FSEEKO 1
#define HAVE_FSEEKO64 1
#define HAVE_FOPEN64 1
#define SIZEOF_OFF_T 8
#define HAVE_STDLIB_H 1
#define HAVE_UNISTD_H 1
#define HAVE_GETPAGESIZE 1
#define HAVE_MMAP 1
#define HAVE_MADVISE 1
#define HAVE_MPROTECT 1

configure: exit 0
