This file contains any messages produced by compilers while
running configure, to aid debugging if configure makes a mistake.

It was created by file configure 5.14, which was
generated by GNU Autoconf 2.69.  Invocation command line was

  $ /home/arthur/coding/minix/tools/file/../../external/bsd/file/dist/configure --program-prefix=nb --disable-shared --disable-warnings --prefix=/home/arthur/coding/minix/./obj.i386/tooldir.Linux-3.16.0-4-amd64-x86_64

## --------- ##
## Platform. ##
## --------- ##

hostname = dent
uname -m = x86_64
uname -r = 3.16.0-4-amd64
uname -s = Linux
uname -v = #1 SMP Debian 3.16.7-ckt7-1 (2015-03-01)

/usr/bin/uname -p = unknown
/bin/uname -X     = unknown

/bin/arch              = unknown
/usr/bin/arch -k       = unknown
/usr/convex/getsysinfo = unknown
/usr/bin/hostinfo      = unknown
/bin/machine           = unknown
/usr/bin/oslevel       = unknown
/bin/universe          = unknown

PATH: /home/arthur/coding/minix/./obj.i386/tooldir.Linux-3.16.0-4-amd64-x86_64/bin
PATH: /bin
PATH: /sbin
PATH: /usr/bin
PATH: /usr/sbin
PATH: /usr/local/bin
PATH: /usr/local/sbin
PATH: /usr/local/bin
PATH: /usr/bin
PATH: /bin
PATH: /usr/local/games
PATH: /usr/games
PATH: /home/jacob/protect
PATH: /home/jacob/protect


## ----------- ##
## Core tests. ##
## ----------- ##

configure:2703: checking for a BSD-compatible install
configure:2771: result: /home/arthur/coding/minix/./obj.i386/tooldir.Linux-3.16.0-4-amd64-x86_64/bin/i586-elf32-minix-install -c -p -r
configure:2782: checking whether build environment is sane
configure:2837: result: yes
configure:2988: checking for a thread-safe mkdir -p
configure:3027: result: /home/arthur/coding/minix/./obj.i386/tooldir.Linux-3.16.0-4-amd64-x86_64/bin/i586-elf32-minix-install -d -p
configure:3034: checking for gawk
configure:3061: result: /home/arthur/coding/minix/./obj.i386/tooldir.Linux-3.16.0-4-amd64-x86_64/bin/nbawk
configure:3072: checking whether /home/arthur/coding/minix/./obj.i386/tooldir.Linux-3.16.0-4-amd64-x86_64/bin/nbmake sets $(MAKE)
configure:3098: result: no
configure:3181: checking whether to enable maintainer-specific portions of Makefiles
configure:3190: result: no
configure:3214: checking whether /home/arthur/coding/minix/./obj.i386/tooldir.Linux-3.16.0-4-amd64-x86_64/bin/nbmake supports nested variables
configure:3231: result: no
configure:3247: checking for builtin ELF support
configure:3264: result: yes
configure:3273: checking for ELF core file support
configure:3290: result: yes
configure:3299: checking for file formats in man section 5
configure:3315: result: no
configure:3326: checking build system type
configure:3340: result: x86_64-unknown-linux-gnu
configure:3360: checking host system type
configure:3373: result: x86_64-unknown-linux-gnu
configure:3437: checking for style of include used by /home/arthur/coding/minix/./obj.i386/tooldir.Linux-3.16.0-4-amd64-x86_64/bin/nbmake
configure:3465: result: none
configure:3536: checking for gcc
configure:3563: result: cc
configure:3792: checking for C compiler version
configure:3801: cc --version >&5
cc (Debian 4.9.2-10) 4.9.2
Copyright (C) 2014 Free Software Foundation, Inc.
This is free software; see the source for copying conditions.  There is NO
warranty; not even for MERCHANTABILITY or FITNESS FOR A PARTICULAR PURPOSE.

configure:3812: $? = 0
configure:3801: cc -v >&5
Using built-in specs.
COLLECT_GCC=cc
COLLECT_LTO_WRAPPER=/usr/lib/gcc/x86_64-linux-gnu/4.9/lto-wrapper
Target: x86_64-linux-gnu
Configured with: ../src/configure -v --with-pkgversion='Debian 4.9.2-10' --with-bugurl=file:///usr/share/doc/gcc-4.9/README.Bugs --enable-languages=c,c++,java,go,d,fortran,objc,obj-c++ --prefix=/usr --program-suffix=-4.9 --enable-shared --enable-linker-build-id --libexecdir=/usr/lib --without-included-gettext --enable-threads=posix --with-gxx-include-dir=/usr/include/c++/4.9 --libdir=/usr/lib --enable-nls --with-sysroot=/ --enable-clocale=gnu --enable-libstdcxx-debug --enable-libstdcxx-time=yes --enable-gnu-unique-object --disable-vtable-verify --enable-plugin --with-system-zlib --disable-browser-plugin --enable-java-awt=gtk --enable-gtk-cairo --with-java-home=/usr/lib/jvm/java-1.5.0-gcj-4.9-amd64/jre --enable-java-home --with-jvm-root-dir=/usr/lib/jvm/java-1.5.0-gcj-4.9-amd64 --with-jvm-jar-dir=/usr/lib/jvm-exports/java-1.5.0-gcj-4.9-amd64 --with-arch-directory=amd64 --with-ecj-jar=/usr/share/java/eclipse-ecj.jar --enable-objc-gc --enable-multiarch --with-arch-32=i586 --with-abi=m64 --with-multilib-list=m32,m64,mx32 --enable-multilib --with-tune=generic --enable-checking=release --build=x86_64-linux-gnu --host=x86_64-linux-gnu --target=x86_64-linux-gnu
Thread model: posix
gcc version 4.9.2 (Debian 4.9.2-10) 
configure:3812: $? = 0
configure:3801: cc -V >&5
cc: error: unrecognized command line option '-V'
cc: fatal error: no input files
compilation terminated.
configure:3812: $? = 4
configure:3801: cc -qversion >&5
cc: error: unrecognized command line option '-qversion'
cc: fatal error: no input files
compilation terminated.
configure:3812: $? = 4
configure:3832: checking whether the C compiler works
configure:3854: cc -O   conftest.c  >&5
configure:3858: $? = 0
configure:3906: result: yes
configure:3909: checking for C compiler default output file name
configure:3911: result: a.out
configure:3917: checking for suffix of executables
configure:3924: cc -o conftest -O   conftest.c  >&5
configure:3928: $? = 0
configure:3950: result: 
configure:3972: checking whether we are cross compiling
configure:3980: cc -o conftest -O   conftest.c  >&5
configure:3984: $? = 0
configure:3991: ./conftest
configure:3995: $? = 0
configure:4010: result: no
configure:4015: checking for suffix of object files
configure:4037: cc -c -O  conftest.c >&5
configure:4041: $? = 0
configure:4062: result: o
configure:4066: checking whether we are using the GNU C compiler
configure:4085: cc -c -O  conftest.c >&5
configure:4085: $? = 0
configure:4094: result: yes
configure:4103: checking whether cc accepts -g
configure:4123: cc -c -g  conftest.c >&5
configure:4123: $? = 0
configure:4164: result: yes
configure:4181: checking for cc option to accept ISO C89
configure:4244: cc  -c -O  conftest.c >&5
configure:4244: $? = 0
configure:4257: result: none needed
configure:4279: checking dependency style of cc
configure:4390: result: none
configure:4409: checking for cc option to accept ISO C99
configure:4558: cc  -c -O  conftest.c >&5
conftest.c:63:29: error: expected ';', ',' or ')' before 'text'
 test_restrict (ccp restrict text)
                             ^
conftest.c: In function 'main':
conftest.c:117:18: error: expected '=', ',', ';', 'asm' or '__attribute__' before 'newvar'
   char *restrict newvar = "Another string";
                  ^
conftest.c:117:18: error: 'newvar' undeclared (first use in this function)
conftest.c:117:18: note: each undeclared identifier is reported only once for each function it appears in
conftest.c:127:3: error: 'for' loop initial declarations are only allowed in C99 or C11 mode
   for (int i = 0; i < ia->datasize; ++i)
   ^
conftest.c:127:3: note: use option -std=c99, -std=gnu99, -std=c11 or -std=gnu11 to compile your code
configure:4558: $? = 1
configure: failed program was:
| /* confdefs.h */
| #define PACKAGE_NAME "file"
| #define PACKAGE_TARNAME "file"
| #define PACKAGE_VERSION "5.14"
| #define PACKAGE_STRING "file 5.14"
| #define PACKAGE_BUGREPORT "christos@astron.com"
| #define PACKAGE_URL ""
| #define PACKAGE "file"
| #define VERSION "5.14"
| #define BUILTIN_ELF 1
| #define ELFCORE 1
| /* end confdefs.h.  */
| #include <stdarg.h>
| #include <stdbool.h>
| #include <stdlib.h>
| #include <wchar.h>
| #include <stdio.h>
| 
| // Check varargs macros.  These examples are taken from C99 6.10.3.5.
| #define debug(...) fprintf (stderr, __VA_ARGS__)
| #define showlist(...) puts (#__VA_ARGS__)
| #define report(test,...) ((test) ? puts (#test) : printf (__VA_ARGS__))
| static void
| test_varargs_macros (void)
| {
|   int x = 1234;
|   int y = 5678;
|   debug ("Flag");
|   debug ("X = %d\n", x);
|   showlist (The first, second, and third items.);
|   report (x>y, "x is %d but y is %d", x, y);
| }
| 
| // Check long long types.
| #define BIG64 18446744073709551615ull
| #define BIG32 4294967295ul
| #define BIG_OK (BIG64 / BIG32 == 4294967297ull && BIG64 % BIG32 == 0)
| #if !BIG_OK
|   your preprocessor is broken;
| #endif
| #if BIG_OK
| #else
|   your preprocessor is broken;
| #endif
| static long long int bignum = -9223372036854775807LL;
| static unsigned long long int ubignum = BIG64;
| 
| struct incomplete_array
| {
|   int datasize;
|   double data[];
| };
| 
| struct named_init {
|   int number;
|   const wchar_t *name;
|   double average;
| };
| 
| typedef const char *ccp;
| 
| static inline int
| test_restrict (ccp restrict text)
| {
|   // See if C++-style comments work.
|   // Iterate through items via the restricted pointer.
|   // Also check for declarations in for loops.
|   for (unsigned int i = 0; *(text+i) != '\0'; ++i)
|     continue;
|   return 0;
| }
| 
| // Check varargs and va_copy.
| static void
| test_varargs (const char *format, ...)
| {
|   va_list args;
|   va_start (args, format);
|   va_list args_copy;
|   va_copy (args_copy, args);
| 
|   const char *str;
|   int number;
|   float fnumber;
| 
|   while (*format)
|     {
|       switch (*format++)
| 	{
| 	case 's': // string
| 	  str = va_arg (args_copy, const char *);
| 	  break;
| 	case 'd': // int
| 	  number = va_arg (args_copy, int);
| 	  break;
| 	case 'f': // float
| 	  fnumber = va_arg (args_copy, double);
| 	  break;
| 	default:
| 	  break;
| 	}
|     }
|   va_end (args_copy);
|   va_end (args);
| }
| 
| int
| main ()
| {
| 
|   // Check bool.
|   _Bool success = false;
| 
|   // Check restrict.
|   if (test_restrict ("String literal") == 0)
|     success = true;
|   char *restrict newvar = "Another string";
| 
|   // Check varargs.
|   test_varargs ("s, d' f .", "string", 65, 34.234);
|   test_varargs_macros ();
| 
|   // Check flexible array members.
|   struct incomplete_array *ia =
|     malloc (sizeof (struct incomplete_array) + (sizeof (double) * 10));
|   ia->datasize = 10;
|   for (int i = 0; i < ia->datasize; ++i)
|     ia->data[i] = i * 1.234;
| 
|   // Check named initializers.
|   struct named_init ni = {
|     .number = 34,
|     .name = L"Test wide string",
|     .average = 543.34343,
|   };
| 
|   ni.number = 58;
| 
|   int dynamic_array[ni.number];
|   dynamic_array[ni.number - 1] = 543;
| 
|   // work around unused variable warnings
|   return (!success || bignum == 0LL || ubignum == 0uLL || newvar[0] == 'x'
| 	  || dynamic_array[ni.number - 1] != 543);
| 
|   ;
|   return 0;
| }
configure:4558: cc -std=gnu99 -c -O  conftest.c >&5
configure:4558: $? = 0
configure:4578: result: -std=gnu99
configure:4679: checking for cc -std=gnu99 option to accept ISO Standard C
configure:4693: result: -std=gnu99
configure:4703: checking how to run the C preprocessor
configure:4734: cc -std=gnu99 -E  conftest.c
configure:4734: $? = 0
configure:4748: cc -std=gnu99 -E  conftest.c
conftest.c:13:28: fatal error: ac_nonexistent.h: No such file or directory
 #include <ac_nonexistent.h>
                            ^
compilation terminated.
configure:4748: $? = 1
configure: failed program was:
| /* confdefs.h */
| #define PACKAGE_NAME "file"
| #define PACKAGE_TARNAME "file"
| #define PACKAGE_VERSION "5.14"
| #define PACKAGE_STRING "file 5.14"
| #define PACKAGE_BUGREPORT "christos@astron.com"
| #define PACKAGE_URL ""
| #define PACKAGE "file"
| #define VERSION "5.14"
| #define BUILTIN_ELF 1
| #define ELFCORE 1
| /* end confdefs.h.  */
| #include <ac_nonexistent.h>
configure:4773: result: cc -std=gnu99 -E
configure:4793: cc -std=gnu99 -E  conftest.c
configure:4793: $? = 0
configure:4807: cc -std=gnu99 -E  conftest.c
conftest.c:13:28: fatal error: ac_nonexistent.h: No such file or directory
 #include <ac_nonexistent.h>
                            ^
compilation terminated.
configure:4807: $? = 1
configure: failed program was:
| /* confdefs.h */
| #define PACKAGE_NAME "file"
| #define PACKAGE_TARNAME "file"
| #define PACKAGE_VERSION "5.14"
| #define PACKAGE_STRING "file 5.14"
| #define PACKAGE_BUGREPORT "christos@astron.com"
| #define PACKAGE_URL ""
| #define PACKAGE "file"
| #define VERSION "5.14"
| #define BUILTIN_ELF 1
| #define ELFCORE 1
| /* end confdefs.h.  */
| #include <ac_nonexistent.h>
configure:4836: checking for grep that handles long lines and -e
configure:4894: result: /bin/grep
configure:4899: checking for egrep
configure:4961: result: /bin/grep -E
configure:4966: checking for ANSI C header files
configure:4986: cc -std=gnu99 -c -O  conftest.c >&5
configure:4986: $? = 0
configure:5059: cc -std=gnu99 -o conftest -O   conftest.c  >&5
configure:5059: $? = 0
configure:5059: ./conftest
configure:5059: $? = 0
configure:5070: result: yes
configure:5083: checking for sys/types.h
configure:5083: cc -std=gnu99 -c -O  conftest.c >&5
configure:5083: $? = 0
configure:5083: result: yes
configure:5083: checking for sys/stat.h
configure:5083: cc -std=gnu99 -c -O  conftest.c >&5
configure:5083: $? = 0
configure:5083: result: yes
configure:5083: checking for stdlib.h
configure:5083: cc -std=gnu99 -c -O  conftest.c >&5
configure:5083: $? = 0
configure:5083: result: yes
configure:5083: checking for string.h
configure:5083: cc -std=gnu99 -c -O  conftest.c >&5
configure:5083: $? = 0
configure:5083: result: yes
configure:5083: checking for memory.h
configure:5083: cc -std=gnu99 -c -O  conftest.c >&5
configure:5083: $? = 0
configure:5083: result: yes
configure:5083: checking for strings.h
configure:5083: cc -std=gnu99 -c -O  conftest.c >&5
configure:5083: $? = 0
configure:5083: result: yes
configure:5083: checking for inttypes.h
configure:5083: cc -std=gnu99 -c -O  conftest.c >&5
configure:5083: $? = 0
configure:5083: result: yes
configure:5083: checking for stdint.h
configure:5083: cc -std=gnu99 -c -O  conftest.c >&5
configure:5083: $? = 0
configure:5083: result: yes
configure:5083: checking for unistd.h
configure:5083: cc -std=gnu99 -c -O  conftest.c >&5
configure:5083: $? = 0
configure:5083: result: yes
configure:5096: checking minix/config.h usability
configure:5096: cc -std=gnu99 -c -O  conftest.c >&5
conftest.c:56:26: fatal error: minix/config.h: No such file or directory
 #include <minix/config.h>
                          ^
compilation terminated.
configure:5096: $? = 1
configure: failed program was:
| /* confdefs.h */
| #define PACKAGE_NAME "file"
| #define PACKAGE_TARNAME "file"
| #define PACKAGE_VERSION "5.14"
| #define PACKAGE_STRING "file 5.14"
| #define PACKAGE_BUGREPORT "christos@astron.com"
| #define PACKAGE_URL ""
| #define PACKAGE "file"
| #define VERSION "5.14"
| #define BUILTIN_ELF 1
| #define ELFCORE 1
| #define STDC_HEADERS 1
| #define HAVE_SYS_TYPES_H 1
| #define HAVE_SYS_STAT_H 1
| #define HAVE_STDLIB_H 1
| #define HAVE_STRING_H 1
| #define HAVE_MEMORY_H 1
| #define HAVE_STRINGS_H 1
| #define HAVE_INTTYPES_H 1
| #define HAVE_STDINT_H 1
| #define HAVE_UNISTD_H 1
| /* end confdefs.h.  */
| #include <stdio.h>
| #ifdef HAVE_SYS_TYPES_H
| # include <sys/types.h>
| #endif
| #ifdef HAVE_SYS_STAT_H
| # include <sys/stat.h>
| #endif
| #ifdef STDC_HEADERS
| # include <stdlib.h>
| # include <stddef.h>
| #else
| # ifdef HAVE_STDLIB_H
| #  include <stdlib.h>
| # endif
| #endif
| #ifdef HAVE_STRING_H
| # if !defined STDC_HEADERS && defined HAVE_MEMORY_H
| #  include <memory.h>
| # endif
| # include <string.h>
| #endif
| #ifdef HAVE_STRINGS_H
| # include <strings.h>
| #endif
| #ifdef HAVE_INTTYPES_H
| # include <inttypes.h>
| #endif
| #ifdef HAVE_STDINT_H
| # include <stdint.h>
| #endif
| #ifdef HAVE_UNISTD_H
| # include <unistd.h>
| #endif
| #include <minix/config.h>
configure:5096: result: no
configure:5096: checking minix/config.h presence
configure:5096: cc -std=gnu99 -E  conftest.c
conftest.c:23:26: fatal error: minix/config.h: No such file or directory
 #include <minix/config.h>
                          ^
compilation terminated.
configure:5096: $? = 1
configure: failed program was:
| /* confdefs.h */
| #define PACKAGE_NAME "file"
| #define PACKAGE_TARNAME "file"
| #define PACKAGE_VERSION "5.14"
| #define PACKAGE_STRING "file 5.14"
| #define PACKAGE_BUGREPORT "christos@astron.com"
| #define PACKAGE_URL ""
| #define PACKAGE "file"
| #define VERSION "5.14"
| #define BUILTIN_ELF 1
| #define ELFCORE 1
| #define STDC_HEADERS 1
| #define HAVE_SYS_TYPES_H 1
| #define HAVE_SYS_STAT_H 1
| #define HAVE_STDLIB_H 1
| #define HAVE_STRING_H 1
| #define HAVE_MEMORY_H 1
| #define HAVE_STRINGS_H 1
| #define HAVE_INTTYPES_H 1
| #define HAVE_STDINT_H 1
| #define HAVE_UNISTD_H 1
| /* end confdefs.h.  */
| #include <minix/config.h>
configure:5096: result: no
configure:5096: checking for minix/config.h
configure:5096: result: no
configure:5117: checking whether it is safe to define __EXTENSIONS__
configure:5135: cc -std=gnu99 -c -O  conftest.c >&5
configure:5135: $? = 0
configure:5142: result: yes
configure:5157: checking whether cc -std=gnu99 and cc understand -c and -o together
configure:5188: cc -std=gnu99 -c conftest.c -o conftest2.o >&5
configure:5192: $? = 0
configure:5198: cc -std=gnu99 -c conftest.c -o conftest2.o >&5
configure:5202: $? = 0
configure:5213: cc -c conftest.c >&5
configure:5217: $? = 0
configure:5225: cc -c conftest.c -o conftest2.o >&5
configure:5229: $? = 0
configure:5235: cc -c conftest.c -o conftest2.o >&5
configure:5239: $? = 0
configure:5257: result: yes
configure:5282: checking whether byte ordering is bigendian
configure:5297: cc -std=gnu99 -c -O  conftest.c >&5
conftest.c:29:9: error: unknown type name 'not'
         not a universal capable compiler
         ^
conftest.c:29:15: error: expected '=', ',', ';', 'asm' or '__attribute__' before 'universal'
         not a universal capable compiler
               ^
conftest.c:29:15: error: unknown type name 'universal'
configure:5297: $? = 1
configure: failed program was:
| /* confdefs.h */
| #define PACKAGE_NAME "file"
| #define PACKAGE_TARNAME "file"
| #define PACKAGE_VERSION "5.14"
| #define PACKAGE_STRING "file 5.14"
| #define PACKAGE_BUGREPORT "christos@astron.com"
| #define PACKAGE_URL ""
| #define PACKAGE "file"
| #define VERSION "5.14"
| #define BUILTIN_ELF 1
| #define ELFCORE 1
| #define STDC_HEADERS 1
| #define HAVE_SYS_TYPES_H 1
| #define HAVE_SYS_STAT_H 1
| #define HAVE_STDLIB_H 1
| #define HAVE_STRING_H 1
| #define HAVE_MEMORY_H 1
| #define HAVE_STRINGS_H 1
| #define HAVE_INTTYPES_H 1
| #define HAVE_STDINT_H 1
| #define HAVE_UNISTD_H 1
| #define __EXTENSIONS__ 1
| #define _ALL_SOURCE 1
| #define _GNU_SOURCE 1
| #define _POSIX_PTHREAD_SEMANTICS 1
| #define _TANDEM_SOURCE 1
| /* end confdefs.h.  */
| #ifndef __APPLE_CC__
| 	       not a universal capable compiler
| 	     #endif
| 	     typedef int dummy;
| 
configure:5342: cc -std=gnu99 -c -O  conftest.c >&5
configure:5342: $? = 0
configure:5360: cc -std=gnu99 -c -O  conftest.c >&5
conftest.c: In function 'main':
conftest.c:35:4: error: unknown type name 'not'
    not big endian
    ^
conftest.c:35:12: error: expected '=', ',', ';', 'asm' or '__attribute__' before 'endian'
    not big endian
            ^
configure:5360: $? = 1
configure: failed program was:
| /* confdefs.h */
| #define PACKAGE_NAME "file"
| #define PACKAGE_TARNAME "file"
| #define PACKAGE_VERSION "5.14"
| #define PACKAGE_STRING "file 5.14"
| #define PACKAGE_BUGREPORT "christos@astron.com"
| #define PACKAGE_URL ""
| #define PACKAGE "file"
| #define VERSION "5.14"
| #define BUILTIN_ELF 1
| #define ELFCORE 1
| #define STDC_HEADERS 1
| #define HAVE_SYS_TYPES_H 1
| #define HAVE_SYS_STAT_H 1
| #define HAVE_STDLIB_H 1
| #define HAVE_STRING_H 1
| #define HAVE_MEMORY_H 1
| #define HAVE_STRINGS_H 1
| #define HAVE_INTTYPES_H 1
| #define HAVE_STDINT_H 1
| #define HAVE_UNISTD_H 1
| #define __EXTENSIONS__ 1
| #define _ALL_SOURCE 1
| #define _GNU_SOURCE 1
| #define _POSIX_PTHREAD_SEMANTICS 1
| #define _TANDEM_SOURCE 1
| /* end confdefs.h.  */
| #include <sys/types.h>
| 		#include <sys/param.h>
| 
| int
| main ()
| {
| #if BYTE_ORDER != BIG_ENDIAN
| 		 not big endian
| 		#endif
| 
|   ;
|   return 0;
| }
configure:5488: result: no
configure:5507: checking whether ln -s works
configure:5511: result: yes
configure:5543: checking for a sed that does not truncate output
configure:5607: result: /bin/sed
configure:5625: checking for fgrep
configure:5687: result: /bin/grep -F
configure:5722: checking for ld used by cc -std=gnu99
configure:5789: result: /usr/bin/ld
configure:5796: checking if the linker (/usr/bin/ld) is GNU ld
configure:5811: result: yes
configure:5823: checking for BSD- or MS-compatible name lister (nm)
configure:5872: result: /usr/bin/nm -B
configure:5990: checking the name lister (/usr/bin/nm -B) interface
configure:5997: cc -std=gnu99 -c -O  conftest.c >&5
configure:6000: /usr/bin/nm -B "conftest.o"
configure:6003: output
0000000000000000 B some_variable
configure:6010: result: BSD nm
configure:6014: checking the maximum length of command line arguments
configure:6134: result: 1572864
configure:6151: checking whether the shell understands some XSI constructs
configure:6161: result: yes
configure:6165: checking whether the shell understands "+="
configure:6171: result: no
configure:6206: checking for /usr/bin/ld option to reload object files
configure:6213: result: -r
configure:6282: checking for objdump
configure:6298: found /usr/bin/objdump
configure:6309: result: objdump
configure:6341: checking how to recognize dependent libraries
configure:6537: result: pass_all
configure:6597: checking for ar
configure:6624: result: ar
configure:6702: checking for strip
configure:6718: found /usr/bin/strip
configure:6729: result: strip
configure:6801: checking for ranlib
configure:6828: result: ranlib
configure:6918: checking command to parse /usr/bin/nm -B output from cc -std=gnu99 object
configure:7036: cc -std=gnu99 -c -O  conftest.c >&5
configure:7039: $? = 0
configure:7043: /usr/bin/nm -B conftest.o \| sed -n -e 's/^.*[	 ]\([ABCDGIRSTW][ABCDGIRSTW]*\)[	 ][	 ]*\([_A-Za-z][_A-Za-z0-9]*\)$/  /p' \> conftest.nm
configure:7046: $? = 0
configure:7100: cc -std=gnu99 -o conftest -O   conftest.c conftstm.o >&5
configure:7103: $? = 0
configure:7141: result: ok
configure:7236: cc -std=gnu99 -c -O  conftest.c >&5
configure:7239: $? = 0
configure:7946: checking for dlfcn.h
configure:7946: cc -std=gnu99 -c -O  conftest.c >&5
configure:7946: $? = 0
configure:7946: result: yes
configure:8128: checking for objdir
configure:8143: result: .libs
configure:8439: checking if cc -std=gnu99 supports -fno-rtti -fno-exceptions
configure:8457: cc -std=gnu99 -c -O  -fno-rtti -fno-exceptions conftest.c >&5
cc1: warning: command line option '-fno-rtti' is valid for C++/ObjC++ but not for C
configure:8461: $? = 0
configure:8474: result: no
configure:8494: checking for cc -std=gnu99 option to produce PIC
configure:8766: result: -fPIC -DPIC
configure:8778: checking if cc -std=gnu99 PIC flag -fPIC -DPIC works
configure:8796: cc -std=gnu99 -c -O  -fPIC -DPIC -DPIC conftest.c >&5
configure:8800: $? = 0
configure:8813: result: yes
configure:8837: checking if cc -std=gnu99 static flag -static works
configure:8865: result: yes
configure:8880: checking if cc -std=gnu99 supports -c -o file.o
configure:8901: cc -std=gnu99 -c -O  -o out/conftest2.o conftest.c >&5
configure:8905: $? = 0
configure:8927: result: yes
configure:8935: checking if cc -std=gnu99 supports -c -o file.o
configure:8982: result: yes
configure:9015: checking whether the cc -std=gnu99 linker (/usr/bin/ld -m elf_x86_64) supports shared libraries
configure:10001: result: yes
configure:10240: checking dynamic linker characteristics
configure:10673: cc -std=gnu99 -o conftest -O   -Wl,-rpath -Wl,/foo conftest.c  >&5
configure:10673: $? = 0
configure:10891: result: GNU/Linux ld.so
configure:10993: checking how to hardcode library paths into programs
configure:11018: result: immediate
configure:11538: checking whether stripping libraries is possible
configure:11543: result: yes
configure:11578: checking if libtool supports shared libraries
configure:11580: result: yes
configure:11583: checking whether to build shared libraries
configure:11604: result: no
configure:11607: checking whether to build static libraries
configure:11611: result: yes
configure:11651: checking whether the -Werror option is usable
configure:11670: cc -std=gnu99 -c -O -Werror  conftest.c >&5
configure:11670: $? = 0
configure:11679: result: yes
configure:11681: checking for simple visibility declarations
configure:11707: cc -std=gnu99 -c -O -fvisibility=hidden -Werror  conftest.c >&5
configure:11707: $? = 0
configure:11716: result: yes
configure:11731: checking for ANSI C header files
configure:11835: result: yes
configure:11843: checking whether sys/types.h defines makedev
configure:11859: cc -std=gnu99 -o conftest -O   conftest.c  >&5
configure:11859: $? = 0
configure:11868: result: yes
configure:11893: checking for sys/wait.h that is POSIX.1 compatible
configure:11919: cc -std=gnu99 -c -O  conftest.c >&5
configure:11919: $? = 0
configure:11926: result: yes
configure:11937: checking for stdint.h
configure:11937: result: yes
configure:11937: checking fcntl.h usability
configure:11937: cc -std=gnu99 -c -O  conftest.c >&5
configure:11937: $? = 0
configure:11937: result: yes
configure:11937: checking fcntl.h presence
configure:11937: cc -std=gnu99 -E  conftest.c
configure:11937: $? = 0
configure:11937: result: yes
configure:11937: checking for fcntl.h
configure:11937: result: yes
configure:11937: checking locale.h usability
configure:11937: cc -std=gnu99 -c -O  conftest.c >&5
configure:11937: $? = 0
configure:11937: result: yes
configure:11937: checking locale.h presence
configure:11937: cc -std=gnu99 -E  conftest.c
configure:11937: $? = 0
configure:11937: result: yes
configure:11937: checking for locale.h
configure:11937: result: yes
configure:11937: checking for stdint.h
configure:11937: result: yes
configure:11937: checking for inttypes.h
configure:11937: result: yes
configure:11937: checking for unistd.h
configure:11937: result: yes
configure:11950: checking stddef.h usability
configure:11950: cc -std=gnu99 -c -O  conftest.c >&5
configure:11950: $? = 0
configure:11950: result: yes
configure:11950: checking stddef.h presence
configure:11950: cc -std=gnu99 -E  conftest.c
configure:11950: $? = 0
configure:11950: result: yes
configure:11950: checking for stddef.h
configure:11950: result: yes
configure:11950: checking utime.h usability
configure:11950: cc -std=gnu99 -c -O  conftest.c >&5
configure:11950: $? = 0
configure:11950: result: yes
configure:11950: checking utime.h presence
configure:11950: cc -std=gnu99 -E  conftest.c
configure:11950: $? = 0
configure:11950: result: yes
configure:11950: checking for utime.h
configure:11950: result: yes
configure:11950: checking wchar.h usability
configure:11950: cc -std=gnu99 -c -O  conftest.c >&5
configure:11950: $? = 0
configure:11950: result: yes
configure:11950: checking wchar.h presence
configure:11950: cc -std=gnu99 -E  conftest.c
configure:11950: $? = 0
configure:11950: result: yes
configure:11950: checking for wchar.h
configure:11950: result: yes
configure:11950: checking wctype.h usability
configure:11950: cc -std=gnu99 -c -O  conftest.c >&5
configure:11950: $? = 0
configure:11950: result: yes
configure:11950: checking wctype.h presence
configure:11950: cc -std=gnu99 -E  conftest.c
configure:11950: $? = 0
configure:11950: result: yes
configure:11950: checking for wctype.h
configure:11950: result: yes
configure:11950: checking limits.h usability
configure:11950: cc -std=gnu99 -c -O  conftest.c >&5
configure:11950: $? = 0
configure:11950: result: yes
configure:11950: checking limits.h presence
configure:11950: cc -std=gnu99 -E  conftest.c
configure:11950: $? = 0
configure:11950: result: yes
configure:11950: checking for limits.h
configure:11950: result: yes
configure:11963: checking getopt.h usability
configure:11963: cc -std=gnu99 -c -O  conftest.c >&5
configure:11963: $? = 0
configure:11963: result: yes
configure:11963: checking getopt.h presence
configure:11963: cc -std=gnu99 -E  conftest.c
configure:11963: $? = 0
configure:11963: result: yes
configure:11963: checking for getopt.h
configure:11963: result: yes
configure:11963: checking err.h usability
configure:11963: cc -std=gnu99 -c -O  conftest.c >&5
configure:11963: $? = 0
configure:11963: result: yes
configure:11963: checking err.h presence
configure:11963: cc -std=gnu99 -E  conftest.c
configure:11963: $? = 0
configure:11963: result: yes
configure:11963: checking for err.h
configure:11963: result: yes
configure:11976: checking sys/mman.h usability
configure:11976: cc -std=gnu99 -c -O  conftest.c >&5
configure:11976: $? = 0
configure:11976: result: yes
configure:11976: checking sys/mman.h presence
configure:11976: cc -std=gnu99 -E  conftest.c
configure:11976: $? = 0
configure:11976: result: yes
configure:11976: checking for sys/mman.h
configure:11976: result: yes
configure:11976: checking for sys/stat.h
configure:11976: result: yes
configure:11976: checking for sys/types.h
configure:11976: result: yes
configure:11976: checking sys/utime.h usability
configure:11976: cc -std=gnu99 -c -O  conftest.c >&5
conftest.c:82:23: fatal error: sys/utime.h: No such file or directory
 #include <sys/utime.h>
                       ^
compilation terminated.
configure:11976: $? = 1
configure: failed program was:
| /* confdefs.h */
| #define PACKAGE_NAME "file"
| #define PACKAGE_TARNAME "file"
| #define PACKAGE_VERSION "5.14"
| #define PACKAGE_STRING "file 5.14"
| #define PACKAGE_BUGREPORT "christos@astron.com"
| #define PACKAGE_URL ""
| #define PACKAGE "file"
| #define VERSION "5.14"
| #define BUILTIN_ELF 1
| #define ELFCORE 1
| #define STDC_HEADERS 1
| #define HAVE_SYS_TYPES_H 1
| #define HAVE_SYS_STAT_H 1
| #define HAVE_STDLIB_H 1
| #define HAVE_STRING_H 1
| #define HAVE_MEMORY_H 1
| #define HAVE_STRINGS_H 1
| #define HAVE_INTTYPES_H 1
| #define HAVE_STDINT_H 1
| #define HAVE_UNISTD_H 1
| #define __EXTENSIONS__ 1
| #define _ALL_SOURCE 1
| #define _GNU_SOURCE 1
| #define _POSIX_PTHREAD_SEMANTICS 1
| #define _TANDEM_SOURCE 1
| #define HAVE_DLFCN_H 1
| #define LT_OBJDIR ".libs/"
| #define HAVE_VISIBILITY 1
| #define STDC_HEADERS 1
| #define HAVE_SYS_WAIT_H 1
| #define HAVE_STDINT_H 1
| #define HAVE_FCNTL_H 1
| #define HAVE_LOCALE_H 1
| #define HAVE_STDINT_H 1
| #define HAVE_INTTYPES_H 1
| #define HAVE_UNISTD_H 1
| #define HAVE_STDDEF_H 1
| #define HAVE_UTIME_H 1
| #define HAVE_WCHAR_H 1
| #define HAVE_WCTYPE_H 1
| #define HAVE_LIMITS_H 1
| #define HAVE_GETOPT_H 1
| #define HAVE_ERR_H 1
| #define HAVE_SYS_MMAN_H 1
| #define HAVE_SYS_STAT_H 1
| #define HAVE_SYS_TYPES_H 1
| /* end confdefs.h.  */
| #include <stdio.h>
| #ifdef HAVE_SYS_TYPES_H
| # include <sys/types.h>
| #endif
| #ifdef HAVE_SYS_STAT_H
| # include <sys/stat.h>
| #endif
| #ifdef STDC_HEADERS
| # include <stdlib.h>
| # include <stddef.h>
| #else
| # ifdef HAVE_STDLIB_H
| #  include <stdlib.h>
| # endif
| #endif
| #ifdef HAVE_STRING_H
| # if !defined STDC_HEADERS && defined HAVE_MEMORY_H
| #  include <memory.h>
| # endif
| # include <string.h>
| #endif
| #ifdef HAVE_STRINGS_H
| # include <strings.h>
| #endif
| #ifdef HAVE_INTTYPES_H
| # include <inttypes.h>
| #endif
| #ifdef HAVE_STDINT_H
| # include <stdint.h>
| #endif
| #ifdef HAVE_UNISTD_H
| # include <unistd.h>
| #endif
| #include <sys/utime.h>
configure:11976: result: no
configure:11976: checking sys/utime.h presence
configure:11976: cc -std=gnu99 -E  conftest.c
conftest.c:49:23: fatal error: sys/utime.h: No such file or directory
 #include <sys/utime.h>
                       ^
compilation terminated.
configure:11976: $? = 1
configure: failed program was:
| /* confdefs.h */
| #define PACKAGE_NAME "file"
| #define PACKAGE_TARNAME "file"
| #define PACKAGE_VERSION "5.14"
| #define PACKAGE_STRING "file 5.14"
| #define PACKAGE_BUGREPORT "christos@astron.com"
| #define PACKAGE_URL ""
| #define PACKAGE "file"
| #define VERSION "5.14"
| #define BUILTIN_ELF 1
| #define ELFCORE 1
| #define STDC_HEADERS 1
| #define HAVE_SYS_TYPES_H 1
| #define HAVE_SYS_STAT_H 1
| #define HAVE_STDLIB_H 1
| #define HAVE_STRING_H 1
| #define HAVE_MEMORY_H 1
| #define HAVE_STRINGS_H 1
| #define HAVE_INTTYPES_H 1
| #define HAVE_STDINT_H 1
| #define HAVE_UNISTD_H 1
| #define __EXTENSIONS__ 1
| #define _ALL_SOURCE 1
| #define _GNU_SOURCE 1
| #define _POSIX_PTHREAD_SEMANTICS 1
| #define _TANDEM_SOURCE 1
| #define HAVE_DLFCN_H 1
| #define LT_OBJDIR ".libs/"
| #define HAVE_VISIBILITY 1
| #define STDC_HEADERS 1
| #define HAVE_SYS_WAIT_H 1
| #define HAVE_STDINT_H 1
| #define HAVE_FCNTL_H 1
| #define HAVE_LOCALE_H 1
| #define HAVE_STDINT_H 1
| #define HAVE_INTTYPES_H 1
| #define HAVE_UNISTD_H 1
| #define HAVE_STDDEF_H 1
| #define HAVE_UTIME_H 1
| #define HAVE_WCHAR_H 1
| #define HAVE_WCTYPE_H 1
| #define HAVE_LIMITS_H 1
| #define HAVE_GETOPT_H 1
| #define HAVE_ERR_H 1
| #define HAVE_SYS_MMAN_H 1
| #define HAVE_SYS_STAT_H 1
| #define HAVE_SYS_TYPES_H 1
| /* end confdefs.h.  */
| #include <sys/utime.h>
configure:11976: result: no
configure:11976: checking for sys/utime.h
configure:11976: result: no
configure:11976: checking sys/time.h usability
configure:11976: cc -std=gnu99 -c -O  conftest.c >&5
configure:11976: $? = 0
configure:11976: result: yes
configure:11976: checking sys/time.h presence
configure:11976: cc -std=gnu99 -E  conftest.c
configure:11976: $? = 0
configure:11976: result: yes
configure:11976: checking for sys/time.h
configure:11976: result: yes
configure:11988: checking zlib.h usability
configure:11988: cc -std=gnu99 -c -O  conftest.c >&5
configure:11988: $? = 0
configure:11988: result: yes
configure:11988: checking zlib.h presence
configure:11988: cc -std=gnu99 -E  conftest.c
configure:11988: $? = 0
configure:11988: result: yes
configure:11988: checking for zlib.h
configure:11988: result: yes
configure:11999: checking for an ANSI C-conforming const
configure:12065: cc -std=gnu99 -c -O  conftest.c >&5
configure:12065: $? = 0
configure:12072: result: yes
configure:12080: checking for off_t
configure:12080: cc -std=gnu99 -c -O  conftest.c >&5
configure:12080: $? = 0
configure:12080: cc -std=gnu99 -c -O  conftest.c >&5
conftest.c: In function 'main':
conftest.c:87:20: error: expected expression before ')' token
 if (sizeof ((off_t)))
                    ^
configure:12080: $? = 1
configure: failed program was:
| /* confdefs.h */
| #define PACKAGE_NAME "file"
| #define PACKAGE_TARNAME "file"
| #define PACKAGE_VERSION "5.14"
| #define PACKAGE_STRING "file 5.14"
| #define PACKAGE_BUGREPORT "christos@astron.com"
| #define PACKAGE_URL ""
| #define PACKAGE "file"
| #define VERSION "5.14"
| #define BUILTIN_ELF 1
| #define ELFCORE 1
| #define STDC_HEADERS 1
| #define HAVE_SYS_TYPES_H 1
| #define HAVE_SYS_STAT_H 1
| #define HAVE_STDLIB_H 1
| #define HAVE_STRING_H 1
| #define HAVE_MEMORY_H 1
| #define HAVE_STRINGS_H 1
| #define HAVE_INTTYPES_H 1
| #define HAVE_STDINT_H 1
| #define HAVE_UNISTD_H 1
| #define __EXTENSIONS__ 1
| #define _ALL_SOURCE 1
| #define _GNU_SOURCE 1
| #define _POSIX_PTHREAD_SEMANTICS 1
| #define _TANDEM_SOURCE 1
| #define HAVE_DLFCN_H 1
| #define LT_OBJDIR ".libs/"
| #define HAVE_VISIBILITY 1
| #define STDC_HEADERS 1
| #define HAVE_SYS_WAIT_H 1
| #define HAVE_STDINT_H 1
| #define HAVE_FCNTL_H 1
| #define HAVE_LOCALE_H 1
| #define HAVE_STDINT_H 1
| #define HAVE_INTTYPES_H 1
| #define HAVE_UNISTD_H 1
| #define HAVE_STDDEF_H 1
| #define HAVE_UTIME_H 1
| #define HAVE_WCHAR_H 1
| #define HAVE_WCTYPE_H 1
| #define HAVE_LIMITS_H 1
| #define HAVE_GETOPT_H 1
| #define HAVE_ERR_H 1
| #define HAVE_SYS_MMAN_H 1
| #define HAVE_SYS_STAT_H 1
| #define HAVE_SYS_TYPES_H 1
| #define HAVE_SYS_TIME_H 1
| #define HAVE_ZLIB_H 1
| /* end confdefs.h.  */
| #include <stdio.h>
| #ifdef HAVE_SYS_TYPES_H
| # include <sys/types.h>
| #endif
| #ifdef HAVE_SYS_STAT_H
| # include <sys/stat.h>
| #endif
| #ifdef STDC_HEADERS
| # include <stdlib.h>
| # include <stddef.h>
| #else
| # ifdef HAVE_STDLIB_H
| #  include <stdlib.h>
| # endif
| #endif
| #ifdef HAVE_STRING_H
| # if !defined STDC_HEADERS && defined HAVE_MEMORY_H
| #  include <memory.h>
| # endif
| # include <string.h>
| #endif
| #ifdef HAVE_STRINGS_H
| # include <strings.h>
| #endif
| #ifdef HAVE_INTTYPES_H
| # include <inttypes.h>
| #endif
| #ifdef HAVE_STDINT_H
| # include <stdint.h>
| #endif
| #ifdef HAVE_UNISTD_H
| # include <unistd.h>
| #endif
| int
| main ()
| {
| if (sizeof ((off_t)))
| 	    return 0;
|   ;
|   return 0;
| }
configure:12080: result: yes
configure:12091: checking for size_t
configure:12091: cc -std=gnu99 -c -O  conftest.c >&5
configure:12091: $? = 0
configure:12091: cc -std=gnu99 -c -O  conftest.c >&5
conftest.c: In function 'main':
conftest.c:87:21: error: expected expression before ')' token
 if (sizeof ((size_t)))
                     ^
configure:12091: $? = 1
configure: failed program was:
| /* confdefs.h */
| #define PACKAGE_NAME "file"
| #define PACKAGE_TARNAME "file"
| #define PACKAGE_VERSION "5.14"
| #define PACKAGE_STRING "file 5.14"
| #define PACKAGE_BUGREPORT "christos@astron.com"
| #define PACKAGE_URL ""
| #define PACKAGE "file"
| #define VERSION "5.14"
| #define BUILTIN_ELF 1
| #define ELFCORE 1
| #define STDC_HEADERS 1
| #define HAVE_SYS_TYPES_H 1
| #define HAVE_SYS_STAT_H 1
| #define HAVE_STDLIB_H 1
| #define HAVE_STRING_H 1
| #define HAVE_MEMORY_H 1
| #define HAVE_STRINGS_H 1
| #define HAVE_INTTYPES_H 1
| #define HAVE_STDINT_H 1
| #define HAVE_UNISTD_H 1
| #define __EXTENSIONS__ 1
| #define _ALL_SOURCE 1
| #define _GNU_SOURCE 1
| #define _POSIX_PTHREAD_SEMANTICS 1
| #define _TANDEM_SOURCE 1
| #define HAVE_DLFCN_H 1
| #define LT_OBJDIR ".libs/"
| #define HAVE_VISIBILITY 1
| #define STDC_HEADERS 1
| #define HAVE_SYS_WAIT_H 1
| #define HAVE_STDINT_H 1
| #define HAVE_FCNTL_H 1
| #define HAVE_LOCALE_H 1
| #define HAVE_STDINT_H 1
| #define HAVE_INTTYPES_H 1
| #define HAVE_UNISTD_H 1
| #define HAVE_STDDEF_H 1
| #define HAVE_UTIME_H 1
| #define HAVE_WCHAR_H 1
| #define HAVE_WCTYPE_H 1
| #define HAVE_LIMITS_H 1
| #define HAVE_GETOPT_H 1
| #define HAVE_ERR_H 1
| #define HAVE_SYS_MMAN_H 1
| #define HAVE_SYS_STAT_H 1
| #define HAVE_SYS_TYPES_H 1
| #define HAVE_SYS_TIME_H 1
| #define HAVE_ZLIB_H 1
| /* end confdefs.h.  */
| #include <stdio.h>
| #ifdef HAVE_SYS_TYPES_H
| # include <sys/types.h>
| #endif
| #ifdef HAVE_SYS_STAT_H
| # include <sys/stat.h>
| #endif
| #ifdef STDC_HEADERS
| # include <stdlib.h>
| # include <stddef.h>
| #else
| # ifdef HAVE_STDLIB_H
| #  include <stdlib.h>
| # endif
| #endif
| #ifdef HAVE_STRING_H
| # if !defined STDC_HEADERS && defined HAVE_MEMORY_H
| #  include <memory.h>
| # endif
| # include <string.h>
| #endif
| #ifdef HAVE_STRINGS_H
| # include <strings.h>
| #endif
| #ifdef HAVE_INTTYPES_H
| # include <inttypes.h>
| #endif
| #ifdef HAVE_STDINT_H
| # include <stdint.h>
| #endif
| #ifdef HAVE_UNISTD_H
| # include <unistd.h>
| #endif
| int
| main ()
| {
| if (sizeof ((size_t)))
| 	    return 0;
|   ;
|   return 0;
| }
configure:12091: result: yes
configure:12102: checking for struct stat.st_rdev
configure:12102: cc -std=gnu99 -c -O  conftest.c >&5
configure:12102: $? = 0
configure:12102: result: yes
configure:12113: checking for struct tm.tm_gmtoff
configure:12113: cc -std=gnu99 -c -O  conftest.c >&5
conftest.c: In function 'main':
conftest.c:88:18: error: storage size of 'ac_aggr' isn't known
 static struct tm ac_aggr;
                  ^
configure:12113: $? = 1
configure: failed program was:
| /* confdefs.h */
| #define PACKAGE_NAME "file"
| #define PACKAGE_TARNAME "file"
| #define PACKAGE_VERSION "5.14"
| #define PACKAGE_STRING "file 5.14"
| #define PACKAGE_BUGREPORT "christos@astron.com"
| #define PACKAGE_URL ""
| #define PACKAGE "file"
| #define VERSION "5.14"
| #define BUILTIN_ELF 1
| #define ELFCORE 1
| #define STDC_HEADERS 1
| #define HAVE_SYS_TYPES_H 1
| #define HAVE_SYS_STAT_H 1
| #define HAVE_STDLIB_H 1
| #define HAVE_STRING_H 1
| #define HAVE_MEMORY_H 1
| #define HAVE_STRINGS_H 1
| #define HAVE_INTTYPES_H 1
| #define HAVE_STDINT_H 1
| #define HAVE_UNISTD_H 1
| #define __EXTENSIONS__ 1
| #define _ALL_SOURCE 1
| #define _GNU_SOURCE 1
| #define _POSIX_PTHREAD_SEMANTICS 1
| #define _TANDEM_SOURCE 1
| #define HAVE_DLFCN_H 1
| #define LT_OBJDIR ".libs/"
| #define HAVE_VISIBILITY 1
| #define STDC_HEADERS 1
| #define HAVE_SYS_WAIT_H 1
| #define HAVE_STDINT_H 1
| #define HAVE_FCNTL_H 1
| #define HAVE_LOCALE_H 1
| #define HAVE_STDINT_H 1
| #define HAVE_INTTYPES_H 1
| #define HAVE_UNISTD_H 1
| #define HAVE_STDDEF_H 1
| #define HAVE_UTIME_H 1
| #define HAVE_WCHAR_H 1
| #define HAVE_WCTYPE_H 1
| #define HAVE_LIMITS_H 1
| #define HAVE_GETOPT_H 1
| #define HAVE_ERR_H 1
| #define HAVE_SYS_MMAN_H 1
| #define HAVE_SYS_STAT_H 1
| #define HAVE_SYS_TYPES_H 1
| #define HAVE_SYS_TIME_H 1
| #define HAVE_ZLIB_H 1
| #define HAVE_STRUCT_STAT_ST_RDEV 1
| /* end confdefs.h.  */
| #include <stdio.h>
| #ifdef HAVE_SYS_TYPES_H
| # include <sys/types.h>
| #endif
| #ifdef HAVE_SYS_STAT_H
| # include <sys/stat.h>
| #endif
| #ifdef STDC_HEADERS
| # include <stdlib.h>
| # include <stddef.h>
| #else
| # ifdef HAVE_STDLIB_H
| #  include <stdlib.h>
| # endif
| #endif
| #ifdef HAVE_STRING_H
| # if !defined STDC_HEADERS && defined HAVE_MEMORY_H
| #  include <memory.h>
| # endif
| # include <string.h>
| #endif
| #ifdef HAVE_STRINGS_H
| # include <strings.h>
| #endif
| #ifdef HAVE_INTTYPES_H
| # include <inttypes.h>
| #endif
| #ifdef HAVE_STDINT_H
| # include <stdint.h>
| #endif
| #ifdef HAVE_UNISTD_H
| # include <unistd.h>
| #endif
| int
| main ()
| {
| static struct tm ac_aggr;
| if (ac_aggr.tm_gmtoff)
| return 0;
|   ;
|   return 0;
| }
configure:12113: cc -std=gnu99 -c -O  conftest.c >&5
conftest.c: In function 'main':
conftest.c:88:18: error: storage size of 'ac_aggr' isn't known
 static struct tm ac_aggr;
                  ^
configure:12113: $? = 1
configure: failed program was:
| /* confdefs.h */
| #define PACKAGE_NAME "file"
| #define PACKAGE_TARNAME "file"
| #define PACKAGE_VERSION "5.14"
| #define PACKAGE_STRING "file 5.14"
| #define PACKAGE_BUGREPORT "christos@astron.com"
| #define PACKAGE_URL ""
| #define PACKAGE "file"
| #define VERSION "5.14"
| #define BUILTIN_ELF 1
| #define ELFCORE 1
| #define STDC_HEADERS 1
| #define HAVE_SYS_TYPES_H 1
| #define HAVE_SYS_STAT_H 1
| #define HAVE_STDLIB_H 1
| #define HAVE_STRING_H 1
| #define HAVE_MEMORY_H 1
| #define HAVE_STRINGS_H 1
| #define HAVE_INTTYPES_H 1
| #define HAVE_STDINT_H 1
| #define HAVE_UNISTD_H 1
| #define __EXTENSIONS__ 1
| #define _ALL_SOURCE 1
| #define _GNU_SOURCE 1
| #define _POSIX_PTHREAD_SEMANTICS 1
| #define _TANDEM_SOURCE 1
| #define HAVE_DLFCN_H 1
| #define LT_OBJDIR ".libs/"
| #define HAVE_VISIBILITY 1
| #define STDC_HEADERS 1
| #define HAVE_SYS_WAIT_H 1
| #define HAVE_STDINT_H 1
| #define HAVE_FCNTL_H 1
| #define HAVE_LOCALE_H 1
| #define HAVE_STDINT_H 1
| #define HAVE_INTTYPES_H 1
| #define HAVE_UNISTD_H 1
| #define HAVE_STDDEF_H 1
| #define HAVE_UTIME_H 1
| #define HAVE_WCHAR_H 1
| #define HAVE_WCTYPE_H 1
| #define HAVE_LIMITS_H 1
| #define HAVE_GETOPT_H 1
| #define HAVE_ERR_H 1
| #define HAVE_SYS_MMAN_H 1
| #define HAVE_SYS_STAT_H 1
| #define HAVE_SYS_TYPES_H 1
| #define HAVE_SYS_TIME_H 1
| #define HAVE_ZLIB_H 1
| #define HAVE_STRUCT_STAT_ST_RDEV 1
| /* end confdefs.h.  */
| #include <stdio.h>
| #ifdef HAVE_SYS_TYPES_H
| # include <sys/types.h>
| #endif
| #ifdef HAVE_SYS_STAT_H
| # include <sys/stat.h>
| #endif
| #ifdef STDC_HEADERS
| # include <stdlib.h>
| # include <stddef.h>
| #else
| # ifdef HAVE_STDLIB_H
| #  include <stdlib.h>
| # endif
| #endif
| #ifdef HAVE_STRING_H
| # if !defined STDC_HEADERS && defined HAVE_MEMORY_H
| #  include <memory.h>
| # endif
| # include <string.h>
| #endif
| #ifdef HAVE_STRINGS_H
| # include <strings.h>
| #endif
| #ifdef HAVE_INTTYPES_H
| # include <inttypes.h>
| #endif
| #ifdef HAVE_STDINT_H
| # include <stdint.h>
| #endif
| #ifdef HAVE_UNISTD_H
| # include <unistd.h>
| #endif
| int
| main ()
| {
| static struct tm ac_aggr;
| if (sizeof ac_aggr.tm_gmtoff)
| return 0;
|   ;
|   return 0;
| }
configure:12113: result: no
configure:12123: checking whether struct tm is in sys/time.h or time.h
configure:12143: cc -std=gnu99 -c -O  conftest.c >&5
configure:12143: $? = 0
configure:12150: result: time.h
configure:12158: checking for struct tm.tm_zone
configure:12158: cc -std=gnu99 -c -O  conftest.c >&5
configure:12158: $? = 0
configure:12158: result: yes
configure:12225: checking for tm_zone in struct tm
configure:12242: cc -std=gnu99 -c -O  conftest.c >&5
configure:12242: $? = 0
configure:12249: result: yes
configure:12259: checking whether tzname is declared
configure:12259: cc -std=gnu99 -c -O  conftest.c >&5
configure:12259: $? = 0
configure:12259: result: yes
configure:12271: checking for tzname
configure:12290: cc -std=gnu99 -o conftest -O   conftest.c  >&5
configure:12290: $? = 0
configure:12298: result: yes
configure:12306: checking for tm_isdst in struct tm
configure:12323: cc -std=gnu99 -c -O  conftest.c >&5
configure:12323: $? = 0
configure:12330: result: yes
configure:12339: checking whether daylight is declared
configure:12339: cc -std=gnu99 -c -O  conftest.c >&5
configure:12339: $? = 0
configure:12339: result: yes
configure:12351: checking for daylight
configure:12370: cc -std=gnu99 -o conftest -O   conftest.c  >&5
conftest.c: In function 'main':
conftest.c:66:1: warning: implicit declaration of function 'atoi' [-Wimplicit-function-declaration]
 atoi(daylight);
 ^
configure:12370: $? = 0
configure:12378: result: yes
configure:12393: checking for special C compiler options needed for large files
configure:12438: result: no
configure:12444: checking for _FILE_OFFSET_BITS value needed for large files
configure:12469: cc -std=gnu99 -c -O  conftest.c >&5
configure:12469: $? = 0
configure:12501: result: no
configure:12586: checking for _LARGEFILE_SOURCE value needed for large files
configure:12605: cc -std=gnu99 -o conftest -O   conftest.c  >&5
configure:12605: $? = 0
configure:12633: result: no
configure:12654: checking for mbstate_t
configure:12671: cc -std=gnu99 -c -O  conftest.c >&5
configure:12671: $? = 0
configure:12678: result: yes
configure:12690: checking for struct option in getopt
configure:12706: cc -std=gnu99 -c -O  conftest.c >&5
configure:12706: $? = 0
configure:12713: result: yes
configure:12721: checking for pid_t
configure:12721: cc -std=gnu99 -c -O  conftest.c >&5
configure:12721: $? = 0
configure:12721: cc -std=gnu99 -c -O  conftest.c >&5
conftest.c: In function 'main':
conftest.c:99:20: error: expected expression before ')' token
 if (sizeof ((pid_t)))
                    ^
configure:12721: $? = 1
configure: failed program was:
| /* confdefs.h */
| #define PACKAGE_NAME "file"
| #define PACKAGE_TARNAME "file"
| #define PACKAGE_VERSION "5.14"
| #define PACKAGE_STRING "file 5.14"
| #define PACKAGE_BUGREPORT "christos@astron.com"
| #define PACKAGE_URL ""
| #define PACKAGE "file"
| #define VERSION "5.14"
| #define BUILTIN_ELF 1
| #define ELFCORE 1
| #define STDC_HEADERS 1
| #define HAVE_SYS_TYPES_H 1
| #define HAVE_SYS_STAT_H 1
| #define HAVE_STDLIB_H 1
| #define HAVE_STRING_H 1
| #define HAVE_MEMORY_H 1
| #define HAVE_STRINGS_H 1
| #define HAVE_INTTYPES_H 1
| #define HAVE_STDINT_H 1
| #define HAVE_UNISTD_H 1
| #define __EXTENSIONS__ 1
| #define _ALL_SOURCE 1
| #define _GNU_SOURCE 1
| #define _POSIX_PTHREAD_SEMANTICS 1
| #define _TANDEM_SOURCE 1
| #define HAVE_DLFCN_H 1
| #define LT_OBJDIR ".libs/"
| #define HAVE_VISIBILITY 1
| #define STDC_HEADERS 1
| #define HAVE_SYS_WAIT_H 1
| #define HAVE_STDINT_H 1
| #define HAVE_FCNTL_H 1
| #define HAVE_LOCALE_H 1
| #define HAVE_STDINT_H 1
| #define HAVE_INTTYPES_H 1
| #define HAVE_UNISTD_H 1
| #define HAVE_STDDEF_H 1
| #define HAVE_UTIME_H 1
| #define HAVE_WCHAR_H 1
| #define HAVE_WCTYPE_H 1
| #define HAVE_LIMITS_H 1
| #define HAVE_GETOPT_H 1
| #define HAVE_ERR_H 1
| #define HAVE_SYS_MMAN_H 1
| #define HAVE_SYS_STAT_H 1
| #define HAVE_SYS_TYPES_H 1
| #define HAVE_SYS_TIME_H 1
| #define HAVE_ZLIB_H 1
| #define HAVE_STRUCT_STAT_ST_RDEV 1
| #define HAVE_STRUCT_TM_TM_ZONE 1
| #define HAVE_TM_ZONE 1
| #define HAVE_TM_ZONE 1
| #define HAVE_DECL_TZNAME 1
| #define HAVE_TZNAME 1
| #define HAVE_TM_ISDST 1
| #define HAVE_DECL_DAYLIGHT 1
| #define HAVE_DAYLIGHT 1
| #define HAVE_FSEEKO 1
| #define HAVE_MBSTATE_T 1
| #define HAVE_STRUCT_OPTION 1
| /* end confdefs.h.  */
| #include <stdio.h>
| #ifdef HAVE_SYS_TYPES_H
| # include <sys/types.h>
| #endif
| #ifdef HAVE_SYS_STAT_H
| # include <sys/stat.h>
| #endif
| #ifdef STDC_HEADERS
| # include <stdlib.h>
| # include <stddef.h>
| #else
| # ifdef HAVE_STDLIB_H
| #  include <stdlib.h>
| # endif
| #endif
| #ifdef HAVE_STRING_H
| # if !defined STDC_HEADERS && defined HAVE_MEMORY_H
| #  include <memory.h>
| # endif
| # include <string.h>
| #endif
| #ifdef HAVE_STRINGS_H
| # include <strings.h>
| #endif
| #ifdef HAVE_INTTYPES_H
| # include <inttypes.h>
| #endif
| #ifdef HAVE_STDINT_H
| # include <stdint.h>
| #endif
| #ifdef HAVE_UNISTD_H
| # include <unistd.h>
| #endif
| int
| main ()
| {
| if (sizeof ((pid_t)))
| 	    return 0;
|   ;
|   return 0;
| }
configure:12721: result: yes
configure:12732: checking for uint8_t
configure:12732: cc -std=gnu99 -c -O  conftest.c >&5
configure:12732: $? = 0
configure:12732: result: yes
configure:12746: checking for uint16_t
configure:12746: cc -std=gnu99 -c -O  conftest.c >&5
configure:12746: $? = 0
configure:12746: result: yes
configure:12758: checking for uint32_t
configure:12758: cc -std=gnu99 -c -O  conftest.c >&5
configure:12758: $? = 0
configure:12758: result: yes
configure:12772: checking for int32_t
configure:12772: cc -std=gnu99 -c -O  conftest.c >&5
configure:12772: $? = 0
configure:12772: cc -std=gnu99 -c -O  conftest.c >&5
conftest.c: In function 'main':
conftest.c:101:53: warning: integer overflow in expression [-Woverflow]
    < (int32_t) (((((int32_t) 1 << N) << N) - 1) * 2 + 2))];
                                                     ^
conftest.c:100:12: error: storage size of 'test_array' isn't constant
 static int test_array [1 - 2 * !((int32_t) (((((int32_t) 1 << N) << N) - 1) * 2 + 1)
            ^
configure:12772: $? = 1
configure: failed program was:
| /* confdefs.h */
| #define PACKAGE_NAME "file"
| #define PACKAGE_TARNAME "file"
| #define PACKAGE_VERSION "5.14"
| #define PACKAGE_STRING "file 5.14"
| #define PACKAGE_BUGREPORT "christos@astron.com"
| #define PACKAGE_URL ""
| #define PACKAGE "file"
| #define VERSION "5.14"
| #define BUILTIN_ELF 1
| #define ELFCORE 1
| #define STDC_HEADERS 1
| #define HAVE_SYS_TYPES_H 1
| #define HAVE_SYS_STAT_H 1
| #define HAVE_STDLIB_H 1
| #define HAVE_STRING_H 1
| #define HAVE_MEMORY_H 1
| #define HAVE_STRINGS_H 1
| #define HAVE_INTTYPES_H 1
| #define HAVE_STDINT_H 1
| #define HAVE_UNISTD_H 1
| #define __EXTENSIONS__ 1
| #define _ALL_SOURCE 1
| #define _GNU_SOURCE 1
| #define _POSIX_PTHREAD_SEMANTICS 1
| #define _TANDEM_SOURCE 1
| #define HAVE_DLFCN_H 1
| #define LT_OBJDIR ".libs/"
| #define HAVE_VISIBILITY 1
| #define STDC_HEADERS 1
| #define HAVE_SYS_WAIT_H 1
| #define HAVE_STDINT_H 1
| #define HAVE_FCNTL_H 1
| #define HAVE_LOCALE_H 1
| #define HAVE_STDINT_H 1
| #define HAVE_INTTYPES_H 1
| #define HAVE_UNISTD_H 1
| #define HAVE_STDDEF_H 1
| #define HAVE_UTIME_H 1
| #define HAVE_WCHAR_H 1
| #define HAVE_WCTYPE_H 1
| #define HAVE_LIMITS_H 1
| #define HAVE_GETOPT_H 1
| #define HAVE_ERR_H 1
| #define HAVE_SYS_MMAN_H 1
| #define HAVE_SYS_STAT_H 1
| #define HAVE_SYS_TYPES_H 1
| #define HAVE_SYS_TIME_H 1
| #define HAVE_ZLIB_H 1
| #define HAVE_STRUCT_STAT_ST_RDEV 1
| #define HAVE_STRUCT_TM_TM_ZONE 1
| #define HAVE_TM_ZONE 1
| #define HAVE_TM_ZONE 1
| #define HAVE_DECL_TZNAME 1
| #define HAVE_TZNAME 1
| #define HAVE_TM_ISDST 1
| #define HAVE_DECL_DAYLIGHT 1
| #define HAVE_DAYLIGHT 1
| #define HAVE_FSEEKO 1
| #define HAVE_MBSTATE_T 1
| #define HAVE_STRUCT_OPTION 1
| /* end confdefs.h.  */
| #include <stdio.h>
| #ifdef HAVE_SYS_TYPES_H
| # include <sys/types.h>
| #endif
| #ifdef HAVE_SYS_STAT_H
| # include <sys/stat.h>
| #endif
| #ifdef STDC_HEADERS
| # include <stdlib.h>
| # include <stddef.h>
| #else
| # ifdef HAVE_STDLIB_H
| #  include <stdlib.h>
| # endif
| #endif
| #ifdef HAVE_STRING_H
| # if !defined STDC_HEADERS && defined HAVE_MEMORY_H
| #  include <memory.h>
| # endif
| # include <string.h>
| #endif
| #ifdef HAVE_STRINGS_H
| # include <strings.h>
| #endif
| #ifdef HAVE_INTTYPES_H
| # include <inttypes.h>
| #endif
| #ifdef HAVE_STDINT_H
| # include <stdint.h>
| #endif
| #ifdef HAVE_UNISTD_H
| # include <unistd.h>
| #endif
| 	        enum { N = 32 / 2 - 1 };
| int
| main ()
| {
| static int test_array [1 - 2 * !((int32_t) (((((int32_t) 1 << N) << N) - 1) * 2 + 1)
| 		 < (int32_t) (((((int32_t) 1 << N) << N) - 1) * 2 + 2))];
| test_array [0] = 0;
| return test_array [0];
| 
|   ;
|   return 0;
| }
configure:12772: result: yes
configure:12783: checking for uint64_t
configure:12783: cc -std=gnu99 -c -O  conftest.c >&5
configure:12783: $? = 0
configure:12783: result: yes
configure:12797: checking for int64_t
configure:12797: cc -std=gnu99 -c -O  conftest.c >&5
configure:12797: $? = 0
configure:12797: cc -std=gnu99 -c -O  conftest.c >&5
conftest.c: In function 'main':
conftest.c:101:53: warning: integer overflow in expression [-Woverflow]
    < (int64_t) (((((int64_t) 1 << N) << N) - 1) * 2 + 2))];
                                                     ^
conftest.c:100:12: error: storage size of 'test_array' isn't constant
 static int test_array [1 - 2 * !((int64_t) (((((int64_t) 1 << N) << N) - 1) * 2 + 1)
            ^
configure:12797: $? = 1
configure: failed program was:
| /* confdefs.h */
| #define PACKAGE_NAME "file"
| #define PACKAGE_TARNAME "file"
| #define PACKAGE_VERSION "5.14"
| #define PACKAGE_STRING "file 5.14"
| #define PACKAGE_BUGREPORT "christos@astron.com"
| #define PACKAGE_URL ""
| #define PACKAGE "file"
| #define VERSION "5.14"
| #define BUILTIN_ELF 1
| #define ELFCORE 1
| #define STDC_HEADERS 1
| #define HAVE_SYS_TYPES_H 1
| #define HAVE_SYS_STAT_H 1
| #define HAVE_STDLIB_H 1
| #define HAVE_STRING_H 1
| #define HAVE_MEMORY_H 1
| #define HAVE_STRINGS_H 1
| #define HAVE_INTTYPES_H 1
| #define HAVE_STDINT_H 1
| #define HAVE_UNISTD_H 1
| #define __EXTENSIONS__ 1
| #define _ALL_SOURCE 1
| #define _GNU_SOURCE 1
| #define _POSIX_PTHREAD_SEMANTICS 1
| #define _TANDEM_SOURCE 1
| #define HAVE_DLFCN_H 1
| #define LT_OBJDIR ".libs/"
| #define HAVE_VISIBILITY 1
| #define STDC_HEADERS 1
| #define HAVE_SYS_WAIT_H 1
| #define HAVE_STDINT_H 1
| #define HAVE_FCNTL_H 1
| #define HAVE_LOCALE_H 1
| #define HAVE_STDINT_H 1
| #define HAVE_INTTYPES_H 1
| #define HAVE_UNISTD_H 1
| #define HAVE_STDDEF_H 1
| #define HAVE_UTIME_H 1
| #define HAVE_WCHAR_H 1
| #define HAVE_WCTYPE_H 1
| #define HAVE_LIMITS_H 1
| #define HAVE_GETOPT_H 1
| #define HAVE_ERR_H 1
| #define HAVE_SYS_MMAN_H 1
| #define HAVE_SYS_STAT_H 1
| #define HAVE_SYS_TYPES_H 1
| #define HAVE_SYS_TIME_H 1
| #define HAVE_ZLIB_H 1
| #define HAVE_STRUCT_STAT_ST_RDEV 1
| #define HAVE_STRUCT_TM_TM_ZONE 1
| #define HAVE_TM_ZONE 1
| #define HAVE_TM_ZONE 1
| #define HAVE_DECL_TZNAME 1
| #define HAVE_TZNAME 1
| #define HAVE_TM_ISDST 1
| #define HAVE_DECL_DAYLIGHT 1
| #define HAVE_DAYLIGHT 1
| #define HAVE_FSEEKO 1
| #define HAVE_MBSTATE_T 1
| #define HAVE_STRUCT_OPTION 1
| /* end confdefs.h.  */
| #include <stdio.h>
| #ifdef HAVE_SYS_TYPES_H
| # include <sys/types.h>
| #endif
| #ifdef HAVE_SYS_STAT_H
| # include <sys/stat.h>
| #endif
| #ifdef STDC_HEADERS
| # include <stdlib.h>
| # include <stddef.h>
| #else
| # ifdef HAVE_STDLIB_H
| #  include <stdlib.h>
| # endif
| #endif
| #ifdef HAVE_STRING_H
| # if !defined STDC_HEADERS && defined HAVE_MEMORY_H
| #  include <memory.h>
| # endif
| # include <string.h>
| #endif
| #ifdef HAVE_STRINGS_H
| # include <strings.h>
| #endif
| #ifdef HAVE_INTTYPES_H
| # include <inttypes.h>
| #endif
| #ifdef HAVE_STDINT_H
| # include <stdint.h>
| #endif
| #ifdef HAVE_UNISTD_H
| # include <unistd.h>
| #endif
| 	        enum { N = 64 / 2 - 1 };
| int
| main ()
| {
| static int test_array [1 - 2 * !((int64_t) (((((int64_t) 1 << N) << N) - 1) * 2 + 1)
| 		 < (int64_t) (((((int64_t) 1 << N) << N) - 1) * 2 + 2))];
| test_array [0] = 0;
| return test_array [0];
| 
|   ;
|   return 0;
| }
configure:12797: result: yes
configure:12814: checking for stdlib.h
configure:12814: result: yes
configure:12814: checking for unistd.h
configure:12814: result: yes
configure:12814: checking for sys/param.h
configure:12814: cc -std=gnu99 -c -O  conftest.c >&5
configure:12814: $? = 0
configure:12814: result: yes
configure:12834: checking for getpagesize
configure:12834: cc -std=gnu99 -o conftest -O   conftest.c  >&5
configure:12834: $? = 0
configure:12834: result: yes
configure:12843: checking for working mmap
configure:12990: cc -std=gnu99 -o conftest -O   conftest.c  >&5
configure:12990: $? = 0
configure:12990: ./conftest
configure:12990: $? = 0
configure:13000: result: yes
configure:13011: checking vfork.h usability
configure:13011: cc -std=gnu99 -c -O  conftest.c >&5
conftest.c:101:19: fatal error: vfork.h: No such file or directory
 #include <vfork.h>
                   ^
compilation terminated.
configure:13011: $? = 1
configure: failed program was:
| /* confdefs.h */
| #define PACKAGE_NAME "file"
| #define PACKAGE_TARNAME "file"
| #define PACKAGE_VERSION "5.14"
| #define PACKAGE_STRING "file 5.14"
| #define PACKAGE_BUGREPORT "christos@astron.com"
| #define PACKAGE_URL ""
| #define PACKAGE "file"
| #define VERSION "5.14"
| #define BUILTIN_ELF 1
| #define ELFCORE 1
| #define STDC_HEADERS 1
| #define HAVE_SYS_TYPES_H 1
| #define HAVE_SYS_STAT_H 1
| #define HAVE_STDLIB_H 1
| #define HAVE_STRING_H 1
| #define HAVE_MEMORY_H 1
| #define HAVE_STRINGS_H 1
| #define HAVE_INTTYPES_H 1
| #define HAVE_STDINT_H 1
| #define HAVE_UNISTD_H 1
| #define __EXTENSIONS__ 1
| #define _ALL_SOURCE 1
| #define _GNU_SOURCE 1
| #define _POSIX_PTHREAD_SEMANTICS 1
| #define _TANDEM_SOURCE 1
| #define HAVE_DLFCN_H 1
| #define LT_OBJDIR ".libs/"
| #define HAVE_VISIBILITY 1
| #define STDC_HEADERS 1
| #define HAVE_SYS_WAIT_H 1
| #define HAVE_STDINT_H 1
| #define HAVE_FCNTL_H 1
| #define HAVE_LOCALE_H 1
| #define HAVE_STDINT_H 1
| #define HAVE_INTTYPES_H 1
| #define HAVE_UNISTD_H 1
| #define HAVE_STDDEF_H 1
| #define HAVE_UTIME_H 1
| #define HAVE_WCHAR_H 1
| #define HAVE_WCTYPE_H 1
| #define HAVE_LIMITS_H 1
| #define HAVE_GETOPT_H 1
| #define HAVE_ERR_H 1
| #define HAVE_SYS_MMAN_H 1
| #define HAVE_SYS_STAT_H 1
| #define HAVE_SYS_TYPES_H 1
| #define HAVE_SYS_TIME_H 1
| #define HAVE_ZLIB_H 1
| #define HAVE_STRUCT_STAT_ST_RDEV 1
| #define HAVE_STRUCT_TM_TM_ZONE 1
| #define HAVE_TM_ZONE 1
| #define HAVE_TM_ZONE 1
| #define HAVE_DECL_TZNAME 1
| #define HAVE_TZNAME 1
| #define HAVE_TM_ISDST 1
| #define HAVE_DECL_DAYLIGHT 1
| #define HAVE_DAYLIGHT 1
| #define HAVE_FSEEKO 1
| #define HAVE_MBSTATE_T 1
| #define HAVE_STRUCT_OPTION 1
| #define HAVE_STDLIB_H 1
| #define HAVE_UNISTD_H 1
| #define HAVE_SYS_PARAM_H 1
| #define HAVE_GETPAGESIZE 1
| #define HAVE_MMAP 1
| /* end confdefs.h.  */
| #include <stdio.h>
| #ifdef HAVE_SYS_TYPES_H
| # include <sys/types.h>
| #endif
| #ifdef HAVE_SYS_STAT_H
| # include <sys/stat.h>
| #endif
| #ifdef STDC_HEADERS
| # include <stdlib.h>
| # include <stddef.h>
| #else
| # ifdef HAVE_STDLIB_H
| #  include <stdlib.h>
| # endif
| #endif
| #ifdef HAVE_STRING_H
| # if !defined STDC_HEADERS && defined HAVE_MEMORY_H
| #  include <memory.h>
| # endif
| # include <string.h>
| #endif
| #ifdef HAVE_STRINGS_H
| # include <strings.h>
| #endif
| #ifdef HAVE_INTTYPES_H
| # include <inttypes.h>
| #endif
| #ifdef HAVE_STDINT_H
| # include <stdint.h>
| #endif
| #ifdef HAVE_UNISTD_H
| # include <unistd.h>
| #endif
| #include <vfork.h>
configure:13011: result: no
configure:13011: checking vfork.h presence
configure:13011: cc -std=gnu99 -E  conftest.c
conftest.c:68:19: fatal error: vfork.h: No such file or directory
 #include <vfork.h>
                   ^
compilation terminated.
configure:13011: $? = 1
configure: failed program was:
| /* confdefs.h */
| #define PACKAGE_NAME "file"
| #define PACKAGE_TARNAME "file"
| #define PACKAGE_VERSION "5.14"
| #define PACKAGE_STRING "file 5.14"
| #define PACKAGE_BUGREPORT "christos@astron.com"
| #define PACKAGE_URL ""
| #define PACKAGE "file"
| #define VERSION "5.14"
| #define BUILTIN_ELF 1
| #define ELFCORE 1
| #define STDC_HEADERS 1
| #define HAVE_SYS_TYPES_H 1
| #define HAVE_SYS_STAT_H 1
| #define HAVE_STDLIB_H 1
| #define HAVE_STRING_H 1
| #define HAVE_MEMORY_H 1
| #define HAVE_STRINGS_H 1
| #define HAVE_INTTYPES_H 1
| #define HAVE_STDINT_H 1
| #define HAVE_UNISTD_H 1
| #define __EXTENSIONS__ 1
| #define _ALL_SOURCE 1
| #define _GNU_SOURCE 1
| #define _POSIX_PTHREAD_SEMANTICS 1
| #define _TANDEM_SOURCE 1
| #define HAVE_DLFCN_H 1
| #define LT_OBJDIR ".libs/"
| #define HAVE_VISIBILITY 1
| #define STDC_HEADERS 1
| #define HAVE_SYS_WAIT_H 1
| #define HAVE_STDINT_H 1
| #define HAVE_FCNTL_H 1
| #define HAVE_LOCALE_H 1
| #define HAVE_STDINT_H 1
| #define HAVE_INTTYPES_H 1
| #define HAVE_UNISTD_H 1
| #define HAVE_STDDEF_H 1
| #define HAVE_UTIME_H 1
| #define HAVE_WCHAR_H 1
| #define HAVE_WCTYPE_H 1
| #define HAVE_LIMITS_H 1
| #define HAVE_GETOPT_H 1
| #define HAVE_ERR_H 1
| #define HAVE_SYS_MMAN_H 1
| #define HAVE_SYS_STAT_H 1
| #define HAVE_SYS_TYPES_H 1
| #define HAVE_SYS_TIME_H 1
| #define HAVE_ZLIB_H 1
| #define HAVE_STRUCT_STAT_ST_RDEV 1
| #define HAVE_STRUCT_TM_TM_ZONE 1
| #define HAVE_TM_ZONE 1
| #define HAVE_TM_ZONE 1
| #define HAVE_DECL_TZNAME 1
| #define HAVE_TZNAME 1
| #define HAVE_TM_ISDST 1
| #define HAVE_DECL_DAYLIGHT 1
| #define HAVE_DAYLIGHT 1
| #define HAVE_FSEEKO 1
| #define HAVE_MBSTATE_T 1
| #define HAVE_STRUCT_OPTION 1
| #define HAVE_STDLIB_H 1
| #define HAVE_UNISTD_H 1
| #define HAVE_SYS_PARAM_H 1
| #define HAVE_GETPAGESIZE 1
| #define HAVE_MMAP 1
| /* end confdefs.h.  */
| #include <vfork.h>
configure:13011: result: no
configure:13011: checking for vfork.h
configure:13011: result: no
configure:13024: checking for fork
configure:13024: cc -std=gnu99 -o conftest -O   conftest.c  >&5
conftest.c:91:6: warning: conflicting types for built-in function 'fork'
 char fork ();
      ^
configure:13024: $? = 0
configure:13024: result: yes
configure:13024: checking for vfork
configure:13024: cc -std=gnu99 -o conftest -O   conftest.c  >&5
configure:13024: $? = 0
configure:13024: result: yes
configure:13034: checking for working fork
configure:13056: cc -std=gnu99 -o conftest -O   conftest.c  >&5
configure:13056: $? = 0
configure:13056: ./conftest
configure:13056: $? = 0
configure:13066: result: yes
configure:13087: checking for working vfork
configure:13197: result: yes
configure:13223: checking whether mbrtowc and mbstate_t are properly declared
configure:13243: cc -std=gnu99 -o conftest -O   conftest.c  >&5
configure:13243: $? = 0
configure:13251: result: yes
configure:13260: checking for gcc compiler warnings
configure:13265: result: no
configure:13296: checking for strerror
configure:13296: cc -std=gnu99 -o conftest -O   conftest.c  >&5
configure:13296: $? = 0
configure:13296: result: yes
configure:13296: checking for strndup
configure:13296: cc -std=gnu99 -o conftest -O   conftest.c  >&5
conftest.c:97:6: warning: conflicting types for built-in function 'strndup'
 char strndup ();
      ^
configure:13296: $? = 0
configure:13296: result: yes
configure:13296: checking for strtoul
configure:13296: cc -std=gnu99 -o conftest -O   conftest.c  >&5
configure:13296: $? = 0
configure:13296: result: yes
configure:13296: checking for mkstemp
configure:13296: cc -std=gnu99 -o conftest -O   conftest.c  >&5
configure:13296: $? = 0
configure:13296: result: yes
configure:13296: checking for mkostemp
configure:13296: cc -std=gnu99 -o conftest -O   conftest.c  >&5
configure:13296: $? = 0
configure:13296: result: yes
configure:13296: checking for utimes
configure:13296: cc -std=gnu99 -o conftest -O   conftest.c  >&5
configure:13296: $? = 0
configure:13296: result: yes
configure:13296: checking for utime
configure:13296: cc -std=gnu99 -o conftest -O   conftest.c  >&5
configure:13296: $? = 0
configure:13296: result: yes
configure:13296: checking for wcwidth
configure:13296: cc -std=gnu99 -o conftest -O   conftest.c  >&5
configure:13296: $? = 0
configure:13296: result: yes
configure:13296: checking for strtof
configure:13296: cc -std=gnu99 -o conftest -O   conftest.c  >&5
configure:13296: $? = 0
configure:13296: result: yes
configure:13306: checking for getopt_long
configure:13306: cc -std=gnu99 -o conftest -O   conftest.c  >&5
configure:13306: $? = 0
configure:13306: result: yes
configure:13319: checking for asprintf
configure:13319: cc -std=gnu99 -o conftest -O   conftest.c  >&5
configure:13319: $? = 0
configure:13319: result: yes
configure:13332: checking for vasprintf
configure:13332: cc -std=gnu99 -o conftest -O   conftest.c  >&5
configure:13332: $? = 0
configure:13332: result: yes
configure:13345: checking for strlcpy
configure:13345: cc -std=gnu99 -o conftest -O   conftest.c  >&5
/tmp/cc6kif6x.o: In function `main':
conftest.c:(.text+0xa): undefined reference to `strlcpy'
collect2: error: ld returned 1 exit status
configure:13345: $? = 1
configure: failed program was:
| /* confdefs.h */
| #define PACKAGE_NAME "file"
| #define PACKAGE_TARNAME "file"
| #define PACKAGE_VERSION "5.14"
| #define PACKAGE_STRING "file 5.14"
| #define PACKAGE_BUGREPORT "christos@astron.com"
| #define PACKAGE_URL ""
| #define PACKAGE "file"
| #define VERSION "5.14"
| #define BUILTIN_ELF 1
| #define ELFCORE 1
| #define STDC_HEADERS 1
| #define HAVE_SYS_TYPES_H 1
| #define HAVE_SYS_STAT_H 1
| #define HAVE_STDLIB_H 1
| #define HAVE_STRING_H 1
| #define HAVE_MEMORY_H 1
| #define HAVE_STRINGS_H 1
| #define HAVE_INTTYPES_H 1
| #define HAVE_STDINT_H 1
| #define HAVE_UNISTD_H 1
| #define __EXTENSIONS__ 1
| #define _ALL_SOURCE 1
| #define _GNU_SOURCE 1
| #define _POSIX_PTHREAD_SEMANTICS 1
| #define _TANDEM_SOURCE 1
| #define HAVE_DLFCN_H 1
| #define LT_OBJDIR ".libs/"
| #define HAVE_VISIBILITY 1
| #define STDC_HEADERS 1
| #define HAVE_SYS_WAIT_H 1
| #define HAVE_STDINT_H 1
| #define HAVE_FCNTL_H 1
| #define HAVE_LOCALE_H 1
| #define HAVE_STDINT_H 1
| #define HAVE_INTTYPES_H 1
| #define HAVE_UNISTD_H 1
| #define HAVE_STDDEF_H 1
| #define HAVE_UTIME_H 1
| #define HAVE_WCHAR_H 1
| #define HAVE_WCTYPE_H 1
| #define HAVE_LIMITS_H 1
| #define HAVE_GETOPT_H 1
| #define HAVE_ERR_H 1
| #define HAVE_SYS_MMAN_H 1
| #define HAVE_SYS_STAT_H 1
| #define HAVE_SYS_TYPES_H 1
| #define HAVE_SYS_TIME_H 1
| #define HAVE_ZLIB_H 1
| #define HAVE_STRUCT_STAT_ST_RDEV 1
| #define HAVE_STRUCT_TM_TM_ZONE 1
| #define HAVE_TM_ZONE 1
| #define HAVE_TM_ZONE 1
| #define HAVE_DECL_TZNAME 1
| #define HAVE_TZNAME 1
| #define HAVE_TM_ISDST 1
| #define HAVE_DECL_DAYLIGHT 1
| #define HAVE_DAYLIGHT 1
| #define HAVE_FSEEKO 1
| #define HAVE_MBSTATE_T 1
| #define HAVE_STRUCT_OPTION 1
| #define HAVE_STDLIB_H 1
| #define HAVE_UNISTD_H 1
| #define HAVE_SYS_PARAM_H 1
| #define HAVE_GETPAGESIZE 1
| #define HAVE_MMAP 1
| #define HAVE_FORK 1
| #define HAVE_VFORK 1
| #define HAVE_WORKING_VFORK 1
| #define HAVE_WORKING_FORK 1
| #define HAVE_MBRTOWC 1
| #define HAVE_STRERROR 1
| #define HAVE_STRNDUP 1
| #define HAVE_STRTOUL 1
| #define HAVE_MKSTEMP 1
| #define HAVE_MKOSTEMP 1
| #define HAVE_UTIMES 1
| #define HAVE_UTIME 1
| #define HAVE_WCWIDTH 1
| #define HAVE_STRTOF 1
| #define HAVE_GETOPT_LONG 1
| #define HAVE_ASPRINTF 1
| #define HAVE_VASPRINTF 1
| /* end confdefs.h.  */
| /* Define strlcpy to an innocuous variant, in case <limits.h> declares strlcpy.
|    For example, HP-UX 11i <limits.h> declares gettimeofday.  */
| #define strlcpy innocuous_strlcpy
| 
| /* System header to define __stub macros and hopefully few prototypes,
|     which can conflict with char strlcpy (); below.
|     Prefer <limits.h> to <assert.h> if __STDC__ is defined, since
|     <limits.h> exists even on freestanding compilers.  */
| 
| #ifdef __STDC__
| # include <limits.h>
| #else
| # include <assert.h>
| #endif
| 
| #undef strlcpy
| 
| /* Override any GCC internal prototype to avoid an error.
|    Use char because int might match the return type of a GCC
|    builtin and then its argument prototype would still apply.  */
| #ifdef __cplusplus
| extern "C"
| #endif
| char strlcpy ();
| /* The GNU C library defines this for functions which it implements
|     to always fail with ENOSYS.  Some functions are actually named
|     something starting with __ and the normal name is an alias.  */
| #if defined __stub_strlcpy || defined __stub___strlcpy
| choke me
| #endif
| 
| int
| main ()
| {
| return strlcpy ();
|   ;
|   return 0;
| }
configure:13345: result: no
configure:13358: checking for strlcat
configure:13358: cc -std=gnu99 -o conftest -O   conftest.c  >&5
/tmp/cckU0SAD.o: In function `main':
conftest.c:(.text+0xa): undefined reference to `strlcat'
collect2: error: ld returned 1 exit status
configure:13358: $? = 1
configure: failed program was:
| /* confdefs.h */
| #define PACKAGE_NAME "file"
| #define PACKAGE_TARNAME "file"
| #define PACKAGE_VERSION "5.14"
| #define PACKAGE_STRING "file 5.14"
| #define PACKAGE_BUGREPORT "christos@astron.com"
| #define PACKAGE_URL ""
| #define PACKAGE "file"
| #define VERSION "5.14"
| #define BUILTIN_ELF 1
| #define ELFCORE 1
| #define STDC_HEADERS 1
| #define HAVE_SYS_TYPES_H 1
| #define HAVE_SYS_STAT_H 1
| #define HAVE_STDLIB_H 1
| #define HAVE_STRING_H 1
| #define HAVE_MEMORY_H 1
| #define HAVE_STRINGS_H 1
| #define HAVE_INTTYPES_H 1
| #define HAVE_STDINT_H 1
| #define HAVE_UNISTD_H 1
| #define __EXTENSIONS__ 1
| #define _ALL_SOURCE 1
| #define _GNU_SOURCE 1
| #define _POSIX_PTHREAD_SEMANTICS 1
| #define _TANDEM_SOURCE 1
| #define HAVE_DLFCN_H 1
| #define LT_OBJDIR ".libs/"
| #define HAVE_VISIBILITY 1
| #define STDC_HEADERS 1
| #define HAVE_SYS_WAIT_H 1
| #define HAVE_STDINT_H 1
| #define HAVE_FCNTL_H 1
| #define HAVE_LOCALE_H 1
| #define HAVE_STDINT_H 1
| #define HAVE_INTTYPES_H 1
| #define HAVE_UNISTD_H 1
| #define HAVE_STDDEF_H 1
| #define HAVE_UTIME_H 1
| #define HAVE_WCHAR_H 1
| #define HAVE_WCTYPE_H 1
| #define HAVE_LIMITS_H 1
| #define HAVE_GETOPT_H 1
| #define HAVE_ERR_H 1
| #define HAVE_SYS_MMAN_H 1
| #define HAVE_SYS_STAT_H 1
| #define HAVE_SYS_TYPES_H 1
| #define HAVE_SYS_TIME_H 1
| #define HAVE_ZLIB_H 1
| #define HAVE_STRUCT_STAT_ST_RDEV 1
| #define HAVE_STRUCT_TM_TM_ZONE 1
| #define HAVE_TM_ZONE 1
| #define HAVE_TM_ZONE 1
| #define HAVE_DECL_TZNAME 1
| #define HAVE_TZNAME 1
| #define HAVE_TM_ISDST 1
| #define HAVE_DECL_DAYLIGHT 1
| #define HAVE_DAYLIGHT 1
| #define HAVE_FSEEKO 1
| #define HAVE_MBSTATE_T 1
| #define HAVE_STRUCT_OPTION 1
| #define HAVE_STDLIB_H 1
| #define HAVE_UNISTD_H 1
| #define HAVE_SYS_PARAM_H 1
| #define HAVE_GETPAGESIZE 1
| #define HAVE_MMAP 1
| #define HAVE_FORK 1
| #define HAVE_VFORK 1
| #define HAVE_WORKING_VFORK 1
| #define HAVE_WORKING_FORK 1
| #define HAVE_MBRTOWC 1
| #define HAVE_STRERROR 1
| #define HAVE_STRNDUP 1
| #define HAVE_STRTOUL 1
| #define HAVE_MKSTEMP 1
| #define HAVE_MKOSTEMP 1
| #define HAVE_UTIMES 1
| #define HAVE_UTIME 1
| #define HAVE_WCWIDTH 1
| #define HAVE_STRTOF 1
| #define HAVE_GETOPT_LONG 1
| #define HAVE_ASPRINTF 1
| #define HAVE_VASPRINTF 1
| /* end confdefs.h.  */
| /* Define strlcat to an innocuous variant, in case <limits.h> declares strlcat.
|    For example, HP-UX 11i <limits.h> declares gettimeofday.  */
| #define strlcat innocuous_strlcat
| 
| /* System header to define __stub macros and hopefully few prototypes,
|     which can conflict with char strlcat (); below.
|     Prefer <limits.h> to <assert.h> if __STDC__ is defined, since
|     <limits.h> exists even on freestanding compilers.  */
| 
| #ifdef __STDC__
| # include <limits.h>
| #else
| # include <assert.h>
| #endif
| 
| #undef strlcat
| 
| /* Override any GCC internal prototype to avoid an error.
|    Use char because int might match the return type of a GCC
|    builtin and then its argument prototype would still apply.  */
| #ifdef __cplusplus
| extern "C"
| #endif
| char strlcat ();
| /* The GNU C library defines this for functions which it implements
|     to always fail with ENOSYS.  Some functions are actually named
|     something starting with __ and the normal name is an alias.  */
| #if defined __stub_strlcat || defined __stub___strlcat
| choke me
| #endif
| 
| int
| main ()
| {
| return strlcat ();
|   ;
|   return 0;
| }
configure:13358: result: no
configure:13371: checking for getline
configure:13371: cc -std=gnu99 -o conftest -O   conftest.c  >&5
configure:13371: $? = 0
configure:13371: result: yes
configure:13384: checking for ctime_r
configure:13384: cc -std=gnu99 -o conftest -O   conftest.c  >&5
configure:13384: $? = 0
configure:13384: result: yes
configure:13397: checking for asctime_r
configure:13397: cc -std=gnu99 -o conftest -O   conftest.c  >&5
configure:13397: $? = 0
configure:13397: result: yes
configure:13410: checking for pread
configure:13410: cc -std=gnu99 -o conftest -O   conftest.c  >&5
configure:13410: $? = 0
configure:13410: result: yes
configure:13425: checking for gzopen in -lz
configure:13450: cc -std=gnu99 -o conftest -O   conftest.c -lz   >&5
configure:13450: $? = 0
configure:13459: result: yes
configure:13640: checking that generated files are newer than configure
configure:13646: result: done
configure:13686: creating ./config.status

## ---------------------- ##
## Running config.status. ##
## ---------------------- ##

This file was extended by file config.status 5.14, which was
generated by GNU Autoconf 2.69.  Invocation command line was

  CONFIG_FILES    = 
  CONFIG_HEADERS  = 
  CONFIG_LINKS    = 
  CONFIG_COMMANDS = 
  $ ./config.status 

on dent

config.status:14898: creating Makefile
config.status:14898: creating src/Makefile
config.status:14898: creating magic/Makefile
config.status:14898: creating tests/Makefile
config.status:14898: creating doc/Makefile
config.status:14898: creating python/Makefile
config.status:14898: creating config.h
config.status:15125: executing depfiles commands
config.status:15125: executing libtool commands

## ---------------- ##
## Cache variables. ##
## ---------------- ##

ac_cv_build='x86_64-unknown-linux-gnu'
ac_cv_c_bigendian='no'
ac_cv_c_compiler_gnu='yes'
ac_cv_c_const='yes'
ac_cv_c_int32_t='yes'
ac_cv_c_int64_t='yes'
ac_cv_c_uint16_t='yes'
ac_cv_c_uint32_t='yes'
ac_cv_c_uint64_t='yes'
ac_cv_c_uint8_t='yes'
ac_cv_env_CC_set='set'
ac_cv_env_CC_value='cc'
ac_cv_env_CFLAGS_set='set'
ac_cv_env_CFLAGS_value='-O'
ac_cv_env_CPPFLAGS_set='set'
ac_cv_env_CPPFLAGS_value=''
ac_cv_env_CPP_set=''
ac_cv_env_CPP_value=''
ac_cv_env_LDFLAGS_set='set'
ac_cv_env_LDFLAGS_value=''
ac_cv_env_LIBS_set=''
ac_cv_env_LIBS_value=''
ac_cv_env_build_alias_set=''
ac_cv_env_build_alias_value=''
ac_cv_env_host_alias_set=''
ac_cv_env_host_alias_value=''
ac_cv_env_target_alias_set=''
ac_cv_env_target_alias_value=''
ac_cv_func_asctime_r='yes'
ac_cv_func_asprintf='yes'
ac_cv_func_ctime_r='yes'
ac_cv_func_fork='yes'
ac_cv_func_fork_works='yes'
ac_cv_func_getline='yes'
ac_cv_func_getopt_long='yes'
ac_cv_func_getpagesize='yes'
ac_cv_func_mbrtowc='yes'
ac_cv_func_mkostemp='yes'
ac_cv_func_mkstemp='yes'
ac_cv_func_mmap_fixed_mapped='yes'
ac_cv_func_pread='yes'
ac_cv_func_strerror='yes'
ac_cv_func_strlcat='no'
ac_cv_func_strlcpy='no'
ac_cv_func_strndup='yes'
ac_cv_func_strtof='yes'
ac_cv_func_strtoul='yes'
ac_cv_func_utime='yes'
ac_cv_func_utimes='yes'
ac_cv_func_vasprintf='yes'
ac_cv_func_vfork='yes'
ac_cv_func_vfork_works='yes'
ac_cv_func_wcwidth='yes'
ac_cv_have_decl_daylight='yes'
ac_cv_have_decl_tzname='yes'
ac_cv_header_dlfcn_h='yes'
ac_cv_header_err_h='yes'
ac_cv_header_fcntl_h='yes'
ac_cv_header_getopt_h='yes'
ac_cv_header_inttypes_h='yes'
ac_cv_header_limits_h='yes'
ac_cv_header_locale_h='yes'
ac_cv_header_memory_h='yes'
ac_cv_header_minix_config_h='no'
ac_cv_header_stdc='yes'
ac_cv_header_stddef_h='yes'
ac_cv_header_stdint_h='yes'
ac_cv_header_stdlib_h='yes'
ac_cv_header_string_h='yes'
ac_cv_header_strings_h='yes'
ac_cv_header_sys_mman_h='yes'
ac_cv_header_sys_param_h='yes'
ac_cv_header_sys_stat_h='yes'
ac_cv_header_sys_time_h='yes'
ac_cv_header_sys_types_h='yes'
ac_cv_header_sys_types_h_makedev='yes'
ac_cv_header_sys_utime_h='no'
ac_cv_header_sys_wait_h='yes'
ac_cv_header_unistd_h='yes'
ac_cv_header_utime_h='yes'
ac_cv_header_vfork_h='no'
ac_cv_header_wchar_h='yes'
ac_cv_header_wctype_h='yes'
ac_cv_header_zlib_h='yes'
ac_cv_host='x86_64-unknown-linux-gnu'
ac_cv_lib_z_gzopen='yes'
ac_cv_member_struct_stat_st_rdev='yes'
ac_cv_member_struct_tm_tm_gmtoff='no'
ac_cv_member_struct_tm_tm_zone='yes'
ac_cv_objext='o'
ac_cv_path_EGREP='/bin/grep -E'
ac_cv_path_FGREP='/bin/grep -F'
ac_cv_path_GREP='/bin/grep'
ac_cv_path_SED='/bin/sed'
ac_cv_path_mkdir='/home/arthur/coding/minix/./obj.i386/tooldir.Linux-3.16.0-4-amd64-x86_64/bin/i586-elf32-minix-install -d'
ac_cv_prog_AWK='/home/arthur/coding/minix/./obj.i386/tooldir.Linux-3.16.0-4-amd64-x86_64/bin/nbawk'
ac_cv_prog_CPP='cc -std=gnu99 -E'
ac_cv_prog_ac_ct_AR='ar'
ac_cv_prog_ac_ct_CC='cc'
ac_cv_prog_ac_ct_OBJDUMP='objdump'
ac_cv_prog_ac_ct_RANLIB='ranlib'
ac_cv_prog_ac_ct_STRIP='strip'
ac_cv_prog_cc_c89=''
ac_cv_prog_cc_c99='-std=gnu99'
ac_cv_prog_cc_cc_c_o='yes'
ac_cv_prog_cc_g='yes'
ac_cv_prog_cc_stdc='-std=gnu99'
ac_cv_prog_make__home_arthur_coding_minix___obj_i386_tooldir_Linux_3_16_0_4_amd64_x86_64_bin_nbmake_set='no'
ac_cv_safe_to_define___extensions__='yes'
ac_cv_struct_option_getopt_h='yes'
ac_cv_struct_tm='time.h'
ac_cv_struct_tm_isdst='yes'
ac_cv_struct_tm_zone='yes'
ac_cv_sys_file_offset_bits='no'
ac_cv_sys_largefile_CC='no'
ac_cv_sys_largefile_source='no'
ac_cv_type_mbstate_t='yes'
ac_cv_type_off_t='yes'
ac_cv_type_pid_t='yes'
ac_cv_type_size_t='yes'
ac_cv_var_daylight='yes'
ac_cv_var_tzname='yes'
am_cv_CC_dependencies_compiler_type='none'
am_cv_make_support_nested_variables='no'
gl_cv_cc_vis_werror='yes'
gl_cv_cc_visibility='yes'
lt_cv_deplibs_check_method='pass_all'
lt_cv_file_magic_cmd='$MAGIC_CMD'
lt_cv_file_magic_test_file=''
lt_cv_ld_reload_flag='-r'
lt_cv_nm_interface='BSD nm'
lt_cv_objdir='.libs'
lt_cv_path_LD='/usr/bin/ld'
lt_cv_path_NM='/usr/bin/nm -B'
lt_cv_prog_compiler_c_o='yes'
lt_cv_prog_compiler_pic_works='yes'
lt_cv_prog_compiler_rtti_exceptions='no'
lt_cv_prog_compiler_static_works='yes'
lt_cv_prog_gnu_ld='yes'
lt_cv_sys_global_symbol_pipe='sed -n -e '"'"'s/^.*[	 ]\([ABCDGIRSTW][ABCDGIRSTW]*\)[	 ][	 ]*\([_A-Za-z][_A-Za-z0-9]*\)$/\1 \2 \2/p'"'"
lt_cv_sys_global_symbol_to_c_name_address='sed -n -e '"'"'s/^: \([^ ]*\) $/  {\"\1\", (void *) 0},/p'"'"' -e '"'"'s/^[ABCDGIRSTW]* \([^ ]*\) \([^ ]*\)$/  {"\2", (void *) \&\2},/p'"'"
lt_cv_sys_global_symbol_to_c_name_address_lib_prefix='sed -n -e '"'"'s/^: \([^ ]*\) $/  {\"\1\", (void *) 0},/p'"'"' -e '"'"'s/^[ABCDGIRSTW]* \([^ ]*\) \(lib[^ ]*\)$/  {"\2", (void *) \&\2},/p'"'"' -e '"'"'s/^[ABCDGIRSTW]* \([^ ]*\) \([^ ]*\)$/  {"lib\2", (void *) \&\2},/p'"'"
lt_cv_sys_global_symbol_to_cdecl='sed -n -e '"'"'s/^T .* \(.*\)$/extern int \1();/p'"'"' -e '"'"'s/^[ABCDGIRSTW]* .* \(.*\)$/extern char \1;/p'"'"
lt_cv_sys_max_cmd_len='1572864'

## ----------------- ##
## Output variables. ##
## ----------------- ##

ACLOCAL='${SHELL} /home/arthur/coding/minix/external/bsd/file/dist/missing --run aclocal-1.12'
AMDEPBACKSLASH='\'
AMDEP_FALSE='#'
AMDEP_TRUE=''
AMTAR='$${TAR-tar}'
AM_BACKSLASH='\'
AM_DEFAULT_V='0'
AM_DEFAULT_VERBOSITY='0'
AM_V='0'
AR='ar'
AUTOCONF='${SHELL} /home/arthur/coding/minix/external/bsd/file/dist/missing --run autoconf'
AUTOHEADER='${SHELL} /home/arthur/coding/minix/external/bsd/file/dist/missing --run autoheader'
AUTOMAKE='${SHELL} /home/arthur/coding/minix/external/bsd/file/dist/missing --run automake-1.12'
AWK='/home/arthur/coding/minix/./obj.i386/tooldir.Linux-3.16.0-4-amd64-x86_64/bin/nbawk'
CC='cc -std=gnu99'
CCDEPMODE='depmode=none'
CFLAGS='-O'
CFLAG_VISIBILITY='-fvisibility=hidden'
CPP='cc -std=gnu99 -E'
CPPFLAGS=''
CYGPATH_W='echo'
DEFS='-DHAVE_CONFIG_H'
DEPDIR='.deps'
DSYMUTIL=''
DUMPBIN=''
ECHO_C=''
ECHO_N='-n'
ECHO_T=''
EGREP='/bin/grep -E'
EXEEXT=''
FGREP='/bin/grep -F'
FSECT5_FALSE=''
FSECT5_TRUE='#'
GREP='/bin/grep'
HAVE_VISIBILITY='1'
INSTALL_DATA='${INSTALL} -m 644'
INSTALL_PROGRAM='${INSTALL}'
INSTALL_SCRIPT='${INSTALL}'
INSTALL_STRIP_PROGRAM='$(install_sh) -c -s'
IS_CROSS_COMPILE_FALSE=''
IS_CROSS_COMPILE_TRUE='#'
LD='/usr/bin/ld -m elf_x86_64'
LDFLAGS=''
LIBOBJS=' ${LIBOBJDIR}strlcpy$U.o ${LIBOBJDIR}strlcat$U.o'
LIBS='-lz '
LIBTOOL='$(SHELL) $(top_builddir)/libtool'
LIPO=''
LN_S='ln -s'
LTLIBOBJS=' ${LIBOBJDIR}strlcpy$U.lo ${LIBOBJDIR}strlcat$U.lo'
MAINT='#'
MAINTAINER_MODE_FALSE=''
MAINTAINER_MODE_TRUE='#'
MAKEINFO='${SHELL} /home/arthur/coding/minix/external/bsd/file/dist/missing --run makeinfo'
MINGW='0'
MINGW_FALSE=''
MINGW_TRUE='#'
MKDIR_P='/home/arthur/coding/minix/./obj.i386/tooldir.Linux-3.16.0-4-amd64-x86_64/bin/i586-elf32-minix-install -d -p'
NM='/usr/bin/nm -B'
NMEDIT=''
OBJDUMP='objdump'
OBJEXT='o'
OTOOL64=''
OTOOL=''
PACKAGE='file'
PACKAGE_BUGREPORT='christos@astron.com'
PACKAGE_NAME='file'
PACKAGE_STRING='file 5.14'
PACKAGE_TARNAME='file'
PACKAGE_URL=''
PACKAGE_VERSION='5.14'
PATH_SEPARATOR=':'
RANLIB='ranlib'
SED='/bin/sed'
SET_MAKE='MAKE=/home/arthur/coding/minix/./obj.i386/tooldir.Linux-3.16.0-4-amd64-x86_64/bin/nbmake'
SHELL='/bin/sh'
STRIP='strip'
VERSION='5.14'
WARNINGS=''
ac_ct_CC='cc'
ac_ct_DUMPBIN=''
am__EXEEXT_FALSE=''
am__EXEEXT_TRUE='#'
am__fastdepCC_FALSE=''
am__fastdepCC_TRUE='#'
am__include='#'
am__isrc=' -I$(srcdir)'
am__leading_dot='.'
am__nodep='_no'
am__quote=''
am__tar='$${TAR-tar} chof - "$$tardir"'
am__untar='$${TAR-tar} xf -'
bindir='${exec_prefix}/bin'
build='x86_64-unknown-linux-gnu'
build_alias=''
build_cpu='x86_64'
build_os='linux-gnu'
build_vendor='unknown'
datadir='${datarootdir}'
datarootdir='${prefix}/share'
docdir='${datarootdir}/doc/${PACKAGE_TARNAME}'
dvidir='${docdir}'
exec_prefix='${prefix}'
fsect='4'
host='x86_64-unknown-linux-gnu'
host_alias=''
host_cpu='x86_64'
host_os='linux-gnu'
host_vendor='unknown'
htmldir='${docdir}'
includedir='${prefix}/include'
infodir='${datarootdir}/info'
install_sh='${SHELL} /home/arthur/coding/minix/external/bsd/file/dist/install-sh'
libdir='${exec_prefix}/lib'
libexecdir='${exec_prefix}/libexec'
localedir='${datarootdir}/locale'
localstatedir='${prefix}/var'
lt_ECHO='/bin/echo'
mandir='${datarootdir}/man'
mkdir_p='$(MKDIR_P)'
oldincludedir='/usr/include'
pdfdir='${docdir}'
pkgdatadir='$(datadir)/misc'
prefix='/home/arthur/coding/minix/./obj.i386/tooldir.Linux-3.16.0-4-amd64-x86_64'
program_transform_name='s&^&nb&'
psdir='${docdir}'
sbindir='${exec_prefix}/sbin'
sharedstatedir='${prefix}/com'
sysconfdir='${prefix}/etc'
target_alias=''

## ----------- ##
## confdefs.h. ##
## ----------- ##

/* confdefs.h */
#define PACKAGE_NAME "file"
#define PACKAGE_TARNAME "file"
#define PACKAGE_VERSION "5.14"
#define PACKAGE_STRING "file 5.14"
#define PACKAGE_BUGREPORT "christos@astron.com"
#define PACKAGE_URL ""
#define PACKAGE "file"
#define VERSION "5.14"
#define BUILTIN_ELF 1
#define ELFCORE 1
#define STDC_HEADERS 1
#define HAVE_SYS_TYPES_H 1
#define HAVE_SYS_STAT_H 1
#define HAVE_STDLIB_H 1
#define HAVE_STRING_H 1
#define HAVE_MEMORY_H 1
#define HAVE_STRINGS_H 1
#define HAVE_INTTYPES_H 1
#define HAVE_STDINT_H 1
#define HAVE_UNISTD_H 1
#define __EXTENSIONS__ 1
#define _ALL_SOURCE 1
#define _GNU_SOURCE 1
#define _POSIX_PTHREAD_SEMANTICS 1
#define _TANDEM_SOURCE 1
#define HAVE_DLFCN_H 1
#define LT_OBJDIR ".libs/"
#define HAVE_VISIBILITY 1
#define STDC_HEADERS 1
#define HAVE_SYS_WAIT_H 1
#define HAVE_STDINT_H 1
#define HAVE_FCNTL_H 1
#define HAVE_LOCALE_H 1
#define HAVE_STDINT_H 1
#define HAVE_INTTYPES_H 1
#define HAVE_UNISTD_H 1
#define HAVE_STDDEF_H 1
#define HAVE_UTIME_H 1
#define HAVE_WCHAR_H 1
#define HAVE_WCTYPE_H 1
#define HAVE_LIMITS_H 1
#define HAVE_GETOPT_H 1
#define HAVE_ERR_H 1
#define HAVE_SYS_MMAN_H 1
#define HAVE_SYS_STAT_H 1
#define HAVE_SYS_TYPES_H 1
#define HAVE_SYS_TIME_H 1
#define HAVE_ZLIB_H 1
#define HAVE_STRUCT_STAT_ST_RDEV 1
#define HAVE_STRUCT_TM_TM_ZONE 1
#define HAVE_TM_ZONE 1
#define HAVE_TM_ZONE 1
#define HAVE_DECL_TZNAME 1
#define HAVE_TZNAME 1
#define HAVE_TM_ISDST 1
#define HAVE_DECL_DAYLIGHT 1
#define HAVE_DAYLIGHT 1
#define HAVE_FSEEKO 1
#define HAVE_MBSTATE_T 1
#define HAVE_STRUCT_OPTION 1
#define HAVE_STDLIB_H 1
#define HAVE_UNISTD_H 1
#define HAVE_SYS_PARAM_H 1
#define HAVE_GETPAGESIZE 1
#define HAVE_MMAP 1
#define HAVE_FORK 1
#define HAVE_VFORK 1
#define HAVE_WORKING_VFORK 1
#define HAVE_WORKING_FORK 1
#define HAVE_MBRTOWC 1
#define HAVE_STRERROR 1
#define HAVE_STRNDUP 1
#define HAVE_STRTOUL 1
#define HAVE_MKSTEMP 1
#define HAVE_MKOSTEMP 1
#define HAVE_UTIMES 1
#define HAVE_UTIME 1
#define HAVE_WCWIDTH 1
#define HAVE_STRTOF 1
#define HAVE_GETOPT_LONG 1
#define HAVE_ASPRINTF 1
#define HAVE_VASPRINTF 1
#define HAVE_GETLINE 1
#define HAVE_CTIME_R 1
#define HAVE_ASCTIME_R 1
#define HAVE_PREAD 1
#define HAVE_LIBZ 1

configure: exit 0
