This file contains any messages produced by compilers while
running configure, to aid debugging if configure makes a mistake.

It was created by configure, which was
generated by GNU Autoconf 2.64.  Invocation command line was

  $ /home/arthur/coding/minix/external/gpl3/binutils/dist/opcodes/configure --cache-file=./config.cache --with-gnu-as --with-gnu-ld --with-system-zlib --disable-nls --disable-werror --with-pkgversion=NetBSD Binutils nb1 --with-bugurl=http://www.NetBSD.org/support/send-pr.html --with-lib-path==/usr/lib --with-sysroot --enable-lto --enable-plugins --enable-ld=default --enable-gold=yes --prefix=/home/arthur/coding/minix/./obj.i386/tooldir.Linux-3.16.0-4-amd64-x86_64 --program-transform-name=s,^,i586-elf32-minix-, --disable-option-checking --build=x86_64-unknown-linux-gnu --host=x86_64-unknown-linux-gnu --target=i586-elf32-minix --srcdir=/home/arthur/coding/minix/tools/binutils/../../external/gpl3/binutils/dist/opcodes

## --------- ##
## Platform. ##
## --------- ##

hostname = dent
uname -m = x86_64
uname -r = 3.16.0-4-amd64
uname -s = Linux
uname -v = #1 SMP Debian 3.16.7-ckt7-1 (2015-03-01)

/usr/bin/uname -p = unknown
/bin/uname -X     = unknown

/bin/arch              = unknown
/usr/bin/arch -k       = unknown
/usr/convex/getsysinfo = unknown
/usr/bin/hostinfo      = unknown
/bin/machine           = unknown
/usr/bin/oslevel       = unknown
/bin/universe          = unknown

PATH: /home/arthur/coding/minix/./obj.i386/tooldir.Linux-3.16.0-4-amd64-x86_64/bin
PATH: /bin
PATH: /sbin
PATH: /usr/bin
PATH: /usr/sbin
PATH: /usr/local/bin
PATH: /usr/local/sbin
PATH: /usr/local/bin
PATH: /usr/bin
PATH: /bin
PATH: /usr/local/games
PATH: /usr/games
PATH: /home/jacob/protect
PATH: /home/jacob/protect


## ----------- ##
## Core tests. ##
## ----------- ##

configure:2182: creating cache ./config.cache
configure:2287: checking build system type
configure:2301: result: x86_64-unknown-linux-gnu
configure:2321: checking host system type
configure:2334: result: x86_64-unknown-linux-gnu
configure:2354: checking target system type
configure:2367: result: i586-elf32-minix
configure:2401: checking for x86_64-unknown-linux-gnu-gcc
configure:2428: result: cc
configure:2697: checking for C compiler version
configure:2706: cc --version >&5
cc (Debian 4.9.2-10) 4.9.2
Copyright (C) 2014 Free Software Foundation, Inc.
This is free software; see the source for copying conditions.  There is NO
warranty; not even for MERCHANTABILITY or FITNESS FOR A PARTICULAR PURPOSE.

configure:2717: $? = 0
configure:2706: cc -v >&5
Using built-in specs.
COLLECT_GCC=cc
COLLECT_LTO_WRAPPER=/usr/lib/gcc/x86_64-linux-gnu/4.9/lto-wrapper
Target: x86_64-linux-gnu
Configured with: ../src/configure -v --with-pkgversion='Debian 4.9.2-10' --with-bugurl=file:///usr/share/doc/gcc-4.9/README.Bugs --enable-languages=c,c++,java,go,d,fortran,objc,obj-c++ --prefix=/usr --program-suffix=-4.9 --enable-shared --enable-linker-build-id --libexecdir=/usr/lib --without-included-gettext --enable-threads=posix --with-gxx-include-dir=/usr/include/c++/4.9 --libdir=/usr/lib --enable-nls --with-sysroot=/ --enable-clocale=gnu --enable-libstdcxx-debug --enable-libstdcxx-time=yes --enable-gnu-unique-object --disable-vtable-verify --enable-plugin --with-system-zlib --disable-browser-plugin --enable-java-awt=gtk --enable-gtk-cairo --with-java-home=/usr/lib/jvm/java-1.5.0-gcj-4.9-amd64/jre --enable-java-home --with-jvm-root-dir=/usr/lib/jvm/java-1.5.0-gcj-4.9-amd64 --with-jvm-jar-dir=/usr/lib/jvm-exports/java-1.5.0-gcj-4.9-amd64 --with-arch-directory=amd64 --with-ecj-jar=/usr/share/java/eclipse-ecj.jar --enable-objc-gc --enable-multiarch --with-arch-32=i586 --with-abi=m64 --with-multilib-list=m32,m64,mx32 --enable-multilib --with-tune=generic --enable-checking=release --build=x86_64-linux-gnu --host=x86_64-linux-gnu --target=x86_64-linux-gnu
Thread model: posix
gcc version 4.9.2 (Debian 4.9.2-10) 
configure:2717: $? = 0
configure:2706: cc -V >&5
cc: error: unrecognized command line option '-V'
cc: fatal error: no input files
compilation terminated.
configure:2717: $? = 4
configure:2706: cc -qversion >&5
cc: error: unrecognized command line option '-qversion'
cc: fatal error: no input files
compilation terminated.
configure:2717: $? = 4
configure:2737: checking for C compiler default output file name
configure:2759: cc -O    conftest.c  >&5
configure:2763: $? = 0
configure:2800: result: a.out
configure:2816: checking whether the C compiler works
configure:2825: ./a.out
configure:2829: $? = 0
configure:2844: result: yes
configure:2851: checking whether we are cross compiling
configure:2853: result: no
configure:2856: checking for suffix of executables
configure:2863: cc -o conftest -O    conftest.c  >&5
configure:2867: $? = 0
configure:2889: result: 
configure:2895: checking for suffix of object files
configure:2917: cc -c -O  conftest.c >&5
configure:2921: $? = 0
configure:2942: result: o
configure:2946: checking whether we are using the GNU C compiler
configure:2965: cc -c -O  conftest.c >&5
configure:2965: $? = 0
configure:2974: result: yes
configure:2983: checking whether cc accepts -g
configure:3003: cc -c -g  conftest.c >&5
configure:3003: $? = 0
configure:3044: result: yes
configure:3061: checking for cc option to accept ISO C89
configure:3125: cc  -c -O  conftest.c >&5
configure:3125: $? = 0
configure:3138: result: none needed
configure:3159: checking for library containing strerror
configure:3190: cc -o conftest -O    conftest.c  >&5
configure:3190: $? = 0
configure:3207: result: none required
configure:3237: checking for a BSD-compatible install
configure:3305: result: /home/arthur/coding/minix/./obj.i386/tooldir.Linux-3.16.0-4-amd64-x86_64/bin/i586-elf32-minix-install -c -p -r
configure:3316: checking whether build environment is sane
configure:3366: result: yes
configure:3507: checking for a thread-safe mkdir -p
configure:3546: result: /home/arthur/coding/minix/./obj.i386/tooldir.Linux-3.16.0-4-amd64-x86_64/bin/i586-elf32-minix-install -d -p
configure:3559: checking for gawk
configure:3586: result: /home/arthur/coding/minix/./obj.i386/tooldir.Linux-3.16.0-4-amd64-x86_64/bin/nbawk
configure:3597: checking whether /home/arthur/coding/minix/./obj.i386/tooldir.Linux-3.16.0-4-amd64-x86_64/bin/nbmake sets $(MAKE)
configure:3623: result: no
configure:3649: checking for style of include used by /home/arthur/coding/minix/./obj.i386/tooldir.Linux-3.16.0-4-amd64-x86_64/bin/nbmake
configure:3677: result: none
configure:3762: checking dependency style of cc
configure:3872: result: none
configure:3897: checking for x86_64-unknown-linux-gnu-gcc
configure:3924: result: cc
configure:4193: checking for C compiler version
configure:4202: cc --version >&5
cc (Debian 4.9.2-10) 4.9.2
Copyright (C) 2014 Free Software Foundation, Inc.
This is free software; see the source for copying conditions.  There is NO
warranty; not even for MERCHANTABILITY or FITNESS FOR A PARTICULAR PURPOSE.

configure:4213: $? = 0
configure:4202: cc -v >&5
Using built-in specs.
COLLECT_GCC=cc
COLLECT_LTO_WRAPPER=/usr/lib/gcc/x86_64-linux-gnu/4.9/lto-wrapper
Target: x86_64-linux-gnu
Configured with: ../src/configure -v --with-pkgversion='Debian 4.9.2-10' --with-bugurl=file:///usr/share/doc/gcc-4.9/README.Bugs --enable-languages=c,c++,java,go,d,fortran,objc,obj-c++ --prefix=/usr --program-suffix=-4.9 --enable-shared --enable-linker-build-id --libexecdir=/usr/lib --without-included-gettext --enable-threads=posix --with-gxx-include-dir=/usr/include/c++/4.9 --libdir=/usr/lib --enable-nls --with-sysroot=/ --enable-clocale=gnu --enable-libstdcxx-debug --enable-libstdcxx-time=yes --enable-gnu-unique-object --disable-vtable-verify --enable-plugin --with-system-zlib --disable-browser-plugin --enable-java-awt=gtk --enable-gtk-cairo --with-java-home=/usr/lib/jvm/java-1.5.0-gcj-4.9-amd64/jre --enable-java-home --with-jvm-root-dir=/usr/lib/jvm/java-1.5.0-gcj-4.9-amd64 --with-jvm-jar-dir=/usr/lib/jvm-exports/java-1.5.0-gcj-4.9-amd64 --with-arch-directory=amd64 --with-ecj-jar=/usr/share/java/eclipse-ecj.jar --enable-objc-gc --enable-multiarch --with-arch-32=i586 --with-abi=m64 --with-multilib-list=m32,m64,mx32 --enable-multilib --with-tune=generic --enable-checking=release --build=x86_64-linux-gnu --host=x86_64-linux-gnu --target=x86_64-linux-gnu
Thread model: posix
gcc version 4.9.2 (Debian 4.9.2-10) 
configure:4213: $? = 0
configure:4202: cc -V >&5
cc: error: unrecognized command line option '-V'
cc: fatal error: no input files
compilation terminated.
configure:4213: $? = 4
configure:4202: cc -qversion >&5
cc: error: unrecognized command line option '-qversion'
cc: fatal error: no input files
compilation terminated.
configure:4213: $? = 4
configure:4217: checking whether we are using the GNU C compiler
configure:4245: result: yes
configure:4254: checking whether cc accepts -g
configure:4315: result: yes
configure:4332: checking for cc option to accept ISO C89
configure:4409: result: none needed
configure:4434: checking how to run the C preprocessor
configure:4465: cc -E  conftest.c
configure:4465: $? = 0
configure:4479: cc -E  conftest.c
conftest.c:11:28: fatal error: ac_nonexistent.h: No such file or directory
 #include <ac_nonexistent.h>
                            ^
compilation terminated.
configure:4479: $? = 1
configure: failed program was:
| /* confdefs.h */
| #define PACKAGE_NAME ""
| #define PACKAGE_TARNAME ""
| #define PACKAGE_VERSION ""
| #define PACKAGE_STRING ""
| #define PACKAGE_BUGREPORT ""
| #define PACKAGE_URL ""
| #define PACKAGE "opcodes"
| #define VERSION "2.23.2"
| /* end confdefs.h.  */
| #include <ac_nonexistent.h>
configure:4504: result: cc -E
configure:4524: cc -E  conftest.c
configure:4524: $? = 0
configure:4538: cc -E  conftest.c
conftest.c:11:28: fatal error: ac_nonexistent.h: No such file or directory
 #include <ac_nonexistent.h>
                            ^
compilation terminated.
configure:4538: $? = 1
configure: failed program was:
| /* confdefs.h */
| #define PACKAGE_NAME ""
| #define PACKAGE_TARNAME ""
| #define PACKAGE_VERSION ""
| #define PACKAGE_STRING ""
| #define PACKAGE_BUGREPORT ""
| #define PACKAGE_URL ""
| #define PACKAGE "opcodes"
| #define VERSION "2.23.2"
| /* end confdefs.h.  */
| #include <ac_nonexistent.h>
configure:4567: checking for grep that handles long lines and -e
configure:4625: result: /bin/grep
configure:4630: checking for egrep
configure:4692: result: /bin/grep -E
configure:4697: checking for ANSI C header files
configure:4717: cc -c -O  conftest.c >&5
configure:4717: $? = 0
configure:4790: cc -o conftest -O    conftest.c  >&5
configure:4790: $? = 0
configure:4790: ./conftest
configure:4790: $? = 0
configure:4801: result: yes
configure:4814: checking for sys/types.h
configure:4814: cc -c -O  conftest.c >&5
configure:4814: $? = 0
configure:4814: result: yes
configure:4814: checking for sys/stat.h
configure:4814: cc -c -O  conftest.c >&5
configure:4814: $? = 0
configure:4814: result: yes
configure:4814: checking for stdlib.h
configure:4814: cc -c -O  conftest.c >&5
configure:4814: $? = 0
configure:4814: result: yes
configure:4814: checking for string.h
configure:4814: cc -c -O  conftest.c >&5
configure:4814: $? = 0
configure:4814: result: yes
configure:4814: checking for memory.h
configure:4814: cc -c -O  conftest.c >&5
configure:4814: $? = 0
configure:4814: result: yes
configure:4814: checking for strings.h
configure:4814: cc -c -O  conftest.c >&5
configure:4814: $? = 0
configure:4814: result: yes
configure:4814: checking for inttypes.h
configure:4814: cc -c -O  conftest.c >&5
configure:4814: $? = 0
configure:4814: result: yes
configure:4814: checking for stdint.h
configure:4814: cc -c -O  conftest.c >&5
configure:4814: $? = 0
configure:4814: result: yes
configure:4814: checking for unistd.h
configure:4814: cc -c -O  conftest.c >&5
configure:4814: $? = 0
configure:4814: result: yes
configure:4828: checking minix/config.h usability
configure:4828: cc -c -O  conftest.c >&5
conftest.c:54:26: fatal error: minix/config.h: No such file or directory
 #include <minix/config.h>
                          ^
compilation terminated.
configure:4828: $? = 1
configure: failed program was:
| /* confdefs.h */
| #define PACKAGE_NAME ""
| #define PACKAGE_TARNAME ""
| #define PACKAGE_VERSION ""
| #define PACKAGE_STRING ""
| #define PACKAGE_BUGREPORT ""
| #define PACKAGE_URL ""
| #define PACKAGE "opcodes"
| #define VERSION "2.23.2"
| #define STDC_HEADERS 1
| #define HAVE_SYS_TYPES_H 1
| #define HAVE_SYS_STAT_H 1
| #define HAVE_STDLIB_H 1
| #define HAVE_STRING_H 1
| #define HAVE_MEMORY_H 1
| #define HAVE_STRINGS_H 1
| #define HAVE_INTTYPES_H 1
| #define HAVE_STDINT_H 1
| #define HAVE_UNISTD_H 1
| /* end confdefs.h.  */
| #include <stdio.h>
| #ifdef HAVE_SYS_TYPES_H
| # include <sys/types.h>
| #endif
| #ifdef HAVE_SYS_STAT_H
| # include <sys/stat.h>
| #endif
| #ifdef STDC_HEADERS
| # include <stdlib.h>
| # include <stddef.h>
| #else
| # ifdef HAVE_STDLIB_H
| #  include <stdlib.h>
| # endif
| #endif
| #ifdef HAVE_STRING_H
| # if !defined STDC_HEADERS && defined HAVE_MEMORY_H
| #  include <memory.h>
| # endif
| # include <string.h>
| #endif
| #ifdef HAVE_STRINGS_H
| # include <strings.h>
| #endif
| #ifdef HAVE_INTTYPES_H
| # include <inttypes.h>
| #endif
| #ifdef HAVE_STDINT_H
| # include <stdint.h>
| #endif
| #ifdef HAVE_UNISTD_H
| # include <unistd.h>
| #endif
| #include <minix/config.h>
configure:4828: result: no
configure:4828: checking minix/config.h presence
configure:4828: cc -E  conftest.c
conftest.c:21:26: fatal error: minix/config.h: No such file or directory
 #include <minix/config.h>
                          ^
compilation terminated.
configure:4828: $? = 1
configure: failed program was:
| /* confdefs.h */
| #define PACKAGE_NAME ""
| #define PACKAGE_TARNAME ""
| #define PACKAGE_VERSION ""
| #define PACKAGE_STRING ""
| #define PACKAGE_BUGREPORT ""
| #define PACKAGE_URL ""
| #define PACKAGE "opcodes"
| #define VERSION "2.23.2"
| #define STDC_HEADERS 1
| #define HAVE_SYS_TYPES_H 1
| #define HAVE_SYS_STAT_H 1
| #define HAVE_STDLIB_H 1
| #define HAVE_STRING_H 1
| #define HAVE_MEMORY_H 1
| #define HAVE_STRINGS_H 1
| #define HAVE_INTTYPES_H 1
| #define HAVE_STDINT_H 1
| #define HAVE_UNISTD_H 1
| /* end confdefs.h.  */
| #include <minix/config.h>
configure:4828: result: no
configure:4828: checking for minix/config.h
configure:4828: result: no
configure:4849: checking whether it is safe to define __EXTENSIONS__
configure:4867: cc -c -O  conftest.c >&5
configure:4867: $? = 0
configure:4874: result: yes
configure:4894: checking for x86_64-unknown-linux-gnu-ar
configure:4921: result: ar
configure:4986: checking for x86_64-unknown-linux-gnu-ranlib
configure:5013: result: ranlib
configure:5154: checking how to print strings
configure:5181: result: printf
configure:5202: checking for a sed that does not truncate output
configure:5266: result: /bin/sed
configure:5284: checking for fgrep
configure:5346: result: /bin/grep -F
configure:5381: checking for ld used by cc
configure:5448: result: ld
configure:5455: checking if the linker (ld) is GNU ld
configure:5470: result: yes
configure:5482: checking for BSD- or MS-compatible name lister (nm)
configure:5531: result: nm
configure:5661: checking the name lister (nm) interface
configure:5668: cc -c -O  conftest.c >&5
configure:5671: nm "conftest.o"
configure:5674: output
0000000000000000 B some_variable
configure:5681: result: BSD nm
configure:5684: checking whether ln -s works
configure:5688: result: yes
configure:5696: checking the maximum length of command line arguments
configure:5821: result: 1572864
configure:5838: checking whether the shell understands some XSI constructs
configure:5848: result: yes
configure:5852: checking whether the shell understands "+="
configure:5858: result: no
configure:5893: checking for ld option to reload object files
configure:5900: result: -r
configure:5929: checking for x86_64-unknown-linux-gnu-objdump
configure:5956: result: objdump
configure:6028: checking how to recognize dependent libraries
configure:6229: result: pass_all
configure:6249: checking for x86_64-unknown-linux-gnu-ar
configure:6276: result: ar
configure:6354: checking for x86_64-unknown-linux-gnu-strip
configure:6384: result: no
configure:6394: checking for strip
configure:6410: found /usr/bin/strip
configure:6421: result: strip
configure:6453: checking for x86_64-unknown-linux-gnu-ranlib
configure:6480: result: ranlib
configure:6622: checking command to parse nm output from cc object
configure:6740: cc -c -O  conftest.c >&5
configure:6743: $? = 0
configure:6747: nm conftest.o \| sed -n -e 's/^.*[ ]\([ABCDGIRSTW][ABCDGIRSTW]*\)[ ][ ]*\([_A-Za-z][_A-Za-z0-9]*\)$/  /p' \> conftest.nm
configure:6750: $? = 0
configure:6804: cc -o conftest -O    conftest.c conftstm.o >&5
configure:6807: $? = 0
configure:6845: result: ok
configure:6940: cc -c -O  conftest.c >&5
configure:6943: $? = 0
configure:7680: checking for dlfcn.h
configure:7680: cc -c -O  conftest.c >&5
configure:7680: $? = 0
configure:7680: result: yes
configure:7837: checking for objdir
configure:7852: result: .libs
configure:8123: checking if cc supports -fno-rtti -fno-exceptions
configure:8141: cc -c -O  -fno-rtti -fno-exceptions conftest.c >&5
cc1: warning: command line option '-fno-rtti' is valid for C++/ObjC++ but not for C
configure:8145: $? = 0
configure:8158: result: no
configure:8178: checking for cc option to produce PIC
configure:8463: result: -fPIC -DPIC
configure:8475: checking if cc PIC flag -fPIC -DPIC works
configure:8493: cc -c -O  -fPIC -DPIC -DPIC conftest.c >&5
configure:8497: $? = 0
configure:8510: result: yes
configure:8534: checking if cc static flag -static works
configure:8562: result: yes
configure:8577: checking if cc supports -c -o file.o
configure:8598: cc -c -O  -o out/conftest2.o conftest.c >&5
configure:8602: $? = 0
configure:8624: result: yes
configure:8632: checking if cc supports -c -o file.o
configure:8679: result: yes
configure:8712: checking whether the cc linker (ld -m elf_x86_64) supports shared libraries
configure:9783: result: yes
configure:10028: checking dynamic linker characteristics
configure:10479: cc -o conftest -O    -Wl,-rpath -Wl,/foo conftest.c  >&5
configure:10479: $? = 0
configure:10701: result: GNU/Linux ld.so
configure:10808: checking how to hardcode library paths into programs
configure:10833: result: immediate
configure:11373: checking whether stripping libraries is possible
configure:11378: result: yes
configure:11413: checking if libtool supports shared libraries
configure:11415: result: yes
configure:11418: checking whether to build shared libraries
configure:11439: result: no
configure:11442: checking whether to build static libraries
configure:11446: result: yes
configure:11576: checking whether cc supports -Wmissing-field-initializers
configure:11593: cc -c -Wmissing-field-initializers  conftest.c >&5
configure:11593: $? = 0
configure:11602: result: yes
configure:11622: checking whether to enable maintainer-specific portions of Makefiles
configure:11631: result: no
configure:11659: checking whether to install libbfd
configure:11672: result: no
configure:11718: checking whether NLS is requested
configure:11721: result: no
configure:11789: checking whether NLS is requested
configure:11798: result: no
configure:11836: checking for msgfmt
configure:11867: result: /usr/bin/msgfmt
configure:11876: checking for gmsgfmt
configure:11907: result: /usr/bin/msgfmt
configure:11947: checking for xgettext
configure:11978: result: /usr/bin/xgettext
configure:12018: checking for msgmerge
configure:12048: result: /usr/bin/msgmerge
configure:12130: checking for string.h
configure:12130: result: yes
configure:12130: checking for strings.h
configure:12130: result: yes
configure:12130: checking for stdlib.h
configure:12130: result: yes
configure:12130: checking limits.h usability
configure:12130: cc -c -O  conftest.c >&5
configure:12130: $? = 0
configure:12130: result: yes
configure:12130: checking limits.h presence
configure:12130: cc -E  conftest.c
configure:12130: $? = 0
configure:12130: result: yes
configure:12130: checking for limits.h
configure:12130: result: yes
configure:12141: checking whether string.h and strings.h may both be included
configure:12158: cc -c -O  conftest.c >&5
configure:12158: $? = 0
configure:12165: result: yes
configure:12174: checking whether basename is declared
configure:12174: cc -c -O  conftest.c >&5
configure:12174: $? = 0
configure:12174: result: yes
configure:12184: checking whether stpcpy is declared
configure:12184: cc -c -O  conftest.c >&5
configure:12184: $? = 0
configure:12184: result: yes
configure:12226: checking linker --as-needed support
configure:12237: result: yes
configure:12328: checking for cos in -lm
configure:12353: cc -o conftest -O    conftest.c -lm   >&5
conftest.c:42:6: warning: conflicting types for built-in function 'cos'
 char cos ();
      ^
configure:12353: $? = 0
configure:12362: result: yes
configure:12700: updating cache ./config.cache
configure:12765: creating ./config.status

## ---------------------- ##
## Running config.status. ##
## ---------------------- ##

This file was extended by config.status, which was
generated by GNU Autoconf 2.64.  Invocation command line was

  CONFIG_FILES    = 
  CONFIG_HEADERS  = 
  CONFIG_LINKS    = 
  CONFIG_COMMANDS = 
  $ ./config.status 

on dent

config.status:13977: creating Makefile
config.status:13977: creating po/Makefile.in
config.status:13977: creating config.h
config.status:14203: executing depfiles commands
config.status:14203: executing libtool commands
config.status:14203: executing default-1 commands

## ---------------- ##
## Cache variables. ##
## ---------------- ##

ac_cv_build='x86_64-unknown-linux-gnu'
ac_cv_c_compiler_gnu='yes'
ac_cv_env_CC_set='set'
ac_cv_env_CC_value='cc'
ac_cv_env_CFLAGS_set='set'
ac_cv_env_CFLAGS_value='-O'
ac_cv_env_CPPFLAGS_set='set'
ac_cv_env_CPPFLAGS_value=''
ac_cv_env_CPP_set=''
ac_cv_env_CPP_value=''
ac_cv_env_LDFLAGS_set='set'
ac_cv_env_LDFLAGS_value=' '
ac_cv_env_LIBS_set=''
ac_cv_env_LIBS_value=''
ac_cv_env_build_alias_set='set'
ac_cv_env_build_alias_value='x86_64-unknown-linux-gnu'
ac_cv_env_host_alias_set='set'
ac_cv_env_host_alias_value='x86_64-unknown-linux-gnu'
ac_cv_env_target_alias_set='set'
ac_cv_env_target_alias_value='i586-elf32-minix'
ac_cv_have_decl_basename='yes'
ac_cv_have_decl_stpcpy='yes'
ac_cv_header_dlfcn_h='yes'
ac_cv_header_inttypes_h='yes'
ac_cv_header_limits_h='yes'
ac_cv_header_memory_h='yes'
ac_cv_header_minix_config_h='no'
ac_cv_header_stdc='yes'
ac_cv_header_stdint_h='yes'
ac_cv_header_stdlib_h='yes'
ac_cv_header_string_h='yes'
ac_cv_header_strings_h='yes'
ac_cv_header_sys_stat_h='yes'
ac_cv_header_sys_types_h='yes'
ac_cv_header_unistd_h='yes'
ac_cv_host='x86_64-unknown-linux-gnu'
ac_cv_lib_m_cos='yes'
ac_cv_objext='o'
ac_cv_path_EGREP='/bin/grep -E'
ac_cv_path_FGREP='/bin/grep -F'
ac_cv_path_GMSGFMT='/usr/bin/msgfmt'
ac_cv_path_GREP='/bin/grep'
ac_cv_path_MSGFMT='/usr/bin/msgfmt'
ac_cv_path_MSGMERGE='/usr/bin/msgmerge'
ac_cv_path_SED='/bin/sed'
ac_cv_path_XGETTEXT='/usr/bin/xgettext'
ac_cv_path_mkdir='/home/arthur/coding/minix/./obj.i386/tooldir.Linux-3.16.0-4-amd64-x86_64/bin/i586-elf32-minix-install -d'
ac_cv_prog_AR='ar'
ac_cv_prog_AWK='/home/arthur/coding/minix/./obj.i386/tooldir.Linux-3.16.0-4-amd64-x86_64/bin/nbawk'
ac_cv_prog_CC='cc'
ac_cv_prog_CPP='cc -E'
ac_cv_prog_OBJDUMP='objdump'
ac_cv_prog_RANLIB='ranlib'
ac_cv_prog_ac_ct_STRIP='strip'
ac_cv_prog_cc_c89=''
ac_cv_prog_cc_g='yes'
ac_cv_prog_make__home_arthur_coding_minix___obj_i386_tooldir_Linux_3_16_0_4_amd64_x86_64_bin_nbmake_set='no'
ac_cv_safe_to_define___extensions__='yes'
ac_cv_search_strerror='none required'
ac_cv_target='i586-elf32-minix'
acx_cv_prog_cc_warning__Wmissing_field_initializers='yes'
am_cv_CC_dependencies_compiler_type='none'
bfd_cv_ld_as_needed='yes'
gcc_cv_header_string='yes'
lt_cv_deplibs_check_method='pass_all'
lt_cv_file_magic_cmd='$MAGIC_CMD'
lt_cv_file_magic_test_file=''
lt_cv_ld_reload_flag='-r'
lt_cv_nm_interface='BSD nm'
lt_cv_objdir='.libs'
lt_cv_path_LD='ld'
lt_cv_path_NM='nm'
lt_cv_prog_compiler_c_o='yes'
lt_cv_prog_compiler_pic_works='yes'
lt_cv_prog_compiler_rtti_exceptions='no'
lt_cv_prog_compiler_static_works='yes'
lt_cv_prog_gnu_ld='yes'
lt_cv_shlibpath_overrides_runpath='no'
lt_cv_sys_global_symbol_pipe='sed -n -e '"'"'s/^.*[	 ]\([ABCDGIRSTW][ABCDGIRSTW]*\)[	 ][	 ]*\([_A-Za-z][_A-Za-z0-9]*\)$/\1 \2 \2/p'"'"
lt_cv_sys_global_symbol_to_c_name_address='sed -n -e '"'"'s/^: \([^ ]*\) $/  {\"\1\", (void *) 0},/p'"'"' -e '"'"'s/^[ABCDGIRSTW]* \([^ ]*\) \([^ ]*\)$/  {"\2", (void *) \&\2},/p'"'"
lt_cv_sys_global_symbol_to_c_name_address_lib_prefix='sed -n -e '"'"'s/^: \([^ ]*\) $/  {\"\1\", (void *) 0},/p'"'"' -e '"'"'s/^[ABCDGIRSTW]* \([^ ]*\) \(lib[^ ]*\)$/  {"\2", (void *) \&\2},/p'"'"' -e '"'"'s/^[ABCDGIRSTW]* \([^ ]*\) \([^ ]*\)$/  {"lib\2", (void *) \&\2},/p'"'"
lt_cv_sys_global_symbol_to_cdecl='sed -n -e '"'"'s/^T .* \(.*\)$/extern int \1();/p'"'"' -e '"'"'s/^[ABCDGIRSTW]* .* \(.*\)$/extern char \1;/p'"'"
lt_cv_sys_max_cmd_len='1572864'

## ----------------- ##
## Output variables. ##
## ----------------- ##

ACLOCAL='${SHELL} /home/arthur/coding/minix/external/gpl3/binutils/dist/missing --run aclocal-1.11'
AMDEPBACKSLASH='\'
AMDEP_FALSE='#'
AMDEP_TRUE=''
AMTAR='${SHELL} /home/arthur/coding/minix/external/gpl3/binutils/dist/missing --run tar'
AR='ar'
AUTOCONF='${SHELL} /home/arthur/coding/minix/external/gpl3/binutils/dist/missing --run autoconf'
AUTOHEADER='${SHELL} /home/arthur/coding/minix/external/gpl3/binutils/dist/missing --run autoheader'
AUTOMAKE='${SHELL} /home/arthur/coding/minix/external/gpl3/binutils/dist/missing --run automake-1.11'
AWK='/home/arthur/coding/minix/./obj.i386/tooldir.Linux-3.16.0-4-amd64-x86_64/bin/nbawk'
BFD_MACHINES=' i386-dis.lo i386-opc.lo'
BUILD_LIBS='../libiberty/libiberty.a '
BUILD_LIB_DEPS='../libiberty/libiberty.a '
CATALOGS=''
CATOBJEXT=''
CC='cc'
CCDEPMODE='depmode=none'
CC_FOR_BUILD='cc'
CFLAGS='-O'
CGEN_MAINT_FALSE=''
CGEN_MAINT_TRUE='#'
CPP='cc -E'
CPPFLAGS=''
CYGPATH_W='echo'
DATADIRNAME=''
DEFS='-DHAVE_CONFIG_H'
DEPDIR='.deps'
DSYMUTIL=''
DUMPBIN=''
ECHO_C=''
ECHO_N='-n'
ECHO_T=''
EGREP='/bin/grep -E'
EXEEXT=''
EXEEXT_FOR_BUILD='$(EXEEXT)'
FGREP='/bin/grep -F'
GENCAT=''
GMSGFMT='/usr/bin/msgfmt'
GREP='/bin/grep'
HDEFINES=''
INCINTL=''
INSTALL_DATA='${INSTALL} -m 644'
INSTALL_LIBBFD_FALSE=''
INSTALL_LIBBFD_TRUE='#'
INSTALL_PROGRAM='${INSTALL}'
INSTALL_SCRIPT='${INSTALL}'
INSTALL_STRIP_PROGRAM='$(install_sh) -c -s'
INSTOBJEXT=''
LD='ld -m elf_x86_64'
LDFLAGS=' '
LIBINTL=''
LIBINTL_DEP=''
LIBM='-lm'
LIBOBJS=''
LIBS=''
LIBTOOL='$(SHELL) $(top_builddir)/libtool'
LIPO=''
LN_S='ln -s'
LTLIBOBJS=''
MAINT='#'
MAINTAINER_MODE_FALSE=''
MAINTAINER_MODE_TRUE='#'
MAKEINFO='/home/arthur/coding/minix/./obj.i386/tooldir.Linux-3.16.0-4-amd64-x86_64/bin/nbmakeinfo'
MKDIR_P='/home/arthur/coding/minix/./obj.i386/tooldir.Linux-3.16.0-4-amd64-x86_64/bin/i586-elf32-minix-install -d -p'
MKINSTALLDIRS='/home/arthur/coding/minix/tools/binutils/../../external/gpl3/binutils/dist/opcodes/../mkinstalldirs'
MSGFMT='/usr/bin/msgfmt'
MSGMERGE='/usr/bin/msgmerge'
NM='nm'
NMEDIT=''
NO_WERROR=''
NO_WMISSING_FIELD_INITIALIZERS='-Wno-missing-field-initializers'
OBJDUMP='objdump'
OBJEXT='o'
OTOOL64=''
OTOOL=''
PACKAGE='opcodes'
PACKAGE_BUGREPORT=''
PACKAGE_NAME=''
PACKAGE_STRING=''
PACKAGE_TARNAME=''
PACKAGE_URL=''
PACKAGE_VERSION=''
PATH_SEPARATOR=':'
POSUB=''
RANLIB='ranlib'
SED='/bin/sed'
SET_MAKE='MAKE=/home/arthur/coding/minix/./obj.i386/tooldir.Linux-3.16.0-4-amd64-x86_64/bin/nbmake'
SHARED_DEPENDENCIES=''
SHARED_LDFLAGS=''
SHARED_LIBADD=''
SHELL='/bin/sh'
STRIP='strip'
USE_NLS='no'
VERSION='2.23.2'
WARN_CFLAGS='-W -Wall -Wstrict-prototypes -Wmissing-prototypes -Wshadow'
XGETTEXT='/usr/bin/xgettext'
ac_ct_CC=''
ac_ct_DUMPBIN=''
am__EXEEXT_FALSE=''
am__EXEEXT_TRUE='#'
am__fastdepCC_FALSE=''
am__fastdepCC_TRUE='#'
am__include='#'
am__isrc=' -I$(srcdir)'
am__leading_dot='.'
am__quote=''
am__tar='${AMTAR} chof - "$$tardir"'
am__untar='${AMTAR} xf -'
archdefs=' -DARCH_i386'
bfdincludedir='$(exec_prefix)/$(host_noncanonical)/$(target_noncanonical)/include'
bfdlibdir='$(exec_prefix)/$(host_noncanonical)/$(target_noncanonical)/lib'
bindir='${exec_prefix}/bin'
build='x86_64-unknown-linux-gnu'
build_alias='x86_64-unknown-linux-gnu'
build_cpu='x86_64'
build_os='linux-gnu'
build_vendor='unknown'
cgendir='$(srcdir)/../cgen'
datadir='${datarootdir}'
datarootdir='${prefix}/share'
docdir='${datarootdir}/doc/${PACKAGE}'
dvidir='${docdir}'
exec_prefix='${prefix}'
host='x86_64-unknown-linux-gnu'
host_alias='x86_64-unknown-linux-gnu'
host_cpu='x86_64'
host_noncanonical='x86_64-unknown-linux-gnu'
host_os='linux-gnu'
host_vendor='unknown'
htmldir='${docdir}'
includedir='${prefix}/include'
infodir='${datarootdir}/info'
install_sh='${SHELL} /home/arthur/coding/minix/external/gpl3/binutils/dist/install-sh'
libdir='${exec_prefix}/lib'
libexecdir='${exec_prefix}/libexec'
localedir='${datarootdir}/locale'
localstatedir='${prefix}/var'
mandir='${datarootdir}/man'
mkdir_p='/home/arthur/coding/minix/./obj.i386/tooldir.Linux-3.16.0-4-amd64-x86_64/bin/i586-elf32-minix-install -d -p'
oldincludedir='/usr/include'
pdfdir='${docdir}'
prefix='/home/arthur/coding/minix/./obj.i386/tooldir.Linux-3.16.0-4-amd64-x86_64'
program_transform_name='s,^,i586-elf32-minix-,'
psdir='${docdir}'
sbindir='${exec_prefix}/sbin'
sharedstatedir='${prefix}/com'
sysconfdir='${prefix}/etc'
target='i586-elf32-minix'
target_alias='i586-elf32-minix'
target_cpu='i586'
target_noncanonical='i586-elf32-minix'
target_os='minix'
target_vendor='elf32'

## ----------- ##
## confdefs.h. ##
## ----------- ##

/* confdefs.h */
#define PACKAGE_NAME ""
#define PACKAGE_TARNAME ""
#define PACKAGE_VERSION ""
#define PACKAGE_STRING ""
#define PACKAGE_BUGREPORT ""
#define PACKAGE_URL ""
#define PACKAGE "opcodes"
#define VERSION "2.23.2"
#define STDC_HEADERS 1
#define HAVE_SYS_TYPES_H 1
#define HAVE_SYS_STAT_H 1
#define HAVE_STDLIB_H 1
#define HAVE_STRING_H 1
#define HAVE_MEMORY_H 1
#define HAVE_STRINGS_H 1
#define HAVE_INTTYPES_H 1
#define HAVE_STDINT_H 1
#define HAVE_UNISTD_H 1
#define __EXTENSIONS__ 1
#define _ALL_SOURCE 1
#define _GNU_SOURCE 1
#define _POSIX_PTHREAD_SEMANTICS 1
#define _TANDEM_SOURCE 1
#define HAVE_DLFCN_H 1
#define LT_OBJDIR ".libs/"
#define HAVE_STRING_H 1
#define HAVE_STRINGS_H 1
#define HAVE_STDLIB_H 1
#define HAVE_LIMITS_H 1
#define STRING_WITH_STRINGS 1
#define HAVE_DECL_BASENAME 1
#define HAVE_DECL_STPCPY 1

configure: exit 0
