This file contains any messages produced by compilers while
running configure, to aid debugging if configure makes a mistake.

It was created by gold configure 0.1, which was
generated by GNU Autoconf 2.64.  Invocation command line was

  $ /home/arthur/coding/minix/external/gpl3/binutils/dist/gold/configure --cache-file=./config.cache --with-gnu-as --with-gnu-ld --with-system-zlib --disable-nls --disable-werror --with-pkgversion=NetBSD Binutils nb1 --with-bugurl=http://www.NetBSD.org/support/send-pr.html --with-lib-path==/usr/lib --with-sysroot --enable-lto --enable-plugins --enable-ld=default --enable-gold=yes --prefix=/home/arthur/coding/minix/./obj.i386/tooldir.Linux-3.16.0-4-amd64-x86_64 --program-transform-name=s,^,i586-elf32-minix-, --disable-option-checking --build=x86_64-unknown-linux-gnu --host=x86_64-unknown-linux-gnu --target=i586-elf32-minix --srcdir=/home/arthur/coding/minix/tools/binutils/../../external/gpl3/binutils/dist/gold

## --------- ##
## Platform. ##
## --------- ##

hostname = dent
uname -m = x86_64
uname -r = 3.16.0-4-amd64
uname -s = Linux
uname -v = #1 SMP Debian 3.16.7-ckt7-1 (2015-03-01)

/usr/bin/uname -p = unknown
/bin/uname -X     = unknown

/bin/arch              = unknown
/usr/bin/arch -k       = unknown
/usr/convex/getsysinfo = unknown
/usr/bin/hostinfo      = unknown
/bin/machine           = unknown
/usr/bin/oslevel       = unknown
/bin/universe          = unknown

PATH: /home/arthur/coding/minix/./obj.i386/tooldir.Linux-3.16.0-4-amd64-x86_64/bin
PATH: /bin
PATH: /sbin
PATH: /usr/bin
PATH: /usr/sbin
PATH: /usr/local/bin
PATH: /usr/local/sbin
PATH: /usr/local/bin
PATH: /usr/bin
PATH: /bin
PATH: /usr/local/games
PATH: /usr/games
PATH: /home/jacob/protect
PATH: /home/jacob/protect


## ----------- ##
## Core tests. ##
## ----------- ##

configure:2536: creating cache ./config.cache
configure:2641: checking build system type
configure:2655: result: x86_64-unknown-linux-gnu
configure:2675: checking host system type
configure:2688: result: x86_64-unknown-linux-gnu
configure:2708: checking target system type
configure:2721: result: i586-elf32-minix
configure:2764: checking for a BSD-compatible install
configure:2832: result: /home/arthur/coding/minix/./obj.i386/tooldir.Linux-3.16.0-4-amd64-x86_64/bin/i586-elf32-minix-install -c -p -r
configure:2843: checking whether build environment is sane
configure:2893: result: yes
configure:3034: checking for a thread-safe mkdir -p
configure:3073: result: /home/arthur/coding/minix/./obj.i386/tooldir.Linux-3.16.0-4-amd64-x86_64/bin/i586-elf32-minix-install -d -p
configure:3086: checking for gawk
configure:3113: result: /home/arthur/coding/minix/./obj.i386/tooldir.Linux-3.16.0-4-amd64-x86_64/bin/nbawk
configure:3124: checking whether /home/arthur/coding/minix/./obj.i386/tooldir.Linux-3.16.0-4-amd64-x86_64/bin/nbmake sets $(MAKE)
configure:3150: result: no
configure:3574: checking for x86_64-unknown-linux-gnu-nm
configure:3601: result: nm
configure:3672: checking for x86_64-unknown-linux-gnu-gcc
configure:3699: result: cc
configure:3968: checking for C compiler version
configure:3977: cc --version >&5
cc (Debian 4.9.2-10) 4.9.2
Copyright (C) 2014 Free Software Foundation, Inc.
This is free software; see the source for copying conditions.  There is NO
warranty; not even for MERCHANTABILITY or FITNESS FOR A PARTICULAR PURPOSE.

configure:3988: $? = 0
configure:3977: cc -v >&5
Using built-in specs.
COLLECT_GCC=cc
COLLECT_LTO_WRAPPER=/usr/lib/gcc/x86_64-linux-gnu/4.9/lto-wrapper
Target: x86_64-linux-gnu
Configured with: ../src/configure -v --with-pkgversion='Debian 4.9.2-10' --with-bugurl=file:///usr/share/doc/gcc-4.9/README.Bugs --enable-languages=c,c++,java,go,d,fortran,objc,obj-c++ --prefix=/usr --program-suffix=-4.9 --enable-shared --enable-linker-build-id --libexecdir=/usr/lib --without-included-gettext --enable-threads=posix --with-gxx-include-dir=/usr/include/c++/4.9 --libdir=/usr/lib --enable-nls --with-sysroot=/ --enable-clocale=gnu --enable-libstdcxx-debug --enable-libstdcxx-time=yes --enable-gnu-unique-object --disable-vtable-verify --enable-plugin --with-system-zlib --disable-browser-plugin --enable-java-awt=gtk --enable-gtk-cairo --with-java-home=/usr/lib/jvm/java-1.5.0-gcj-4.9-amd64/jre --enable-java-home --with-jvm-root-dir=/usr/lib/jvm/java-1.5.0-gcj-4.9-amd64 --with-jvm-jar-dir=/usr/lib/jvm-exports/java-1.5.0-gcj-4.9-amd64 --with-arch-directory=amd64 --with-ecj-jar=/usr/share/java/eclipse-ecj.jar --enable-objc-gc --enable-multiarch --with-arch-32=i586 --with-abi=m64 --with-multilib-list=m32,m64,mx32 --enable-multilib --with-tune=generic --enable-checking=release --build=x86_64-linux-gnu --host=x86_64-linux-gnu --target=x86_64-linux-gnu
Thread model: posix
gcc version 4.9.2 (Debian 4.9.2-10) 
configure:3988: $? = 0
configure:3977: cc -V >&5
cc: error: unrecognized command line option '-V'
cc: fatal error: no input files
compilation terminated.
configure:3988: $? = 4
configure:3977: cc -qversion >&5
cc: error: unrecognized command line option '-qversion'
cc: fatal error: no input files
compilation terminated.
configure:3988: $? = 4
configure:4008: checking for C compiler default output file name
configure:4030: cc -O    conftest.c  >&5
configure:4034: $? = 0
configure:4071: result: a.out
configure:4087: checking whether the C compiler works
configure:4096: ./a.out
configure:4100: $? = 0
configure:4115: result: yes
configure:4122: checking whether we are cross compiling
configure:4124: result: no
configure:4127: checking for suffix of executables
configure:4134: cc -o conftest -O    conftest.c  >&5
configure:4138: $? = 0
configure:4160: result: 
configure:4166: checking for suffix of object files
configure:4188: cc -c -O  conftest.c >&5
configure:4192: $? = 0
configure:4213: result: o
configure:4217: checking whether we are using the GNU C compiler
configure:4236: cc -c -O  conftest.c >&5
configure:4236: $? = 0
configure:4245: result: yes
configure:4254: checking whether cc accepts -g
configure:4274: cc -c -g  conftest.c >&5
configure:4274: $? = 0
configure:4315: result: yes
configure:4332: checking for cc option to accept ISO C89
configure:4396: cc  -c -O  conftest.c >&5
configure:4396: $? = 0
configure:4409: result: none needed
configure:4440: checking for style of include used by /home/arthur/coding/minix/./obj.i386/tooldir.Linux-3.16.0-4-amd64-x86_64/bin/nbmake
configure:4468: result: none
configure:4493: checking dependency style of cc
configure:4603: result: none
configure:4730: checking for C++ compiler version
configure:4739: c++ --version >&5
c++ (Debian 4.9.2-10) 4.9.2
Copyright (C) 2014 Free Software Foundation, Inc.
This is free software; see the source for copying conditions.  There is NO
warranty; not even for MERCHANTABILITY or FITNESS FOR A PARTICULAR PURPOSE.

configure:4750: $? = 0
configure:4739: c++ -v >&5
Using built-in specs.
COLLECT_GCC=c++
COLLECT_LTO_WRAPPER=/usr/lib/gcc/x86_64-linux-gnu/4.9/lto-wrapper
Target: x86_64-linux-gnu
Configured with: ../src/configure -v --with-pkgversion='Debian 4.9.2-10' --with-bugurl=file:///usr/share/doc/gcc-4.9/README.Bugs --enable-languages=c,c++,java,go,d,fortran,objc,obj-c++ --prefix=/usr --program-suffix=-4.9 --enable-shared --enable-linker-build-id --libexecdir=/usr/lib --without-included-gettext --enable-threads=posix --with-gxx-include-dir=/usr/include/c++/4.9 --libdir=/usr/lib --enable-nls --with-sysroot=/ --enable-clocale=gnu --enable-libstdcxx-debug --enable-libstdcxx-time=yes --enable-gnu-unique-object --disable-vtable-verify --enable-plugin --with-system-zlib --disable-browser-plugin --enable-java-awt=gtk --enable-gtk-cairo --with-java-home=/usr/lib/jvm/java-1.5.0-gcj-4.9-amd64/jre --enable-java-home --with-jvm-root-dir=/usr/lib/jvm/java-1.5.0-gcj-4.9-amd64 --with-jvm-jar-dir=/usr/lib/jvm-exports/java-1.5.0-gcj-4.9-amd64 --with-arch-directory=amd64 --with-ecj-jar=/usr/share/java/eclipse-ecj.jar --enable-objc-gc --enable-multiarch --with-arch-32=i586 --with-abi=m64 --with-multilib-list=m32,m64,mx32 --enable-multilib --with-tune=generic --enable-checking=release --build=x86_64-linux-gnu --host=x86_64-linux-gnu --target=x86_64-linux-gnu
Thread model: posix
gcc version 4.9.2 (Debian 4.9.2-10) 
configure:4750: $? = 0
configure:4739: c++ -V >&5
c++: error: unrecognized command line option '-V'
c++: fatal error: no input files
compilation terminated.
configure:4750: $? = 4
configure:4739: c++ -qversion >&5
c++: error: unrecognized command line option '-qversion'
c++: fatal error: no input files
compilation terminated.
configure:4750: $? = 4
configure:4754: checking whether we are using the GNU C++ compiler
configure:4773: c++ -c -O  conftest.cpp >&5
configure:4773: $? = 0
configure:4782: result: yes
configure:4791: checking whether c++ accepts -g
configure:4811: c++ -c -g  conftest.cpp >&5
configure:4811: $? = 0
configure:4852: result: yes
configure:4877: checking dependency style of c++
configure:4987: result: none
configure:5006: checking for bison
configure:5033: result: /home/arthur/coding/minix/./obj.i386/tooldir.Linux-3.16.0-4-amd64-x86_64/bin/nbyacc
configure:5048: checking for x86_64-unknown-linux-gnu-ranlib
configure:5075: result: ranlib
configure:5138: checking whether ln -s works
configure:5142: result: yes
configure:5156: checking how to run the C preprocessor
configure:5187: cc -E  conftest.c
configure:5187: $? = 0
configure:5201: cc -E  conftest.c
conftest.c:23:28: fatal error: ac_nonexistent.h: No such file or directory
 #include <ac_nonexistent.h>
                            ^
compilation terminated.
configure:5201: $? = 1
configure: failed program was:
| /* confdefs.h */
| #define PACKAGE_NAME "gold"
| #define PACKAGE_TARNAME "gold"
| #define PACKAGE_VERSION "0.1"
| #define PACKAGE_STRING "gold 0.1"
| #define PACKAGE_BUGREPORT ""
| #define PACKAGE_URL ""
| #define PACKAGE "gold"
| #define VERSION "0.1"
| #define TARGET_SYSTEM_ROOT "${exec_prefix}/${target_alias}/sys-root"
| #define TARGET_SYSTEM_ROOT_RELOCATABLE 0
| #define ENABLE_PLUGINS 1
| #define HAVE_TARGET_32_LITTLE 1
| #define HAVE_TARGET_32_BIG 1
| #define HAVE_TARGET_64_LITTLE 1
| #define HAVE_TARGET_64_BIG 1
| #define GOLD_DEFAULT_MACHINE EM_386
| #define GOLD_DEFAULT_SIZE 32
| #define GOLD_DEFAULT_BIG_ENDIAN false
| #define GOLD_DEFAULT_OSABI ELFOSABI_NONE
| #define LIB_PATH "=/usr/lib"
| /* end confdefs.h.  */
| #include <ac_nonexistent.h>
configure:5226: result: cc -E
configure:5246: cc -E  conftest.c
configure:5246: $? = 0
configure:5260: cc -E  conftest.c
conftest.c:23:28: fatal error: ac_nonexistent.h: No such file or directory
 #include <ac_nonexistent.h>
                            ^
compilation terminated.
configure:5260: $? = 1
configure: failed program was:
| /* confdefs.h */
| #define PACKAGE_NAME "gold"
| #define PACKAGE_TARNAME "gold"
| #define PACKAGE_VERSION "0.1"
| #define PACKAGE_STRING "gold 0.1"
| #define PACKAGE_BUGREPORT ""
| #define PACKAGE_URL ""
| #define PACKAGE "gold"
| #define VERSION "0.1"
| #define TARGET_SYSTEM_ROOT "${exec_prefix}/${target_alias}/sys-root"
| #define TARGET_SYSTEM_ROOT_RELOCATABLE 0
| #define ENABLE_PLUGINS 1
| #define HAVE_TARGET_32_LITTLE 1
| #define HAVE_TARGET_32_BIG 1
| #define HAVE_TARGET_64_LITTLE 1
| #define HAVE_TARGET_64_BIG 1
| #define GOLD_DEFAULT_MACHINE EM_386
| #define GOLD_DEFAULT_SIZE 32
| #define GOLD_DEFAULT_BIG_ENDIAN false
| #define GOLD_DEFAULT_OSABI ELFOSABI_NONE
| #define LIB_PATH "=/usr/lib"
| /* end confdefs.h.  */
| #include <ac_nonexistent.h>
configure:5289: checking for grep that handles long lines and -e
configure:5347: result: /bin/grep
configure:5352: checking for egrep
configure:5414: result: /bin/grep -E
configure:5419: checking for ANSI C header files
configure:5439: cc -c -O  conftest.c >&5
configure:5439: $? = 0
configure:5512: cc -o conftest -O    conftest.c  >&5
configure:5512: $? = 0
configure:5512: ./conftest
configure:5512: $? = 0
configure:5523: result: yes
configure:5536: checking for sys/types.h
configure:5536: cc -c -O  conftest.c >&5
configure:5536: $? = 0
configure:5536: result: yes
configure:5536: checking for sys/stat.h
configure:5536: cc -c -O  conftest.c >&5
configure:5536: $? = 0
configure:5536: result: yes
configure:5536: checking for stdlib.h
configure:5536: cc -c -O  conftest.c >&5
configure:5536: $? = 0
configure:5536: result: yes
configure:5536: checking for string.h
configure:5536: cc -c -O  conftest.c >&5
configure:5536: $? = 0
configure:5536: result: yes
configure:5536: checking for memory.h
configure:5536: cc -c -O  conftest.c >&5
configure:5536: $? = 0
configure:5536: result: yes
configure:5536: checking for strings.h
configure:5536: cc -c -O  conftest.c >&5
configure:5536: $? = 0
configure:5536: result: yes
configure:5536: checking for inttypes.h
configure:5536: cc -c -O  conftest.c >&5
configure:5536: $? = 0
configure:5536: result: yes
configure:5536: checking for stdint.h
configure:5536: cc -c -O  conftest.c >&5
configure:5536: $? = 0
configure:5536: result: yes
configure:5536: checking for unistd.h
configure:5536: cc -c -O  conftest.c >&5
configure:5536: $? = 0
configure:5536: result: yes
configure:5550: checking minix/config.h usability
configure:5550: cc -c -O  conftest.c >&5
conftest.c:66:26: fatal error: minix/config.h: No such file or directory
 #include <minix/config.h>
                          ^
compilation terminated.
configure:5550: $? = 1
configure: failed program was:
| /* confdefs.h */
| #define PACKAGE_NAME "gold"
| #define PACKAGE_TARNAME "gold"
| #define PACKAGE_VERSION "0.1"
| #define PACKAGE_STRING "gold 0.1"
| #define PACKAGE_BUGREPORT ""
| #define PACKAGE_URL ""
| #define PACKAGE "gold"
| #define VERSION "0.1"
| #define TARGET_SYSTEM_ROOT "${exec_prefix}/${target_alias}/sys-root"
| #define TARGET_SYSTEM_ROOT_RELOCATABLE 0
| #define ENABLE_PLUGINS 1
| #define HAVE_TARGET_32_LITTLE 1
| #define HAVE_TARGET_32_BIG 1
| #define HAVE_TARGET_64_LITTLE 1
| #define HAVE_TARGET_64_BIG 1
| #define GOLD_DEFAULT_MACHINE EM_386
| #define GOLD_DEFAULT_SIZE 32
| #define GOLD_DEFAULT_BIG_ENDIAN false
| #define GOLD_DEFAULT_OSABI ELFOSABI_NONE
| #define LIB_PATH "=/usr/lib"
| #define STDC_HEADERS 1
| #define HAVE_SYS_TYPES_H 1
| #define HAVE_SYS_STAT_H 1
| #define HAVE_STDLIB_H 1
| #define HAVE_STRING_H 1
| #define HAVE_MEMORY_H 1
| #define HAVE_STRINGS_H 1
| #define HAVE_INTTYPES_H 1
| #define HAVE_STDINT_H 1
| #define HAVE_UNISTD_H 1
| /* end confdefs.h.  */
| #include <stdio.h>
| #ifdef HAVE_SYS_TYPES_H
| # include <sys/types.h>
| #endif
| #ifdef HAVE_SYS_STAT_H
| # include <sys/stat.h>
| #endif
| #ifdef STDC_HEADERS
| # include <stdlib.h>
| # include <stddef.h>
| #else
| # ifdef HAVE_STDLIB_H
| #  include <stdlib.h>
| # endif
| #endif
| #ifdef HAVE_STRING_H
| # if !defined STDC_HEADERS && defined HAVE_MEMORY_H
| #  include <memory.h>
| # endif
| # include <string.h>
| #endif
| #ifdef HAVE_STRINGS_H
| # include <strings.h>
| #endif
| #ifdef HAVE_INTTYPES_H
| # include <inttypes.h>
| #endif
| #ifdef HAVE_STDINT_H
| # include <stdint.h>
| #endif
| #ifdef HAVE_UNISTD_H
| # include <unistd.h>
| #endif
| #include <minix/config.h>
configure:5550: result: no
configure:5550: checking minix/config.h presence
configure:5550: cc -E  conftest.c
conftest.c:33:26: fatal error: minix/config.h: No such file or directory
 #include <minix/config.h>
                          ^
compilation terminated.
configure:5550: $? = 1
configure: failed program was:
| /* confdefs.h */
| #define PACKAGE_NAME "gold"
| #define PACKAGE_TARNAME "gold"
| #define PACKAGE_VERSION "0.1"
| #define PACKAGE_STRING "gold 0.1"
| #define PACKAGE_BUGREPORT ""
| #define PACKAGE_URL ""
| #define PACKAGE "gold"
| #define VERSION "0.1"
| #define TARGET_SYSTEM_ROOT "${exec_prefix}/${target_alias}/sys-root"
| #define TARGET_SYSTEM_ROOT_RELOCATABLE 0
| #define ENABLE_PLUGINS 1
| #define HAVE_TARGET_32_LITTLE 1
| #define HAVE_TARGET_32_BIG 1
| #define HAVE_TARGET_64_LITTLE 1
| #define HAVE_TARGET_64_BIG 1
| #define GOLD_DEFAULT_MACHINE EM_386
| #define GOLD_DEFAULT_SIZE 32
| #define GOLD_DEFAULT_BIG_ENDIAN false
| #define GOLD_DEFAULT_OSABI ELFOSABI_NONE
| #define LIB_PATH "=/usr/lib"
| #define STDC_HEADERS 1
| #define HAVE_SYS_TYPES_H 1
| #define HAVE_SYS_STAT_H 1
| #define HAVE_STDLIB_H 1
| #define HAVE_STRING_H 1
| #define HAVE_MEMORY_H 1
| #define HAVE_STRINGS_H 1
| #define HAVE_INTTYPES_H 1
| #define HAVE_STDINT_H 1
| #define HAVE_UNISTD_H 1
| /* end confdefs.h.  */
| #include <minix/config.h>
configure:5550: result: no
configure:5550: checking for minix/config.h
configure:5550: result: no
configure:5571: checking whether it is safe to define __EXTENSIONS__
configure:5589: cc -c -O  conftest.c >&5
configure:5589: $? = 0
configure:5596: result: yes
configure:5625: checking whether NLS is requested
configure:5628: result: no
configure:5696: checking whether NLS is requested
configure:5705: result: no
configure:5743: checking for msgfmt
configure:5774: result: /usr/bin/msgfmt
configure:5783: checking for gmsgfmt
configure:5814: result: /usr/bin/msgfmt
configure:5854: checking for xgettext
configure:5885: result: /usr/bin/xgettext
configure:5925: checking for msgmerge
configure:5955: result: /usr/bin/msgmerge
configure:5991: checking whether byte ordering is bigendian
configure:6006: cc -c -O  conftest.c >&5
conftest.c:39:9: error: unknown type name 'not'
         not a universal capable compiler
         ^
conftest.c:39:15: error: expected '=', ',', ';', 'asm' or '__attribute__' before 'universal'
         not a universal capable compiler
               ^
conftest.c:39:15: error: unknown type name 'universal'
configure:6006: $? = 1
configure: failed program was:
| /* confdefs.h */
| #define PACKAGE_NAME "gold"
| #define PACKAGE_TARNAME "gold"
| #define PACKAGE_VERSION "0.1"
| #define PACKAGE_STRING "gold 0.1"
| #define PACKAGE_BUGREPORT ""
| #define PACKAGE_URL ""
| #define PACKAGE "gold"
| #define VERSION "0.1"
| #define TARGET_SYSTEM_ROOT "${exec_prefix}/${target_alias}/sys-root"
| #define TARGET_SYSTEM_ROOT_RELOCATABLE 0
| #define ENABLE_PLUGINS 1
| #define HAVE_TARGET_32_LITTLE 1
| #define HAVE_TARGET_32_BIG 1
| #define HAVE_TARGET_64_LITTLE 1
| #define HAVE_TARGET_64_BIG 1
| #define GOLD_DEFAULT_MACHINE EM_386
| #define GOLD_DEFAULT_SIZE 32
| #define GOLD_DEFAULT_BIG_ENDIAN false
| #define GOLD_DEFAULT_OSABI ELFOSABI_NONE
| #define LIB_PATH "=/usr/lib"
| #define STDC_HEADERS 1
| #define HAVE_SYS_TYPES_H 1
| #define HAVE_SYS_STAT_H 1
| #define HAVE_STDLIB_H 1
| #define HAVE_STRING_H 1
| #define HAVE_MEMORY_H 1
| #define HAVE_STRINGS_H 1
| #define HAVE_INTTYPES_H 1
| #define HAVE_STDINT_H 1
| #define HAVE_UNISTD_H 1
| #define __EXTENSIONS__ 1
| #define _ALL_SOURCE 1
| #define _GNU_SOURCE 1
| #define _POSIX_PTHREAD_SEMANTICS 1
| #define _TANDEM_SOURCE 1
| /* end confdefs.h.  */
| #ifndef __APPLE_CC__
| 	       not a universal capable compiler
| 	     #endif
| 	     typedef int dummy;
| 
configure:6051: cc -c -O  conftest.c >&5
configure:6051: $? = 0
configure:6069: cc -c -O  conftest.c >&5
conftest.c: In function 'main':
conftest.c:45:4: error: unknown type name 'not'
    not big endian
    ^
conftest.c:45:12: error: expected '=', ',', ';', 'asm' or '__attribute__' before 'endian'
    not big endian
            ^
configure:6069: $? = 1
configure: failed program was:
| /* confdefs.h */
| #define PACKAGE_NAME "gold"
| #define PACKAGE_TARNAME "gold"
| #define PACKAGE_VERSION "0.1"
| #define PACKAGE_STRING "gold 0.1"
| #define PACKAGE_BUGREPORT ""
| #define PACKAGE_URL ""
| #define PACKAGE "gold"
| #define VERSION "0.1"
| #define TARGET_SYSTEM_ROOT "${exec_prefix}/${target_alias}/sys-root"
| #define TARGET_SYSTEM_ROOT_RELOCATABLE 0
| #define ENABLE_PLUGINS 1
| #define HAVE_TARGET_32_LITTLE 1
| #define HAVE_TARGET_32_BIG 1
| #define HAVE_TARGET_64_LITTLE 1
| #define HAVE_TARGET_64_BIG 1
| #define GOLD_DEFAULT_MACHINE EM_386
| #define GOLD_DEFAULT_SIZE 32
| #define GOLD_DEFAULT_BIG_ENDIAN false
| #define GOLD_DEFAULT_OSABI ELFOSABI_NONE
| #define LIB_PATH "=/usr/lib"
| #define STDC_HEADERS 1
| #define HAVE_SYS_TYPES_H 1
| #define HAVE_SYS_STAT_H 1
| #define HAVE_STDLIB_H 1
| #define HAVE_STRING_H 1
| #define HAVE_MEMORY_H 1
| #define HAVE_STRINGS_H 1
| #define HAVE_INTTYPES_H 1
| #define HAVE_STDINT_H 1
| #define HAVE_UNISTD_H 1
| #define __EXTENSIONS__ 1
| #define _ALL_SOURCE 1
| #define _GNU_SOURCE 1
| #define _POSIX_PTHREAD_SEMANTICS 1
| #define _TANDEM_SOURCE 1
| /* end confdefs.h.  */
| #include <sys/types.h>
| 		#include <sys/param.h>
| 
| int
| main ()
| {
| #if BYTE_ORDER != BIG_ENDIAN
| 		 not big endian
| 		#endif
| 
|   ;
|   return 0;
| }
configure:6197: result: no
configure:6244: checking whether static linking works
configure:6263: cc -o conftest -O    -static conftest.c  >&5
configure:6263: $? = 0
configure:6272: result: yes
configure:6298: checking for gcc >= 4.1
configure:6313: cc -c -O  conftest.c >&5
configure:6313: $? = 0
configure:6320: result: yes
configure:6329: cc -c -O -mcmodel=medium  conftest.c >&5
configure:6329: $? = 0
configure:6345: checking for thread support
configure:6354: cc -c -O  conftest.c >&5
configure:6354: $? = 0
configure:6361: result: yes
configure:6373: checking for glibc >= 2.4
configure:6389: cc -c -O  conftest.c >&5
configure:6389: $? = 0
configure:6396: result: yes
configure:6408: checking for omp support
configure:6423: cc -c -O -fopenmp  conftest.c >&5
configure:6423: $? = 0
configure:6431: result: yes
configure:6459: cc -c -O -fpic -mtls-dialect=gnu2  conftest.c >&5
configure:6459: $? = 0
configure:6475: checking for glibc >= 2.9
configure:6491: cc -c -O  conftest.c >&5
configure:6491: $? = 0
configure:6498: result: yes
configure:6510: checking for -frandom-seed support
configure:6521: cc -c -O -frandom-seed=foo  conftest.c >&5
configure:6521: $? = 0
configure:6529: result: yes
configure:6538: checking for glibc ifunc support
configure:6569: cc -o conftest -O    -static conftest.c  >&5
configure:6569: $? = 0
configure:6583: result: both
configure:6713: checking sys/mman.h usability
configure:6713: cc -c -O  conftest.c >&5
configure:6713: $? = 0
configure:6713: result: yes
configure:6713: checking sys/mman.h presence
configure:6713: cc -E  conftest.c
configure:6713: $? = 0
configure:6713: result: yes
configure:6713: checking for sys/mman.h
configure:6713: result: yes
configure:6726: checking for chsize
configure:6726: cc -o conftest -O    conftest.c  >&5
/tmp/cc3DCO1i.o: In function `main':
conftest.c:(.text+0xa): undefined reference to `chsize'
collect2: error: ld returned 1 exit status
configure:6726: $? = 1
configure: failed program was:
| /* confdefs.h */
| #define PACKAGE_NAME "gold"
| #define PACKAGE_TARNAME "gold"
| #define PACKAGE_VERSION "0.1"
| #define PACKAGE_STRING "gold 0.1"
| #define PACKAGE_BUGREPORT ""
| #define PACKAGE_URL ""
| #define PACKAGE "gold"
| #define VERSION "0.1"
| #define TARGET_SYSTEM_ROOT "${exec_prefix}/${target_alias}/sys-root"
| #define TARGET_SYSTEM_ROOT_RELOCATABLE 0
| #define ENABLE_PLUGINS 1
| #define HAVE_TARGET_32_LITTLE 1
| #define HAVE_TARGET_32_BIG 1
| #define HAVE_TARGET_64_LITTLE 1
| #define HAVE_TARGET_64_BIG 1
| #define GOLD_DEFAULT_MACHINE EM_386
| #define GOLD_DEFAULT_SIZE 32
| #define GOLD_DEFAULT_BIG_ENDIAN false
| #define GOLD_DEFAULT_OSABI ELFOSABI_NONE
| #define LIB_PATH "=/usr/lib"
| #define STDC_HEADERS 1
| #define HAVE_SYS_TYPES_H 1
| #define HAVE_SYS_STAT_H 1
| #define HAVE_STDLIB_H 1
| #define HAVE_STRING_H 1
| #define HAVE_MEMORY_H 1
| #define HAVE_STRINGS_H 1
| #define HAVE_INTTYPES_H 1
| #define HAVE_STDINT_H 1
| #define HAVE_UNISTD_H 1
| #define __EXTENSIONS__ 1
| #define _ALL_SOURCE 1
| #define _GNU_SOURCE 1
| #define _POSIX_PTHREAD_SEMANTICS 1
| #define _TANDEM_SOURCE 1
| #define HAVE_OMP_SUPPORT 1
| #define HAVE_SYS_MMAN_H 1
| /* end confdefs.h.  */
| /* Define chsize to an innocuous variant, in case <limits.h> declares chsize.
|    For example, HP-UX 11i <limits.h> declares gettimeofday.  */
| #define chsize innocuous_chsize
| 
| /* System header to define __stub macros and hopefully few prototypes,
|     which can conflict with char chsize (); below.
|     Prefer <limits.h> to <assert.h> if __STDC__ is defined, since
|     <limits.h> exists even on freestanding compilers.  */
| 
| #ifdef __STDC__
| # include <limits.h>
| #else
| # include <assert.h>
| #endif
| 
| #undef chsize
| 
| /* Override any GCC internal prototype to avoid an error.
|    Use char because int might match the return type of a GCC
|    builtin and then its argument prototype would still apply.  */
| #ifdef __cplusplus
| extern "C"
| #endif
| char chsize ();
| /* The GNU C library defines this for functions which it implements
|     to always fail with ENOSYS.  Some functions are actually named
|     something starting with __ and the normal name is an alias.  */
| #if defined __stub_chsize || defined __stub___chsize
| choke me
| #endif
| 
| int
| main ()
| {
| return chsize ();
|   ;
|   return 0;
| }
configure:6726: result: no
configure:6726: checking for mmap
configure:6726: cc -o conftest -O    conftest.c  >&5
configure:6726: $? = 0
configure:6726: result: yes
configure:6739: checking for pread
configure:6739: cc -o conftest -O    conftest.c  >&5
configure:6739: $? = 0
configure:6739: result: yes
configure:6739: checking for ftruncate
configure:6739: cc -o conftest -O    conftest.c  >&5
configure:6739: $? = 0
configure:6739: result: yes
configure:6739: checking for ffsll
configure:6739: cc -o conftest -O    conftest.c  >&5
conftest.c:66:6: warning: conflicting types for built-in function 'ffsll'
 char ffsll ();
      ^
configure:6739: $? = 0
configure:6739: result: yes
configure:6758: checking mremap with MREMAP_MAYMOVE
configure:6778: cc -o conftest -O    conftest.c  >&5
configure:6778: $? = 0
configure:6786: result: yes
configure:6814: checking for library containing zlibVersion
configure:6845: cc -o conftest -O    conftest.c  >&5
/tmp/ccOeJ0TL.o: In function `main':
conftest.c:(.text+0xa): undefined reference to `zlibVersion'
collect2: error: ld returned 1 exit status
configure:6845: $? = 1
configure: failed program was:
| /* confdefs.h */
| #define PACKAGE_NAME "gold"
| #define PACKAGE_TARNAME "gold"
| #define PACKAGE_VERSION "0.1"
| #define PACKAGE_STRING "gold 0.1"
| #define PACKAGE_BUGREPORT ""
| #define PACKAGE_URL ""
| #define PACKAGE "gold"
| #define VERSION "0.1"
| #define TARGET_SYSTEM_ROOT "${exec_prefix}/${target_alias}/sys-root"
| #define TARGET_SYSTEM_ROOT_RELOCATABLE 0
| #define ENABLE_PLUGINS 1
| #define HAVE_TARGET_32_LITTLE 1
| #define HAVE_TARGET_32_BIG 1
| #define HAVE_TARGET_64_LITTLE 1
| #define HAVE_TARGET_64_BIG 1
| #define GOLD_DEFAULT_MACHINE EM_386
| #define GOLD_DEFAULT_SIZE 32
| #define GOLD_DEFAULT_BIG_ENDIAN false
| #define GOLD_DEFAULT_OSABI ELFOSABI_NONE
| #define LIB_PATH "=/usr/lib"
| #define STDC_HEADERS 1
| #define HAVE_SYS_TYPES_H 1
| #define HAVE_SYS_STAT_H 1
| #define HAVE_STDLIB_H 1
| #define HAVE_STRING_H 1
| #define HAVE_MEMORY_H 1
| #define HAVE_STRINGS_H 1
| #define HAVE_INTTYPES_H 1
| #define HAVE_STDINT_H 1
| #define HAVE_UNISTD_H 1
| #define __EXTENSIONS__ 1
| #define _ALL_SOURCE 1
| #define _GNU_SOURCE 1
| #define _POSIX_PTHREAD_SEMANTICS 1
| #define _TANDEM_SOURCE 1
| #define HAVE_OMP_SUPPORT 1
| #define HAVE_SYS_MMAN_H 1
| #define HAVE_MMAP 1
| #define HAVE_PREAD 1
| #define HAVE_FTRUNCATE 1
| #define HAVE_FFSLL 1
| #define HAVE_MREMAP 1
| /* end confdefs.h.  */
| 
| /* Override any GCC internal prototype to avoid an error.
|    Use char because int might match the return type of a GCC
|    builtin and then its argument prototype would still apply.  */
| #ifdef __cplusplus
| extern "C"
| #endif
| char zlibVersion ();
| int
| main ()
| {
| return zlibVersion ();
|   ;
|   return 0;
| }
configure:6845: cc -o conftest -O    conftest.c -lz   >&5
configure:6845: $? = 0
configure:6862: result: -lz
configure:6869: checking zlib.h usability
configure:6869: cc -c -O  conftest.c >&5
configure:6869: $? = 0
configure:6869: result: yes
configure:6869: checking zlib.h presence
configure:6869: cc -E  conftest.c
configure:6869: $? = 0
configure:6869: result: yes
configure:6869: checking for zlib.h
configure:6869: result: yes
configure:6895: checking whether basename is declared
configure:6895: cc -c -O  conftest.c >&5
configure:6895: $? = 0
configure:6895: result: yes
configure:6905: checking whether ffs is declared
configure:6905: cc -c -O  conftest.c >&5
configure:6905: $? = 0
configure:6905: result: yes
configure:6915: checking whether asprintf is declared
configure:6915: cc -c -O  conftest.c >&5
configure:6915: $? = 0
configure:6915: result: yes
configure:6925: checking whether vasprintf is declared
configure:6925: cc -c -O  conftest.c >&5
configure:6925: $? = 0
configure:6925: result: yes
configure:6935: checking whether snprintf is declared
configure:6935: cc -c -O  conftest.c >&5
configure:6935: $? = 0
configure:6935: result: yes
configure:6945: checking whether vsnprintf is declared
configure:6945: cc -c -O  conftest.c >&5
configure:6945: $? = 0
configure:6945: result: yes
configure:6955: checking whether strverscmp is declared
configure:6955: cc -c -O  conftest.c >&5
configure:6955: $? = 0
configure:6955: result: yes
configure:6980: checking how to run the C++ preprocessor
configure:7007: c++ -E  conftest.cpp
configure:7007: $? = 0
configure:7021: c++ -E  conftest.cpp
conftest.cpp:53:28: fatal error: ac_nonexistent.h: No such file or directory
 #include <ac_nonexistent.h>
                            ^
compilation terminated.
configure:7021: $? = 1
configure: failed program was:
| /* confdefs.h */
| #define PACKAGE_NAME "gold"
| #define PACKAGE_TARNAME "gold"
| #define PACKAGE_VERSION "0.1"
| #define PACKAGE_STRING "gold 0.1"
| #define PACKAGE_BUGREPORT ""
| #define PACKAGE_URL ""
| #define PACKAGE "gold"
| #define VERSION "0.1"
| #define TARGET_SYSTEM_ROOT "${exec_prefix}/${target_alias}/sys-root"
| #define TARGET_SYSTEM_ROOT_RELOCATABLE 0
| #define ENABLE_PLUGINS 1
| #define HAVE_TARGET_32_LITTLE 1
| #define HAVE_TARGET_32_BIG 1
| #define HAVE_TARGET_64_LITTLE 1
| #define HAVE_TARGET_64_BIG 1
| #define GOLD_DEFAULT_MACHINE EM_386
| #define GOLD_DEFAULT_SIZE 32
| #define GOLD_DEFAULT_BIG_ENDIAN false
| #define GOLD_DEFAULT_OSABI ELFOSABI_NONE
| #define LIB_PATH "=/usr/lib"
| #define STDC_HEADERS 1
| #define HAVE_SYS_TYPES_H 1
| #define HAVE_SYS_STAT_H 1
| #define HAVE_STDLIB_H 1
| #define HAVE_STRING_H 1
| #define HAVE_MEMORY_H 1
| #define HAVE_STRINGS_H 1
| #define HAVE_INTTYPES_H 1
| #define HAVE_STDINT_H 1
| #define HAVE_UNISTD_H 1
| #define __EXTENSIONS__ 1
| #define _ALL_SOURCE 1
| #define _GNU_SOURCE 1
| #define _POSIX_PTHREAD_SEMANTICS 1
| #define _TANDEM_SOURCE 1
| #define HAVE_OMP_SUPPORT 1
| #define HAVE_SYS_MMAN_H 1
| #define HAVE_MMAP 1
| #define HAVE_PREAD 1
| #define HAVE_FTRUNCATE 1
| #define HAVE_FFSLL 1
| #define HAVE_MREMAP 1
| #define HAVE_ZLIB_H 1
| #define HAVE_DECL_BASENAME 1
| #define HAVE_DECL_FFS 1
| #define HAVE_DECL_ASPRINTF 1
| #define HAVE_DECL_VASPRINTF 1
| #define HAVE_DECL_SNPRINTF 1
| #define HAVE_DECL_VSNPRINTF 1
| #define HAVE_DECL_STRVERSCMP 1
| /* end confdefs.h.  */
| #include <ac_nonexistent.h>
configure:7046: result: c++ -E
configure:7066: c++ -E  conftest.cpp
configure:7066: $? = 0
configure:7080: c++ -E  conftest.cpp
conftest.cpp:53:28: fatal error: ac_nonexistent.h: No such file or directory
 #include <ac_nonexistent.h>
                            ^
compilation terminated.
configure:7080: $? = 1
configure: failed program was:
| /* confdefs.h */
| #define PACKAGE_NAME "gold"
| #define PACKAGE_TARNAME "gold"
| #define PACKAGE_VERSION "0.1"
| #define PACKAGE_STRING "gold 0.1"
| #define PACKAGE_BUGREPORT ""
| #define PACKAGE_URL ""
| #define PACKAGE "gold"
| #define VERSION "0.1"
| #define TARGET_SYSTEM_ROOT "${exec_prefix}/${target_alias}/sys-root"
| #define TARGET_SYSTEM_ROOT_RELOCATABLE 0
| #define ENABLE_PLUGINS 1
| #define HAVE_TARGET_32_LITTLE 1
| #define HAVE_TARGET_32_BIG 1
| #define HAVE_TARGET_64_LITTLE 1
| #define HAVE_TARGET_64_BIG 1
| #define GOLD_DEFAULT_MACHINE EM_386
| #define GOLD_DEFAULT_SIZE 32
| #define GOLD_DEFAULT_BIG_ENDIAN false
| #define GOLD_DEFAULT_OSABI ELFOSABI_NONE
| #define LIB_PATH "=/usr/lib"
| #define STDC_HEADERS 1
| #define HAVE_SYS_TYPES_H 1
| #define HAVE_SYS_STAT_H 1
| #define HAVE_STDLIB_H 1
| #define HAVE_STRING_H 1
| #define HAVE_MEMORY_H 1
| #define HAVE_STRINGS_H 1
| #define HAVE_INTTYPES_H 1
| #define HAVE_STDINT_H 1
| #define HAVE_UNISTD_H 1
| #define __EXTENSIONS__ 1
| #define _ALL_SOURCE 1
| #define _GNU_SOURCE 1
| #define _POSIX_PTHREAD_SEMANTICS 1
| #define _TANDEM_SOURCE 1
| #define HAVE_OMP_SUPPORT 1
| #define HAVE_SYS_MMAN_H 1
| #define HAVE_MMAP 1
| #define HAVE_PREAD 1
| #define HAVE_FTRUNCATE 1
| #define HAVE_FFSLL 1
| #define HAVE_MREMAP 1
| #define HAVE_ZLIB_H 1
| #define HAVE_DECL_BASENAME 1
| #define HAVE_DECL_FFS 1
| #define HAVE_DECL_ASPRINTF 1
| #define HAVE_DECL_VASPRINTF 1
| #define HAVE_DECL_SNPRINTF 1
| #define HAVE_DECL_VSNPRINTF 1
| #define HAVE_DECL_STRVERSCMP 1
| /* end confdefs.h.  */
| #include <ac_nonexistent.h>
configure:7112: checking unordered_set usability
configure:7112: c++ -c -O  conftest.cpp >&5
In file included from /usr/include/c++/4.9/unordered_set:35:0,
                 from conftest.cpp:86:
/usr/include/c++/4.9/bits/c++0x_warning.h:32:2: error: #error This file requires compiler and library support for the ISO C++ 2011 standard. This support is currently experimental, and must be enabled with the -std=c++11 or -std=gnu++11 compiler options.
 #error This file requires compiler and library support for the \
  ^
configure:7112: $? = 1
configure: failed program was:
| /* confdefs.h */
| #define PACKAGE_NAME "gold"
| #define PACKAGE_TARNAME "gold"
| #define PACKAGE_VERSION "0.1"
| #define PACKAGE_STRING "gold 0.1"
| #define PACKAGE_BUGREPORT ""
| #define PACKAGE_URL ""
| #define PACKAGE "gold"
| #define VERSION "0.1"
| #define TARGET_SYSTEM_ROOT "${exec_prefix}/${target_alias}/sys-root"
| #define TARGET_SYSTEM_ROOT_RELOCATABLE 0
| #define ENABLE_PLUGINS 1
| #define HAVE_TARGET_32_LITTLE 1
| #define HAVE_TARGET_32_BIG 1
| #define HAVE_TARGET_64_LITTLE 1
| #define HAVE_TARGET_64_BIG 1
| #define GOLD_DEFAULT_MACHINE EM_386
| #define GOLD_DEFAULT_SIZE 32
| #define GOLD_DEFAULT_BIG_ENDIAN false
| #define GOLD_DEFAULT_OSABI ELFOSABI_NONE
| #define LIB_PATH "=/usr/lib"
| #define STDC_HEADERS 1
| #define HAVE_SYS_TYPES_H 1
| #define HAVE_SYS_STAT_H 1
| #define HAVE_STDLIB_H 1
| #define HAVE_STRING_H 1
| #define HAVE_MEMORY_H 1
| #define HAVE_STRINGS_H 1
| #define HAVE_INTTYPES_H 1
| #define HAVE_STDINT_H 1
| #define HAVE_UNISTD_H 1
| #define __EXTENSIONS__ 1
| #define _ALL_SOURCE 1
| #define _GNU_SOURCE 1
| #define _POSIX_PTHREAD_SEMANTICS 1
| #define _TANDEM_SOURCE 1
| #define HAVE_OMP_SUPPORT 1
| #define HAVE_SYS_MMAN_H 1
| #define HAVE_MMAP 1
| #define HAVE_PREAD 1
| #define HAVE_FTRUNCATE 1
| #define HAVE_FFSLL 1
| #define HAVE_MREMAP 1
| #define HAVE_ZLIB_H 1
| #define HAVE_DECL_BASENAME 1
| #define HAVE_DECL_FFS 1
| #define HAVE_DECL_ASPRINTF 1
| #define HAVE_DECL_VASPRINTF 1
| #define HAVE_DECL_SNPRINTF 1
| #define HAVE_DECL_VSNPRINTF 1
| #define HAVE_DECL_STRVERSCMP 1
| /* end confdefs.h.  */
| #include <stdio.h>
| #ifdef HAVE_SYS_TYPES_H
| # include <sys/types.h>
| #endif
| #ifdef HAVE_SYS_STAT_H
| # include <sys/stat.h>
| #endif
| #ifdef STDC_HEADERS
| # include <stdlib.h>
| # include <stddef.h>
| #else
| # ifdef HAVE_STDLIB_H
| #  include <stdlib.h>
| # endif
| #endif
| #ifdef HAVE_STRING_H
| # if !defined STDC_HEADERS && defined HAVE_MEMORY_H
| #  include <memory.h>
| # endif
| # include <string.h>
| #endif
| #ifdef HAVE_STRINGS_H
| # include <strings.h>
| #endif
| #ifdef HAVE_INTTYPES_H
| # include <inttypes.h>
| #endif
| #ifdef HAVE_STDINT_H
| # include <stdint.h>
| #endif
| #ifdef HAVE_UNISTD_H
| # include <unistd.h>
| #endif
| #include <unordered_set>
configure:7112: result: no
configure:7112: checking unordered_set presence
configure:7112: c++ -E  conftest.cpp
In file included from /usr/include/c++/4.9/unordered_set:35:0,
                 from conftest.cpp:53:
/usr/include/c++/4.9/bits/c++0x_warning.h:32:2: error: #error This file requires compiler and library support for the ISO C++ 2011 standard. This support is currently experimental, and must be enabled with the -std=c++11 or -std=gnu++11 compiler options.
 #error This file requires compiler and library support for the \
  ^
configure:7112: $? = 1
configure: failed program was:
| /* confdefs.h */
| #define PACKAGE_NAME "gold"
| #define PACKAGE_TARNAME "gold"
| #define PACKAGE_VERSION "0.1"
| #define PACKAGE_STRING "gold 0.1"
| #define PACKAGE_BUGREPORT ""
| #define PACKAGE_URL ""
| #define PACKAGE "gold"
| #define VERSION "0.1"
| #define TARGET_SYSTEM_ROOT "${exec_prefix}/${target_alias}/sys-root"
| #define TARGET_SYSTEM_ROOT_RELOCATABLE 0
| #define ENABLE_PLUGINS 1
| #define HAVE_TARGET_32_LITTLE 1
| #define HAVE_TARGET_32_BIG 1
| #define HAVE_TARGET_64_LITTLE 1
| #define HAVE_TARGET_64_BIG 1
| #define GOLD_DEFAULT_MACHINE EM_386
| #define GOLD_DEFAULT_SIZE 32
| #define GOLD_DEFAULT_BIG_ENDIAN false
| #define GOLD_DEFAULT_OSABI ELFOSABI_NONE
| #define LIB_PATH "=/usr/lib"
| #define STDC_HEADERS 1
| #define HAVE_SYS_TYPES_H 1
| #define HAVE_SYS_STAT_H 1
| #define HAVE_STDLIB_H 1
| #define HAVE_STRING_H 1
| #define HAVE_MEMORY_H 1
| #define HAVE_STRINGS_H 1
| #define HAVE_INTTYPES_H 1
| #define HAVE_STDINT_H 1
| #define HAVE_UNISTD_H 1
| #define __EXTENSIONS__ 1
| #define _ALL_SOURCE 1
| #define _GNU_SOURCE 1
| #define _POSIX_PTHREAD_SEMANTICS 1
| #define _TANDEM_SOURCE 1
| #define HAVE_OMP_SUPPORT 1
| #define HAVE_SYS_MMAN_H 1
| #define HAVE_MMAP 1
| #define HAVE_PREAD 1
| #define HAVE_FTRUNCATE 1
| #define HAVE_FFSLL 1
| #define HAVE_MREMAP 1
| #define HAVE_ZLIB_H 1
| #define HAVE_DECL_BASENAME 1
| #define HAVE_DECL_FFS 1
| #define HAVE_DECL_ASPRINTF 1
| #define HAVE_DECL_VASPRINTF 1
| #define HAVE_DECL_SNPRINTF 1
| #define HAVE_DECL_VSNPRINTF 1
| #define HAVE_DECL_STRVERSCMP 1
| /* end confdefs.h.  */
| #include <unordered_set>
configure:7112: result: no
configure:7112: checking for unordered_set
configure:7112: result: no
configure:7112: checking unordered_map usability
configure:7112: c++ -c -O  conftest.cpp >&5
In file included from /usr/include/c++/4.9/unordered_map:35:0,
                 from conftest.cpp:86:
/usr/include/c++/4.9/bits/c++0x_warning.h:32:2: error: #error This file requires compiler and library support for the ISO C++ 2011 standard. This support is currently experimental, and must be enabled with the -std=c++11 or -std=gnu++11 compiler options.
 #error This file requires compiler and library support for the \
  ^
configure:7112: $? = 1
configure: failed program was:
| /* confdefs.h */
| #define PACKAGE_NAME "gold"
| #define PACKAGE_TARNAME "gold"
| #define PACKAGE_VERSION "0.1"
| #define PACKAGE_STRING "gold 0.1"
| #define PACKAGE_BUGREPORT ""
| #define PACKAGE_URL ""
| #define PACKAGE "gold"
| #define VERSION "0.1"
| #define TARGET_SYSTEM_ROOT "${exec_prefix}/${target_alias}/sys-root"
| #define TARGET_SYSTEM_ROOT_RELOCATABLE 0
| #define ENABLE_PLUGINS 1
| #define HAVE_TARGET_32_LITTLE 1
| #define HAVE_TARGET_32_BIG 1
| #define HAVE_TARGET_64_LITTLE 1
| #define HAVE_TARGET_64_BIG 1
| #define GOLD_DEFAULT_MACHINE EM_386
| #define GOLD_DEFAULT_SIZE 32
| #define GOLD_DEFAULT_BIG_ENDIAN false
| #define GOLD_DEFAULT_OSABI ELFOSABI_NONE
| #define LIB_PATH "=/usr/lib"
| #define STDC_HEADERS 1
| #define HAVE_SYS_TYPES_H 1
| #define HAVE_SYS_STAT_H 1
| #define HAVE_STDLIB_H 1
| #define HAVE_STRING_H 1
| #define HAVE_MEMORY_H 1
| #define HAVE_STRINGS_H 1
| #define HAVE_INTTYPES_H 1
| #define HAVE_STDINT_H 1
| #define HAVE_UNISTD_H 1
| #define __EXTENSIONS__ 1
| #define _ALL_SOURCE 1
| #define _GNU_SOURCE 1
| #define _POSIX_PTHREAD_SEMANTICS 1
| #define _TANDEM_SOURCE 1
| #define HAVE_OMP_SUPPORT 1
| #define HAVE_SYS_MMAN_H 1
| #define HAVE_MMAP 1
| #define HAVE_PREAD 1
| #define HAVE_FTRUNCATE 1
| #define HAVE_FFSLL 1
| #define HAVE_MREMAP 1
| #define HAVE_ZLIB_H 1
| #define HAVE_DECL_BASENAME 1
| #define HAVE_DECL_FFS 1
| #define HAVE_DECL_ASPRINTF 1
| #define HAVE_DECL_VASPRINTF 1
| #define HAVE_DECL_SNPRINTF 1
| #define HAVE_DECL_VSNPRINTF 1
| #define HAVE_DECL_STRVERSCMP 1
| /* end confdefs.h.  */
| #include <stdio.h>
| #ifdef HAVE_SYS_TYPES_H
| # include <sys/types.h>
| #endif
| #ifdef HAVE_SYS_STAT_H
| # include <sys/stat.h>
| #endif
| #ifdef STDC_HEADERS
| # include <stdlib.h>
| # include <stddef.h>
| #else
| # ifdef HAVE_STDLIB_H
| #  include <stdlib.h>
| # endif
| #endif
| #ifdef HAVE_STRING_H
| # if !defined STDC_HEADERS && defined HAVE_MEMORY_H
| #  include <memory.h>
| # endif
| # include <string.h>
| #endif
| #ifdef HAVE_STRINGS_H
| # include <strings.h>
| #endif
| #ifdef HAVE_INTTYPES_H
| # include <inttypes.h>
| #endif
| #ifdef HAVE_STDINT_H
| # include <stdint.h>
| #endif
| #ifdef HAVE_UNISTD_H
| # include <unistd.h>
| #endif
| #include <unordered_map>
configure:7112: result: no
configure:7112: checking unordered_map presence
configure:7112: c++ -E  conftest.cpp
In file included from /usr/include/c++/4.9/unordered_map:35:0,
                 from conftest.cpp:53:
/usr/include/c++/4.9/bits/c++0x_warning.h:32:2: error: #error This file requires compiler and library support for the ISO C++ 2011 standard. This support is currently experimental, and must be enabled with the -std=c++11 or -std=gnu++11 compiler options.
 #error This file requires compiler and library support for the \
  ^
configure:7112: $? = 1
configure: failed program was:
| /* confdefs.h */
| #define PACKAGE_NAME "gold"
| #define PACKAGE_TARNAME "gold"
| #define PACKAGE_VERSION "0.1"
| #define PACKAGE_STRING "gold 0.1"
| #define PACKAGE_BUGREPORT ""
| #define PACKAGE_URL ""
| #define PACKAGE "gold"
| #define VERSION "0.1"
| #define TARGET_SYSTEM_ROOT "${exec_prefix}/${target_alias}/sys-root"
| #define TARGET_SYSTEM_ROOT_RELOCATABLE 0
| #define ENABLE_PLUGINS 1
| #define HAVE_TARGET_32_LITTLE 1
| #define HAVE_TARGET_32_BIG 1
| #define HAVE_TARGET_64_LITTLE 1
| #define HAVE_TARGET_64_BIG 1
| #define GOLD_DEFAULT_MACHINE EM_386
| #define GOLD_DEFAULT_SIZE 32
| #define GOLD_DEFAULT_BIG_ENDIAN false
| #define GOLD_DEFAULT_OSABI ELFOSABI_NONE
| #define LIB_PATH "=/usr/lib"
| #define STDC_HEADERS 1
| #define HAVE_SYS_TYPES_H 1
| #define HAVE_SYS_STAT_H 1
| #define HAVE_STDLIB_H 1
| #define HAVE_STRING_H 1
| #define HAVE_MEMORY_H 1
| #define HAVE_STRINGS_H 1
| #define HAVE_INTTYPES_H 1
| #define HAVE_STDINT_H 1
| #define HAVE_UNISTD_H 1
| #define __EXTENSIONS__ 1
| #define _ALL_SOURCE 1
| #define _GNU_SOURCE 1
| #define _POSIX_PTHREAD_SEMANTICS 1
| #define _TANDEM_SOURCE 1
| #define HAVE_OMP_SUPPORT 1
| #define HAVE_SYS_MMAN_H 1
| #define HAVE_MMAP 1
| #define HAVE_PREAD 1
| #define HAVE_FTRUNCATE 1
| #define HAVE_FFSLL 1
| #define HAVE_MREMAP 1
| #define HAVE_ZLIB_H 1
| #define HAVE_DECL_BASENAME 1
| #define HAVE_DECL_FFS 1
| #define HAVE_DECL_ASPRINTF 1
| #define HAVE_DECL_VASPRINTF 1
| #define HAVE_DECL_SNPRINTF 1
| #define HAVE_DECL_VSNPRINTF 1
| #define HAVE_DECL_STRVERSCMP 1
| /* end confdefs.h.  */
| #include <unordered_map>
configure:7112: result: no
configure:7112: checking for unordered_map
configure:7112: result: no
configure:7126: checking tr1/unordered_set usability
configure:7126: c++ -c -O  conftest.cpp >&5
configure:7126: $? = 0
configure:7126: result: yes
configure:7126: checking tr1/unordered_set presence
configure:7126: c++ -E  conftest.cpp
configure:7126: $? = 0
configure:7126: result: yes
configure:7126: checking for tr1/unordered_set
configure:7126: result: yes
configure:7126: checking tr1/unordered_map usability
configure:7126: c++ -c -O  conftest.cpp >&5
configure:7126: $? = 0
configure:7126: result: yes
configure:7126: checking tr1/unordered_map presence
configure:7126: c++ -E  conftest.cpp
configure:7126: $? = 0
configure:7126: result: yes
configure:7126: checking for tr1/unordered_map
configure:7126: result: yes
configure:7140: checking ext/hash_map usability
configure:7140: c++ -c -O  conftest.cpp >&5
In file included from /usr/include/c++/4.9/ext/hash_map:60:0,
                 from conftest.cpp:88:
/usr/include/c++/4.9/backward/backward_warning.h:32:2: warning: #warning This file includes at least one deprecated or antiquated header which may be removed without further notice at a future date. Please use a non-deprecated interface with equivalent functionality instead. For a listing of replacement headers and interfaces, consult the file backward_warning.h. To disable this warning use -Wno-deprecated. [-Wcpp]
 #warning \
  ^
configure:7140: $? = 0
configure:7140: result: yes
configure:7140: checking ext/hash_map presence
configure:7140: c++ -E  conftest.cpp
In file included from /usr/include/c++/4.9/ext/hash_map:60:0,
                 from conftest.cpp:55:
/usr/include/c++/4.9/backward/backward_warning.h:32:2: warning: #warning This file includes at least one deprecated or antiquated header which may be removed without further notice at a future date. Please use a non-deprecated interface with equivalent functionality instead. For a listing of replacement headers and interfaces, consult the file backward_warning.h. To disable this warning use -Wno-deprecated. [-Wcpp]
 #warning \
  ^
configure:7140: $? = 0
configure:7140: result: yes
configure:7140: checking for ext/hash_map
configure:7140: result: yes
configure:7140: checking ext/hash_set usability
configure:7140: c++ -c -O  conftest.cpp >&5
In file included from /usr/include/c++/4.9/ext/hash_set:60:0,
                 from conftest.cpp:89:
/usr/include/c++/4.9/backward/backward_warning.h:32:2: warning: #warning This file includes at least one deprecated or antiquated header which may be removed without further notice at a future date. Please use a non-deprecated interface with equivalent functionality instead. For a listing of replacement headers and interfaces, consult the file backward_warning.h. To disable this warning use -Wno-deprecated. [-Wcpp]
 #warning \
  ^
configure:7140: $? = 0
configure:7140: result: yes
configure:7140: checking ext/hash_set presence
configure:7140: c++ -E  conftest.cpp
In file included from /usr/include/c++/4.9/ext/hash_set:60:0,
                 from conftest.cpp:56:
/usr/include/c++/4.9/backward/backward_warning.h:32:2: warning: #warning This file includes at least one deprecated or antiquated header which may be removed without further notice at a future date. Please use a non-deprecated interface with equivalent functionality instead. For a listing of replacement headers and interfaces, consult the file backward_warning.h. To disable this warning use -Wno-deprecated. [-Wcpp]
 #warning \
  ^
configure:7140: $? = 0
configure:7140: result: yes
configure:7140: checking for ext/hash_set
configure:7140: result: yes
configure:7153: checking byteswap.h usability
configure:7153: c++ -c -O  conftest.cpp >&5
configure:7153: $? = 0
configure:7153: result: yes
configure:7153: checking byteswap.h presence
configure:7153: c++ -E  conftest.cpp
configure:7153: $? = 0
configure:7153: result: yes
configure:7153: checking for byteswap.h
configure:7153: result: yes
configure:7166: checking windows.h usability
configure:7166: c++ -c -O  conftest.cpp >&5
conftest.cpp:91:21: fatal error: windows.h: No such file or directory
 #include <windows.h>
                     ^
compilation terminated.
configure:7166: $? = 1
configure: failed program was:
| /* confdefs.h */
| #define PACKAGE_NAME "gold"
| #define PACKAGE_TARNAME "gold"
| #define PACKAGE_VERSION "0.1"
| #define PACKAGE_STRING "gold 0.1"
| #define PACKAGE_BUGREPORT ""
| #define PACKAGE_URL ""
| #define PACKAGE "gold"
| #define VERSION "0.1"
| #define TARGET_SYSTEM_ROOT "${exec_prefix}/${target_alias}/sys-root"
| #define TARGET_SYSTEM_ROOT_RELOCATABLE 0
| #define ENABLE_PLUGINS 1
| #define HAVE_TARGET_32_LITTLE 1
| #define HAVE_TARGET_32_BIG 1
| #define HAVE_TARGET_64_LITTLE 1
| #define HAVE_TARGET_64_BIG 1
| #define GOLD_DEFAULT_MACHINE EM_386
| #define GOLD_DEFAULT_SIZE 32
| #define GOLD_DEFAULT_BIG_ENDIAN false
| #define GOLD_DEFAULT_OSABI ELFOSABI_NONE
| #define LIB_PATH "=/usr/lib"
| #define STDC_HEADERS 1
| #define HAVE_SYS_TYPES_H 1
| #define HAVE_SYS_STAT_H 1
| #define HAVE_STDLIB_H 1
| #define HAVE_STRING_H 1
| #define HAVE_MEMORY_H 1
| #define HAVE_STRINGS_H 1
| #define HAVE_INTTYPES_H 1
| #define HAVE_STDINT_H 1
| #define HAVE_UNISTD_H 1
| #define __EXTENSIONS__ 1
| #define _ALL_SOURCE 1
| #define _GNU_SOURCE 1
| #define _POSIX_PTHREAD_SEMANTICS 1
| #define _TANDEM_SOURCE 1
| #define HAVE_OMP_SUPPORT 1
| #define HAVE_SYS_MMAN_H 1
| #define HAVE_MMAP 1
| #define HAVE_PREAD 1
| #define HAVE_FTRUNCATE 1
| #define HAVE_FFSLL 1
| #define HAVE_MREMAP 1
| #define HAVE_ZLIB_H 1
| #define HAVE_DECL_BASENAME 1
| #define HAVE_DECL_FFS 1
| #define HAVE_DECL_ASPRINTF 1
| #define HAVE_DECL_VASPRINTF 1
| #define HAVE_DECL_SNPRINTF 1
| #define HAVE_DECL_VSNPRINTF 1
| #define HAVE_DECL_STRVERSCMP 1
| #define HAVE_TR1_UNORDERED_SET 1
| #define HAVE_TR1_UNORDERED_MAP 1
| #define HAVE_EXT_HASH_MAP 1
| #define HAVE_EXT_HASH_SET 1
| #define HAVE_BYTESWAP_H 1
| /* end confdefs.h.  */
| #include <stdio.h>
| #ifdef HAVE_SYS_TYPES_H
| # include <sys/types.h>
| #endif
| #ifdef HAVE_SYS_STAT_H
| # include <sys/stat.h>
| #endif
| #ifdef STDC_HEADERS
| # include <stdlib.h>
| # include <stddef.h>
| #else
| # ifdef HAVE_STDLIB_H
| #  include <stdlib.h>
| # endif
| #endif
| #ifdef HAVE_STRING_H
| # if !defined STDC_HEADERS && defined HAVE_MEMORY_H
| #  include <memory.h>
| # endif
| # include <string.h>
| #endif
| #ifdef HAVE_STRINGS_H
| # include <strings.h>
| #endif
| #ifdef HAVE_INTTYPES_H
| # include <inttypes.h>
| #endif
| #ifdef HAVE_STDINT_H
| # include <stdint.h>
| #endif
| #ifdef HAVE_UNISTD_H
| # include <unistd.h>
| #endif
| #include <windows.h>
configure:7166: result: no
configure:7166: checking windows.h presence
configure:7166: c++ -E  conftest.cpp
conftest.cpp:58:21: fatal error: windows.h: No such file or directory
 #include <windows.h>
                     ^
compilation terminated.
configure:7166: $? = 1
configure: failed program was:
| /* confdefs.h */
| #define PACKAGE_NAME "gold"
| #define PACKAGE_TARNAME "gold"
| #define PACKAGE_VERSION "0.1"
| #define PACKAGE_STRING "gold 0.1"
| #define PACKAGE_BUGREPORT ""
| #define PACKAGE_URL ""
| #define PACKAGE "gold"
| #define VERSION "0.1"
| #define TARGET_SYSTEM_ROOT "${exec_prefix}/${target_alias}/sys-root"
| #define TARGET_SYSTEM_ROOT_RELOCATABLE 0
| #define ENABLE_PLUGINS 1
| #define HAVE_TARGET_32_LITTLE 1
| #define HAVE_TARGET_32_BIG 1
| #define HAVE_TARGET_64_LITTLE 1
| #define HAVE_TARGET_64_BIG 1
| #define GOLD_DEFAULT_MACHINE EM_386
| #define GOLD_DEFAULT_SIZE 32
| #define GOLD_DEFAULT_BIG_ENDIAN false
| #define GOLD_DEFAULT_OSABI ELFOSABI_NONE
| #define LIB_PATH "=/usr/lib"
| #define STDC_HEADERS 1
| #define HAVE_SYS_TYPES_H 1
| #define HAVE_SYS_STAT_H 1
| #define HAVE_STDLIB_H 1
| #define HAVE_STRING_H 1
| #define HAVE_MEMORY_H 1
| #define HAVE_STRINGS_H 1
| #define HAVE_INTTYPES_H 1
| #define HAVE_STDINT_H 1
| #define HAVE_UNISTD_H 1
| #define __EXTENSIONS__ 1
| #define _ALL_SOURCE 1
| #define _GNU_SOURCE 1
| #define _POSIX_PTHREAD_SEMANTICS 1
| #define _TANDEM_SOURCE 1
| #define HAVE_OMP_SUPPORT 1
| #define HAVE_SYS_MMAN_H 1
| #define HAVE_MMAP 1
| #define HAVE_PREAD 1
| #define HAVE_FTRUNCATE 1
| #define HAVE_FFSLL 1
| #define HAVE_MREMAP 1
| #define HAVE_ZLIB_H 1
| #define HAVE_DECL_BASENAME 1
| #define HAVE_DECL_FFS 1
| #define HAVE_DECL_ASPRINTF 1
| #define HAVE_DECL_VASPRINTF 1
| #define HAVE_DECL_SNPRINTF 1
| #define HAVE_DECL_VSNPRINTF 1
| #define HAVE_DECL_STRVERSCMP 1
| #define HAVE_TR1_UNORDERED_SET 1
| #define HAVE_TR1_UNORDERED_MAP 1
| #define HAVE_EXT_HASH_MAP 1
| #define HAVE_EXT_HASH_SET 1
| #define HAVE_BYTESWAP_H 1
| /* end confdefs.h.  */
| #include <windows.h>
configure:7166: result: no
configure:7166: checking for windows.h
configure:7166: result: no
configure:7178: checking dlfcn.h usability
configure:7178: c++ -c -O  conftest.cpp >&5
configure:7178: $? = 0
configure:7178: result: yes
configure:7178: checking dlfcn.h presence
configure:7178: c++ -E  conftest.cpp
configure:7178: $? = 0
configure:7178: result: yes
configure:7178: checking for dlfcn.h
configure:7178: result: yes
configure:7188: checking for library containing dlopen
configure:7219: c++ -o conftest -O    conftest.cpp -lz  >&5
/tmp/ccgcSXX3.o: In function `main':
conftest.cpp:(.text+0x5): undefined reference to `dlopen'
collect2: error: ld returned 1 exit status
configure:7219: $? = 1
configure: failed program was:
| /* confdefs.h */
| #define PACKAGE_NAME "gold"
| #define PACKAGE_TARNAME "gold"
| #define PACKAGE_VERSION "0.1"
| #define PACKAGE_STRING "gold 0.1"
| #define PACKAGE_BUGREPORT ""
| #define PACKAGE_URL ""
| #define PACKAGE "gold"
| #define VERSION "0.1"
| #define TARGET_SYSTEM_ROOT "${exec_prefix}/${target_alias}/sys-root"
| #define TARGET_SYSTEM_ROOT_RELOCATABLE 0
| #define ENABLE_PLUGINS 1
| #define HAVE_TARGET_32_LITTLE 1
| #define HAVE_TARGET_32_BIG 1
| #define HAVE_TARGET_64_LITTLE 1
| #define HAVE_TARGET_64_BIG 1
| #define GOLD_DEFAULT_MACHINE EM_386
| #define GOLD_DEFAULT_SIZE 32
| #define GOLD_DEFAULT_BIG_ENDIAN false
| #define GOLD_DEFAULT_OSABI ELFOSABI_NONE
| #define LIB_PATH "=/usr/lib"
| #define STDC_HEADERS 1
| #define HAVE_SYS_TYPES_H 1
| #define HAVE_SYS_STAT_H 1
| #define HAVE_STDLIB_H 1
| #define HAVE_STRING_H 1
| #define HAVE_MEMORY_H 1
| #define HAVE_STRINGS_H 1
| #define HAVE_INTTYPES_H 1
| #define HAVE_STDINT_H 1
| #define HAVE_UNISTD_H 1
| #define __EXTENSIONS__ 1
| #define _ALL_SOURCE 1
| #define _GNU_SOURCE 1
| #define _POSIX_PTHREAD_SEMANTICS 1
| #define _TANDEM_SOURCE 1
| #define HAVE_OMP_SUPPORT 1
| #define HAVE_SYS_MMAN_H 1
| #define HAVE_MMAP 1
| #define HAVE_PREAD 1
| #define HAVE_FTRUNCATE 1
| #define HAVE_FFSLL 1
| #define HAVE_MREMAP 1
| #define HAVE_ZLIB_H 1
| #define HAVE_DECL_BASENAME 1
| #define HAVE_DECL_FFS 1
| #define HAVE_DECL_ASPRINTF 1
| #define HAVE_DECL_VASPRINTF 1
| #define HAVE_DECL_SNPRINTF 1
| #define HAVE_DECL_VSNPRINTF 1
| #define HAVE_DECL_STRVERSCMP 1
| #define HAVE_TR1_UNORDERED_SET 1
| #define HAVE_TR1_UNORDERED_MAP 1
| #define HAVE_EXT_HASH_MAP 1
| #define HAVE_EXT_HASH_SET 1
| #define HAVE_BYTESWAP_H 1
| #define HAVE_DLFCN_H 1
| /* end confdefs.h.  */
| 
| /* Override any GCC internal prototype to avoid an error.
|    Use char because int might match the return type of a GCC
|    builtin and then its argument prototype would still apply.  */
| #ifdef __cplusplus
| extern "C"
| #endif
| char dlopen ();
| int
| main ()
| {
| return dlopen ();
|   ;
|   return 0;
| }
configure:7219: c++ -o conftest -O    conftest.cpp -ldl  -lz  >&5
configure:7219: $? = 0
configure:7236: result: -ldl
configure:7253: checking for mallinfo
configure:7253: c++ -o conftest -O    conftest.cpp -ldl -lz  >&5
configure:7253: $? = 0
configure:7253: result: yes
configure:7253: checking for posix_fallocate
configure:7253: c++ -o conftest -O    conftest.cpp -ldl -lz  >&5
configure:7253: $? = 0
configure:7253: result: yes
configure:7253: checking for fallocate
configure:7253: c++ -o conftest -O    conftest.cpp -ldl -lz  >&5
configure:7253: $? = 0
configure:7253: result: yes
configure:7253: checking for readv
configure:7253: c++ -o conftest -O    conftest.cpp -ldl -lz  >&5
configure:7253: $? = 0
configure:7253: result: yes
configure:7253: checking for sysconf
configure:7253: c++ -o conftest -O    conftest.cpp -ldl -lz  >&5
configure:7253: $? = 0
configure:7253: result: yes
configure:7253: checking for times
configure:7253: c++ -o conftest -O    conftest.cpp -ldl -lz  >&5
configure:7253: $? = 0
configure:7253: result: yes
configure:7263: checking whether basename is declared
configure:7263: result: yes
configure:7273: checking whether ffs is declared
configure:7273: result: yes
configure:7283: checking whether asprintf is declared
configure:7283: result: yes
configure:7293: checking whether vasprintf is declared
configure:7293: result: yes
configure:7303: checking whether snprintf is declared
configure:7303: result: yes
configure:7313: checking whether vsnprintf is declared
configure:7313: result: yes
configure:7323: checking whether strverscmp is declared
configure:7323: result: yes
configure:7333: checking whether strndup is declared
configure:7333: c++ -c -O  conftest.cpp >&5
configure:7333: $? = 0
configure:7333: result: yes
configure:7343: checking whether memmem is declared
configure:7343: c++ -c -O  conftest.cpp >&5
configure:7343: $? = 0
configure:7343: result: yes
configure:7357: checking whether ::std::tr1::unordered_map::rehash is usable.
configure:7376: c++ -o conftest -O    conftest.cpp -ldl -lz  >&5
configure:7376: $? = 0
configure:7384: result: yes
configure:7394: checking whether std::tr1::hash<off_t> is defined
configure:7409: c++ -c -O -D_LARGEFILE_SOURCE -D_FILE_OFFSET_BITS=64  conftest.cpp >&5
configure:7409: $? = 0
configure:7417: result: yes
configure:7428: checking whether we can use attributes with template functions
configure:7442: c++ -c   conftest.cpp >&5
configure:7442: $? = 0
configure:7449: result: yes
configure:7457: checking for struct stat::st_mtim.
configure:7476: c++ -c   conftest.cpp >&5
configure:7476: $? = 0
configure:7483: result: yes
configure:7497: c++ -c  -gpubnames  conftest.cpp >&5
configure:7497: $? = 0
configure:7522: checking locale.h usability
configure:7522: cc -c -O  conftest.c >&5
configure:7522: $? = 0
configure:7522: result: yes
configure:7522: checking locale.h presence
configure:7522: cc -E  conftest.c
configure:7522: $? = 0
configure:7522: result: yes
configure:7522: checking for locale.h
configure:7522: result: yes
configure:7534: checking for setlocale
configure:7534: cc -o conftest -O    conftest.c -ldl -lz  >&5
configure:7534: $? = 0
configure:7534: result: yes
configure:7544: checking for LC_MESSAGES
configure:7560: cc -o conftest -O    conftest.c -ldl -lz  >&5
configure:7560: $? = 0
configure:7568: result: yes
configure:7578: checking whether to enable maintainer-specific portions of Makefiles
configure:7587: result: no
configure:7668: updating cache ./config.cache
configure:7818: creating ./config.status

## ---------------------- ##
## Running config.status. ##
## ---------------------- ##

This file was extended by gold config.status 0.1, which was
generated by GNU Autoconf 2.64.  Invocation command line was

  CONFIG_FILES    = 
  CONFIG_HEADERS  = 
  CONFIG_LINKS    = 
  CONFIG_COMMANDS = 
  $ ./config.status 

on dent

config.status:8770: creating Makefile
config.status:8770: creating testsuite/Makefile
config.status:8770: creating po/Makefile.in
config.status:8770: creating config.h
config.status:8996: executing depfiles commands
config.status:8996: executing default-1 commands

## ---------------- ##
## Cache variables. ##
## ---------------- ##

ac_cv_build='x86_64-unknown-linux-gnu'
ac_cv_c_bigendian='no'
ac_cv_c_compiler_gnu='yes'
ac_cv_cxx_compiler_gnu='yes'
ac_cv_env_CCC_set=''
ac_cv_env_CCC_value=''
ac_cv_env_CC_set='set'
ac_cv_env_CC_value='cc'
ac_cv_env_CFLAGS_set='set'
ac_cv_env_CFLAGS_value='-O'
ac_cv_env_CPPFLAGS_set='set'
ac_cv_env_CPPFLAGS_value=''
ac_cv_env_CPP_set=''
ac_cv_env_CPP_value=''
ac_cv_env_CXXCPP_set=''
ac_cv_env_CXXCPP_value=''
ac_cv_env_CXXFLAGS_set='set'
ac_cv_env_CXXFLAGS_value='-O'
ac_cv_env_CXX_set='set'
ac_cv_env_CXX_value='c++'
ac_cv_env_LDFLAGS_set='set'
ac_cv_env_LDFLAGS_value=' '
ac_cv_env_LIBS_set=''
ac_cv_env_LIBS_value=''
ac_cv_env_YACC_set='set'
ac_cv_env_YACC_value='/home/arthur/coding/minix/./obj.i386/tooldir.Linux-3.16.0-4-amd64-x86_64/bin/nbyacc'
ac_cv_env_YFLAGS_set=''
ac_cv_env_YFLAGS_value=''
ac_cv_env_build_alias_set='set'
ac_cv_env_build_alias_value='x86_64-unknown-linux-gnu'
ac_cv_env_host_alias_set='set'
ac_cv_env_host_alias_value='x86_64-unknown-linux-gnu'
ac_cv_env_target_alias_set='set'
ac_cv_env_target_alias_value='i586-elf32-minix'
ac_cv_func_chsize='no'
ac_cv_func_fallocate='yes'
ac_cv_func_ffsll='yes'
ac_cv_func_ftruncate='yes'
ac_cv_func_mallinfo='yes'
ac_cv_func_mmap='yes'
ac_cv_func_posix_fallocate='yes'
ac_cv_func_pread='yes'
ac_cv_func_readv='yes'
ac_cv_func_setlocale='yes'
ac_cv_func_sysconf='yes'
ac_cv_func_times='yes'
ac_cv_have_decl_asprintf='yes'
ac_cv_have_decl_basename='yes'
ac_cv_have_decl_ffs='yes'
ac_cv_have_decl_memmem='yes'
ac_cv_have_decl_snprintf='yes'
ac_cv_have_decl_strndup='yes'
ac_cv_have_decl_strverscmp='yes'
ac_cv_have_decl_vasprintf='yes'
ac_cv_have_decl_vsnprintf='yes'
ac_cv_header_byteswap_h='yes'
ac_cv_header_dlfcn_h='yes'
ac_cv_header_ext_hash_map='yes'
ac_cv_header_ext_hash_set='yes'
ac_cv_header_inttypes_h='yes'
ac_cv_header_locale_h='yes'
ac_cv_header_memory_h='yes'
ac_cv_header_minix_config_h='no'
ac_cv_header_stdc='yes'
ac_cv_header_stdint_h='yes'
ac_cv_header_stdlib_h='yes'
ac_cv_header_string_h='yes'
ac_cv_header_strings_h='yes'
ac_cv_header_sys_mman_h='yes'
ac_cv_header_sys_stat_h='yes'
ac_cv_header_sys_types_h='yes'
ac_cv_header_tr1_unordered_map='yes'
ac_cv_header_tr1_unordered_set='yes'
ac_cv_header_unistd_h='yes'
ac_cv_header_unordered_map='no'
ac_cv_header_unordered_set='no'
ac_cv_header_windows_h='no'
ac_cv_header_zlib_h='yes'
ac_cv_host='x86_64-unknown-linux-gnu'
ac_cv_objext='o'
ac_cv_path_EGREP='/bin/grep -E'
ac_cv_path_GMSGFMT='/usr/bin/msgfmt'
ac_cv_path_GREP='/bin/grep'
ac_cv_path_MSGFMT='/usr/bin/msgfmt'
ac_cv_path_MSGMERGE='/usr/bin/msgmerge'
ac_cv_path_XGETTEXT='/usr/bin/xgettext'
ac_cv_path_mkdir='/home/arthur/coding/minix/./obj.i386/tooldir.Linux-3.16.0-4-amd64-x86_64/bin/i586-elf32-minix-install -d'
ac_cv_prog_AWK='/home/arthur/coding/minix/./obj.i386/tooldir.Linux-3.16.0-4-amd64-x86_64/bin/nbawk'
ac_cv_prog_CC='cc'
ac_cv_prog_CPP='cc -E'
ac_cv_prog_CXXCPP='c++ -E'
ac_cv_prog_NM='nm'
ac_cv_prog_RANLIB='ranlib'
ac_cv_prog_YACC='/home/arthur/coding/minix/./obj.i386/tooldir.Linux-3.16.0-4-amd64-x86_64/bin/nbyacc'
ac_cv_prog_cc_c89=''
ac_cv_prog_cc_g='yes'
ac_cv_prog_cxx_g='yes'
ac_cv_prog_make__home_arthur_coding_minix___obj_i386_tooldir_Linux_3_16_0_4_amd64_x86_64_bin_nbmake_set='no'
ac_cv_safe_to_define___extensions__='yes'
ac_cv_search_dlopen='-ldl'
ac_cv_search_zlibVersion='-lz'
ac_cv_target='i586-elf32-minix'
am_cv_CC_dependencies_compiler_type='none'
am_cv_CXX_dependencies_compiler_type='none'
am_cv_val_LC_MESSAGES='yes'
gold_cv_c_random_seed='yes'
gold_cv_c_thread='yes'
gold_cv_c_threadprivate='yes'
gold_cv_hash_off_t='yes'
gold_cv_lib_glibc24='yes'
gold_cv_lib_glibc29='yes'
gold_cv_lib_glibc_ifunc='both'
gold_cv_lib_mremap_maymove='yes'
gold_cv_lib_static='yes'
gold_cv_prog_gcc41='yes'
gold_cv_stat_st_mtim='yes'
gold_cv_template_attribute='yes'
gold_cv_unordered_map_rehash='yes'

## ----------------- ##
## Output variables. ##
## ----------------- ##

ACLOCAL='${SHELL} /home/arthur/coding/minix/external/gpl3/binutils/dist/missing --run aclocal-1.11'
AMDEPBACKSLASH='\'
AMDEP_FALSE='#'
AMDEP_TRUE=''
AMTAR='${SHELL} /home/arthur/coding/minix/external/gpl3/binutils/dist/missing --run tar'
AUTOCONF='${SHELL} /home/arthur/coding/minix/external/gpl3/binutils/dist/missing --run autoconf'
AUTOHEADER='${SHELL} /home/arthur/coding/minix/external/gpl3/binutils/dist/missing --run autoheader'
AUTOMAKE='${SHELL} /home/arthur/coding/minix/external/gpl3/binutils/dist/missing --run automake-1.11'
AWK='/home/arthur/coding/minix/./obj.i386/tooldir.Linux-3.16.0-4-amd64-x86_64/bin/nbawk'
CATALOGS=''
CATOBJEXT=''
CC='cc'
CCDEPMODE='depmode=none'
CFLAGS='-O'
CPP='cc -E'
CPPFLAGS=''
CXX='c++'
CXXCPP='c++ -E'
CXXDEPMODE='depmode=none'
CXXFLAGS=''
CYGPATH_W='echo'
DATADIRNAME=''
DEFAULT_TARGET_ARM_FALSE=''
DEFAULT_TARGET_ARM_TRUE='#'
DEFAULT_TARGET_I386_FALSE='#'
DEFAULT_TARGET_I386_TRUE=''
DEFAULT_TARGET_POWERPC_FALSE=''
DEFAULT_TARGET_POWERPC_TRUE='#'
DEFAULT_TARGET_SPARC_FALSE=''
DEFAULT_TARGET_SPARC_TRUE='#'
DEFAULT_TARGET_X86_64_FALSE=''
DEFAULT_TARGET_X86_64_TRUE='#'
DEFS='-DHAVE_CONFIG_H'
DEPDIR='.deps'
DLOPEN_LIBS='-ldl'
ECHO_C=''
ECHO_N='-n'
ECHO_T=''
EGREP='/bin/grep -E'
EXEEXT=''
FN_PTRS_IN_SO_WITHOUT_PIC_FALSE='#'
FN_PTRS_IN_SO_WITHOUT_PIC_TRUE=''
GCC_FALSE='#'
GCC_TRUE=''
GENCAT=''
GMSGFMT='/usr/bin/msgfmt'
GOLD_LDADD=''
GOLD_LDFLAGS=''
GREP='/bin/grep'
HAVE_PUBNAMES_FALSE='#'
HAVE_PUBNAMES_TRUE=''
HAVE_STATIC_FALSE='#'
HAVE_STATIC_TRUE=''
HAVE_ZLIB_FALSE='#'
HAVE_ZLIB_TRUE=''
IFUNC_FALSE='#'
IFUNC_STATIC_FALSE='#'
IFUNC_STATIC_TRUE=''
IFUNC_TRUE=''
INCINTL=''
INSTALL_DATA='${INSTALL} -m 644'
INSTALL_PROGRAM='${INSTALL}'
INSTALL_SCRIPT='${INSTALL}'
INSTALL_STRIP_PROGRAM='$(install_sh) -c -s'
INSTOBJEXT=''
LDFLAGS=' '
LFS_CFLAGS='-D_LARGEFILE_SOURCE -D_FILE_OFFSET_BITS=64'
LIBINTL=''
LIBINTL_DEP=''
LIBOBJS=''
LIBS='-ldl -lz '
LN_S='ln -s'
LTLIBOBJS=''
MAINT='#'
MAINTAINER_MODE_FALSE=''
MAINTAINER_MODE_TRUE='#'
MAKEINFO='/home/arthur/coding/minix/./obj.i386/tooldir.Linux-3.16.0-4-amd64-x86_64/bin/nbmakeinfo'
MCMODEL_MEDIUM_FALSE=''
MCMODEL_MEDIUM_TRUE='#'
MKDIR_P='/home/arthur/coding/minix/./obj.i386/tooldir.Linux-3.16.0-4-amd64-x86_64/bin/i586-elf32-minix-install -d -p'
MKINSTALLDIRS='/home/arthur/coding/minix/tools/binutils/../../external/gpl3/binutils/dist/gold/../mkinstalldirs'
MSGFMT='/usr/bin/msgfmt'
MSGMERGE='/usr/bin/msgmerge'
NATIVE_LINKER_FALSE=''
NATIVE_LINKER_TRUE='#'
NATIVE_OR_CROSS_LINKER_FALSE='#'
NATIVE_OR_CROSS_LINKER_TRUE=''
NM='nm'
NO_WERROR=''
OBJEXT='o'
OMP_SUPPORT_FALSE='#'
OMP_SUPPORT_TRUE=''
PACKAGE='gold'
PACKAGE_BUGREPORT=''
PACKAGE_NAME='gold'
PACKAGE_STRING='gold 0.1'
PACKAGE_TARNAME='gold'
PACKAGE_URL=''
PACKAGE_VERSION='0.1'
PATH_SEPARATOR=':'
PLUGINS_FALSE='#'
PLUGINS_TRUE=''
POSUB=''
RANDOM_SEED_CFLAGS='-frandom-seed=$@'
RANLIB='ranlib'
SET_MAKE='MAKE=/home/arthur/coding/minix/./obj.i386/tooldir.Linux-3.16.0-4-amd64-x86_64/bin/nbmake'
SHELL='/bin/sh'
STATIC_TLS_FALSE='#'
STATIC_TLS_TRUE=''
STRIP=''
TARGETOBJS='$(ALL_TARGETOBJS)'
THREADS_FALSE=''
THREADS_TRUE='#'
TLS_DESCRIPTORS_FALSE='#'
TLS_DESCRIPTORS_TRUE=''
TLS_FALSE='#'
TLS_GNU2_DIALECT_FALSE='#'
TLS_GNU2_DIALECT_TRUE=''
TLS_TRUE=''
USE_NLS='no'
VERSION='0.1'
WARN_CFLAGS='-W -Wall -Wstrict-prototypes -Wmissing-prototypes -Wshadow'
WARN_CXXFLAGS='-W -Wall   '
XGETTEXT='/usr/bin/xgettext'
YACC='/home/arthur/coding/minix/./obj.i386/tooldir.Linux-3.16.0-4-amd64-x86_64/bin/nbyacc'
YFLAGS=''
ac_ct_CC=''
ac_ct_CXX=''
am__EXEEXT_FALSE=''
am__EXEEXT_TRUE='#'
am__fastdepCC_FALSE=''
am__fastdepCC_TRUE='#'
am__fastdepCXX_FALSE=''
am__fastdepCXX_TRUE='#'
am__include='#'
am__isrc=' -I$(srcdir)'
am__leading_dot='.'
am__quote=''
am__tar='${AMTAR} chof - "$$tardir"'
am__untar='${AMTAR} xf -'
bindir='${exec_prefix}/bin'
build='x86_64-unknown-linux-gnu'
build_alias='x86_64-unknown-linux-gnu'
build_cpu='x86_64'
build_os='linux-gnu'
build_vendor='unknown'
datadir='${datarootdir}'
datarootdir='${prefix}/share'
docdir='${datarootdir}/doc/${PACKAGE_TARNAME}'
dvidir='${docdir}'
exec_prefix='${prefix}'
host='x86_64-unknown-linux-gnu'
host_alias='x86_64-unknown-linux-gnu'
host_cpu='x86_64'
host_os='linux-gnu'
host_vendor='unknown'
htmldir='${docdir}'
includedir='${prefix}/include'
infodir='${datarootdir}/info'
install_as_default=''
install_sh='${SHELL} /home/arthur/coding/minix/external/gpl3/binutils/dist/install-sh'
installed_linker='ld.gold'
libdir='${exec_prefix}/lib'
libexecdir='${exec_prefix}/libexec'
localedir='${datarootdir}/locale'
localstatedir='${prefix}/var'
mandir='${datarootdir}/man'
mkdir_p='/home/arthur/coding/minix/./obj.i386/tooldir.Linux-3.16.0-4-amd64-x86_64/bin/i586-elf32-minix-install -d -p'
oldincludedir='/usr/include'
pdfdir='${docdir}'
prefix='/home/arthur/coding/minix/./obj.i386/tooldir.Linux-3.16.0-4-amd64-x86_64'
program_transform_name='s,^,i586-elf32-minix-,'
psdir='${docdir}'
sbindir='${exec_prefix}/sbin'
sharedstatedir='${prefix}/com'
sysconfdir='${prefix}/etc'
target='i586-elf32-minix'
target_alias='i586-elf32-minix'
target_cpu='i586'
target_os='minix'
target_vendor='elf32'

## ----------- ##
## confdefs.h. ##
## ----------- ##

/* confdefs.h */
#define PACKAGE_NAME "gold"
#define PACKAGE_TARNAME "gold"
#define PACKAGE_VERSION "0.1"
#define PACKAGE_STRING "gold 0.1"
#define PACKAGE_BUGREPORT ""
#define PACKAGE_URL ""
#define PACKAGE "gold"
#define VERSION "0.1"
#define TARGET_SYSTEM_ROOT "${exec_prefix}/${target_alias}/sys-root"
#define TARGET_SYSTEM_ROOT_RELOCATABLE 0
#define ENABLE_PLUGINS 1
#define HAVE_TARGET_32_LITTLE 1
#define HAVE_TARGET_32_BIG 1
#define HAVE_TARGET_64_LITTLE 1
#define HAVE_TARGET_64_BIG 1
#define GOLD_DEFAULT_MACHINE EM_386
#define GOLD_DEFAULT_SIZE 32
#define GOLD_DEFAULT_BIG_ENDIAN false
#define GOLD_DEFAULT_OSABI ELFOSABI_NONE
#define LIB_PATH "=/usr/lib"
#define STDC_HEADERS 1
#define HAVE_SYS_TYPES_H 1
#define HAVE_SYS_STAT_H 1
#define HAVE_STDLIB_H 1
#define HAVE_STRING_H 1
#define HAVE_MEMORY_H 1
#define HAVE_STRINGS_H 1
#define HAVE_INTTYPES_H 1
#define HAVE_STDINT_H 1
#define HAVE_UNISTD_H 1
#define __EXTENSIONS__ 1
#define _ALL_SOURCE 1
#define _GNU_SOURCE 1
#define _POSIX_PTHREAD_SEMANTICS 1
#define _TANDEM_SOURCE 1
#define HAVE_OMP_SUPPORT 1
#define HAVE_SYS_MMAN_H 1
#define HAVE_MMAP 1
#define HAVE_PREAD 1
#define HAVE_FTRUNCATE 1
#define HAVE_FFSLL 1
#define HAVE_MREMAP 1
#define HAVE_ZLIB_H 1
#define HAVE_DECL_BASENAME 1
#define HAVE_DECL_FFS 1
#define HAVE_DECL_ASPRINTF 1
#define HAVE_DECL_VASPRINTF 1
#define HAVE_DECL_SNPRINTF 1
#define HAVE_DECL_VSNPRINTF 1
#define HAVE_DECL_STRVERSCMP 1
#define HAVE_TR1_UNORDERED_SET 1
#define HAVE_TR1_UNORDERED_MAP 1
#define HAVE_EXT_HASH_MAP 1
#define HAVE_EXT_HASH_SET 1
#define HAVE_BYTESWAP_H 1
#define HAVE_DLFCN_H 1
#define HAVE_MALLINFO 1
#define HAVE_POSIX_FALLOCATE 1
#define HAVE_FALLOCATE 1
#define HAVE_READV 1
#define HAVE_SYSCONF 1
#define HAVE_TIMES 1
#define HAVE_DECL_BASENAME 1
#define HAVE_DECL_FFS 1
#define HAVE_DECL_ASPRINTF 1
#define HAVE_DECL_VASPRINTF 1
#define HAVE_DECL_SNPRINTF 1
#define HAVE_DECL_VSNPRINTF 1
#define HAVE_DECL_STRVERSCMP 1
#define HAVE_DECL_STRNDUP 1
#define HAVE_DECL_MEMMEM 1
#define HAVE_TR1_UNORDERED_MAP_REHASH 1
#define HAVE_TR1_HASH_OFF_T 1
#define HAVE_TEMPLATE_ATTRIBUTES 1
#define HAVE_STAT_ST_MTIM 1
#define HAVE_LOCALE_H 1
#define HAVE_SETLOCALE 1
#define HAVE_LC_MESSAGES 1

configure: exit 0
